Sep-24 17:20:17.259 [main] DEBUG nextflow.cli.Launcher - $> /home/skevin/miniconda3/bin/nextflow run src/ngs_pipelines/align_dna_test.nf --runID 1 --runPlatform thor --dataDir data/rb_fastq/trio_fastq/
Sep-24 17:20:17.331 [main] INFO  nextflow.cli.CmdRun - N E X T F L O W  ~  version 0.31.1
Sep-24 17:20:17.339 [main] INFO  nextflow.cli.CmdRun - Launching `src/ngs_pipelines/align_dna_test.nf` [furious_golick] - revision: 68642a87a9
Sep-24 17:20:17.350 [main] DEBUG nextflow.config.ConfigBuilder - Found config base: /dataVolume/storage/rb_pipeline/src/ngs_pipelines/nextflow.config
Sep-24 17:20:17.351 [main] DEBUG nextflow.config.ConfigBuilder - Parsing config file: /dataVolume/storage/rb_pipeline/src/ngs_pipelines/nextflow.config
Sep-24 17:20:17.370 [main] DEBUG nextflow.config.ConfigBuilder - Applying config profile: `standard`
Sep-24 17:20:17.622 [main] DEBUG nextflow.Session - Session uuid: dc621f70-c129-4c94-80e3-0ac965c89af7
Sep-24 17:20:17.622 [main] DEBUG nextflow.Session - Run name: furious_golick
Sep-24 17:20:17.623 [main] DEBUG nextflow.Session - Executor pool size: 8
Sep-24 17:20:17.631 [main] DEBUG nextflow.cli.CmdRun - 
  Version: 0.31.1 build 4886
  Modified: 07-08-2018 15:53 UTC (08:53 PDT)
  System: Linux 4.4.0-116-generic
  Runtime: Groovy 2.4.15 on OpenJDK 64-Bit Server VM 1.8.0_181-8u181-b13-0ubuntu0.16.04.1-b13
  Encoding: UTF-8 (UTF-8)
  Process: 25078@cobrinik-srt [127.0.1.1]
  CPUs: 8 - Mem: 62.8 GB (9.5 GB) - Swap: 11.2 GB (11.1 GB)
Sep-24 17:20:17.648 [main] DEBUG nextflow.Session - Work-dir: /dataVolume/storage/rb_pipeline/work [ext2/ext3]
Sep-24 17:20:17.649 [main] DEBUG nextflow.Session - Script base path does not exist or is not a directory: /dataVolume/storage/rb_pipeline/src/ngs_pipelines/bin
Sep-24 17:20:17.707 [main] DEBUG nextflow.Session - Session start invoked
Sep-24 17:20:17.709 [main] DEBUG nextflow.processor.TaskDispatcher - Dispatcher > start
Sep-24 17:20:17.709 [main] DEBUG nextflow.script.ScriptRunner - > Script parsing
Sep-24 17:20:17.733 [main] DEBUG nextflow.Session - Using default localLib path: /dataVolume/storage/rb_pipeline/src/ngs_pipelines/lib
Sep-24 17:20:17.738 [main] DEBUG nextflow.script.ScriptRunner - Adding to the classpath library: /dataVolume/storage/rb_pipeline/src/ngs_pipelines/lib
Sep-24 17:20:17.849 [main] DEBUG nextflow.script.ScriptRunner - > Launching execution
Sep-24 17:20:17.868 [main] DEBUG nextflow.file.PathVisitor - files for syntax: glob; folder: data/rb_fastq/trio_fastq/fastq/original/; pattern: *_{R,}1.fastq.gz; options: [:]
Sep-24 17:20:17.875 [pool-3-thread-1] DEBUG nextflow.file.PathVisitor - No such file: data/rb_fastq/trio_fastq/fastq/original/ -- Skipping visit
Sep-24 17:20:17.879 [main] DEBUG nextflow.file.PathVisitor - files for syntax: glob; folder: data/rb_fastq/trio_fastq/fastq/original/; pattern: *_{R,}2.fastq.gz; options: [:]
Sep-24 17:20:17.882 [pool-3-thread-1] DEBUG nextflow.file.PathVisitor - No such file: data/rb_fastq/trio_fastq/fastq/original/ -- Skipping visit
Sep-24 17:20:18.075 [main] DEBUG nextflow.processor.ProcessFactory - << taskConfig executor: null
Sep-24 17:20:18.075 [main] DEBUG nextflow.processor.ProcessFactory - >> processorType: 'local'
Sep-24 17:20:18.080 [main] DEBUG nextflow.executor.Executor - Initializing executor: local
Sep-24 17:20:18.081 [main] INFO  nextflow.executor.Executor - [warm up] executor > local
Sep-24 17:20:18.084 [main] DEBUG n.processor.LocalPollingMonitor - Creating local task monitor for executor 'local' > cpus=8; memory=62.8 GB; capacity=8; pollInterval=100ms; dumpInterval=5m
Sep-24 17:20:18.089 [main] DEBUG nextflow.processor.TaskDispatcher - Starting monitor: LocalPollingMonitor
Sep-24 17:20:18.090 [main] DEBUG n.processor.TaskPollingMonitor - >>> barrier register (monitor: local)
Sep-24 17:20:18.091 [main] DEBUG nextflow.executor.Executor - Invoke register for executor: local
Sep-24 17:20:18.111 [main] DEBUG nextflow.Session - >>> barrier register (process: runFastQCOriginal)
Sep-24 17:20:18.113 [main] DEBUG nextflow.processor.TaskProcessor - Creating operator > runFastQCOriginal -- maxForks: 8
Sep-24 17:20:18.129 [main] DEBUG nextflow.script.ScriptRunner - > Await termination 
Sep-24 17:20:18.129 [main] DEBUG nextflow.Session - Session await
Sep-24 17:20:18.133 [Actor Thread 2] DEBUG nextflow.Session - <<< barrier arrive (process: runFastQCOriginal)
Sep-24 17:20:18.133 [main] DEBUG nextflow.Session - Session await > all process finished
Sep-24 17:20:18.194 [Task monitor] DEBUG n.processor.TaskPollingMonitor - <<< barrier arrives (monitor: local)
Sep-24 17:20:18.195 [main] DEBUG nextflow.Session - Session await > all barriers passed
Sep-24 17:20:18.203 [main] DEBUG nextflow.trace.StatsObserver - Workflow completed > WorkflowStats[succeedCount=0; failedCount=0; ignoredCount=0; cachedCount=0; succeedDuration=0ms; failedDuration=0ms; cachedDuration=0ms]
Sep-24 17:20:18.212 [main] DEBUG nextflow.CacheDB - Closing CacheDB done
Sep-24 17:20:18.224 [main] DEBUG nextflow.script.ScriptRunner - > Execution complete -- Goodbye
