$WIG
[1] "results/readDepth/C_28.bin50000.wig"

$NORMWIG
[1] "results/readDepth/N_28.bin50000.wig"

$gcLoading required package: data.table
Loading required package: stats4
Loading required package: BiocGenerics
Loading required package: parallel

Attaching package: 'BiocGenerics'

The following objects are masked from 'package:parallel':

    clusterApply, clusterApplyLB, clusterCall, clusterEvalQ,
    clusterExport, clusterMap, parApply, parCapply, parLapply,
    parLapplyLB, parRapply, parSapply, parSapplyLB

The following objects are masked from 'package:stats':

    IQR, mad, sd, var, xtabs

The following objects are masked from 'package:base':

    anyDuplicated, append, as.data.frame, basename, cbind, colnames,
    dirname, do.call, duplicated, eval, evalq, Filter, Find, get, grep,
    grepl, intersect, is.unsorted, lapply, Map, mapply, match, mget,
    order, paste, pmax, pmax.int, pmin, pmin.int, Position, rank,
    rbind, Reduce, rownames, sapply, setdiff, sort, table, tapply,
    union, unique, unsplit, which.max, which.min

Loading required package: S4Vectors

Attaching package: 'S4Vectors'

The following objects are masked from 'package:data.table':

    first, second

The following object is masked from 'package:base':

    expand.grid

Loading required package: IRanges

Attaching package: 'IRanges'

The following object is masked from 'package:data.table':

    shift

Loading required package: GenomeInfoDb

Attaching package: 'Biostrings'

The following object is masked from 'package:base':

    strsplit

Warning message:
In rep(as.integer(len), length = length(str)) :
  partial argument match of 'length' to 'length.out'
Loading tumour file:C_28
Slurping: results/readDepth/C_28.bin50000.wig
Parsing: fixedStep chrom=chr1 start=1 step=50000 span=50000
Parsing: fixedStep chrom=chr2 start=1 step=50000 span=50000
Parsing: fixedStep chrom=chr3 start=1 step=50000 span=50000
Parsing: fixedStep chrom=chr4 start=1 step=50000 span=50000
Parsing: fixedStep chrom=chr5 start=1 step=50000 span=50000
Parsing: fixedStep chrom=chr6 start=1 step=50000 span=50000
Parsing: fixedStep chrom=chr7 start=1 step=50000 span=50000
Parsing: fixedStep chrom=chr8 start=1 step=50000 span=50000
Parsing: fixedStep chrom=chr9 start=1 step=50000 span=50000
Parsing: fixedStep chrom=chr10 start=1 step=50000 span=50000
Parsing: fixedStep chrom=chr11 start=1 step=50000 span=50000
Parsing: fixedStep chrom=chr12 start=1 step=50000 span=50000
Parsing: fixedStep chrom=chr13 start=1 step=50000 span=50000
Parsing: fixedStep chrom=chr14 start=1 step=50000 span=50000
Parsing: fixedStep chrom=chr15 start=1 step=50000 span=50000
Parsing: fixedStep chrom=chr16 start=1 step=50000 span=50000
Parsing: fixedStep chrom=chr17 start=1 step=50000 span=50000
Parsing: fixedStep chrom=chr18 start=1 step=50000 span=50000
Parsing: fixedStep chrom=chr19 start=1 step=50000 span=50000
Parsing: fixedStep chrom=chr20 start=1 step=50000 span=50000
Parsing: fixedStep chrom=chr21 start=1 step=50000 span=50000
Parsing: fixedStep chrom=chr22 start=1 step=50000 span=50000
Parsing: fixedStep chrom=chrX start=1 step=50000 span=50000
Parsing: fixedStep chrom=chrY start=1 step=50000 span=50000
Sorting by decreasing chromosome size
Reading GC and mappability files
Slurping: /dataVolume/storage/rpkgs/ichorCNA/inst/extdata/gc_hg19_50kb.wig
Parsing: fixedStep chrom=1 start=1 step=50000 span=50000
Parsing: fixedStep chrom=2 start=1 step=50000 span=50000
Parsing: fixedStep chrom=3 start=1 step=50000 span=50000
Parsing: fixedStep chrom=4 start=1 step=50000 span=50000
Parsing: fixedStep chrom=5 start=1 step=50000 span=50000
Parsing: fixedStep chrom=6 start=1 step=50000 span=50000
Parsing: fixedStep chrom=7 start=1 step=50000 span=50000
Parsing: fixedStep chrom=8 start=1 step=50000 span=50000
Parsing: fixedStep chrom=9 start=1 step=50000 span=50000
Parsing: fixedStep chrom=10 start=1 step=50000 span=50000
Parsing: fixedStep chrom=11 start=1 step=50000 span=50000
Parsing: fixedStep chrom=12 start=1 step=50000 span=50000
Parsing: fixedStep chrom=13 start=1 step=50000 span=50000
Parsing: fixedStep chrom=14 start=1 step=50000 span=50000
Parsing: fixedStep chrom=15 start=1 step=50000 span=50000
Parsing: fixedStep chrom=16 start=1 step=50000 span=50000
Parsing: fixedStep chrom=17 start=1 step=50000 span=50000
Parsing: fixedStep chrom=18 start=1 step=50000 span=50000
Parsing: fixedStep chrom=19 start=1 step=50000 span=50000
Parsing: fixedStep chrom=20 start=1 step=50000 span=50000
Parsing: fixedStep chrom=21 start=1 step=50000 span=50000
Parsing: fixedStep chrom=22 start=1 step=50000 span=50000
Parsing: fixedStep chrom=X start=1 step=50000 span=50000
Parsing: fixedStep chrom=Y start=1 step=50000 span=50000
Sorting by decreasing chromosome size
Slurping: /dataVolume/storage/rpkgs/ichorCNA/inst/extdata/map_hg19_50kb.wig
Parsing: fixedStep chrom=1 start=1 step=50000 span=50000
Parsing: fixedStep chrom=2 start=1 step=50000 span=50000
Parsing: fixedStep chrom=3 start=1 step=50000 span=50000
Parsing: fixedStep chrom=4 start=1 step=50000 span=50000
Parsing: fixedStep chrom=5 start=1 step=50000 span=50000
Parsing: fixedStep chrom=6 start=1 step=50000 span=50000
Parsing: fixedStep chrom=7 start=1 step=50000 span=50000
Parsing: fixedStep chrom=8 start=1 step=50000 span=50000
Parsing: fixedStep chrom=9 start=1 step=50000 span=50000
Parsing: fixedStep chrom=10 start=1 step=50000 span=50000
Parsing: fixedStep chrom=11 start=1 step=50000 span=50000
Parsing: fixedStep chrom=12 start=1 step=50000 span=50000
Parsing: fixedStep chrom=13 start=1 step=50000 span=50000
Parsing: fixedStep chrom=14 start=1 step=50000 span=50000
Parsing: fixedStep chrom=15 start=1 step=50000 span=50000
Parsing: fixedStep chrom=16 start=1 step=50000 span=50000
Parsing: fixedStep chrom=17 start=1 step=50000 span=50000
Parsing: fixedStep chrom=18 start=1 step=50000 span=50000
Parsing: fixedStep chrom=19 start=1 step=50000 span=50000
Parsing: fixedStep chrom=20 start=1 step=50000 span=50000
Parsing: fixedStep chrom=21 start=1 step=50000 span=50000
Parsing: fixedStep chrom=22 start=1 step=50000 span=50000
Parsing: fixedStep chrom=X start=1 step=50000 span=50000
Parsing: fixedStep chrom=Y start=1 step=50000 span=50000
Sorting by decreasing chromosome size
Correcting Tumour
Removed 1495 bins near centromeres.
Applying filter on data...
Correcting for GC bias...
Correcting for mappability bias...
Filtering low uniqueness regions with mappability score < 0.9
Removed 65 bins near centromeres.
Loading normal file:results/readDepth/N_28.bin50000.wig
Slurping: results/readDepth/N_28.bin50000.wig
Parsing: fixedStep chrom=chr1 start=1 step=50000 span=50000
Parsing: fixedStep chrom=chr2 start=1 step=50000 span=50000
Parsing: fixedStep chrom=chr3 start=1 step=50000 span=50000
Parsing: fixedStep chrom=chr4 start=1 step=50000 span=50000
Parsing: fixedStep chrom=chr5 start=1 step=50000 span=50000
Parsing: fixedStep chrom=chr6 start=1 step=50000 span=50000
Parsing: fixedStep chrom=chr7 start=1 step=50000 span=50000
Parsing: fixedStep chrom=chr8 start=1 step=50000 span=50000
Parsing: fixedStep chrom=chr9 start=1 step=50000 span=50000
Parsing: fixedStep chrom=chr10 start=1 step=50000 span=50000
Parsing: fixedStep chrom=chr11 start=1 step=50000 span=50000
Parsing: fixedStep chrom=chr12 start=1 step=50000 span=50000
Parsing: fixedStep chrom=chr13 start=1 step=50000 span=50000
Parsing: fixedStep chrom=chr14 start=1 step=50000 span=50000
Parsing: fixedStep chrom=chr15 start=1 step=50000 span=50000
Parsing: fixedStep chrom=chr16 start=1 step=50000 span=50000
Parsing: fixedStep chrom=chr17 start=1 step=50000 span=50000
Parsing: fixedStep chrom=chr18 start=1 step=50000 span=50000
Parsing: fixedStep chrom=chr19 start=1 step=50000 span=50000
Parsing: fixedStep chrom=chr20 start=1 step=50000 span=50000
Parsing: fixedStep chrom=chr21 start=1 step=50000 span=50000
Parsing: fixedStep chrom=chr22 start=1 step=50000 span=50000
Parsing: fixedStep chrom=chrX start=1 step=50000 span=50000
Parsing: fixedStep chrom=chrY start=1 step=50000 span=50000
Sorting by decreasing chromosome size
Correcting Normal
Removed 1495 bins near centromeres.
Applying filter on data...
Correcting for GC bias...
Correcting for mappability bias...
Filtering low uniqueness regions with mappability score < 0.9
Removed 65 bins near centromeres.
Determining gender...Gender female
Normalizing Tumour by Normal
Outputting to: results/ichorCNA/C_28//C_28.correctedDepth.txt
Warning messages:
1: In quantile.default(x$reads[x$valid & chrInd], prob = c(0, 1 - routlier),  :
  partial argument match of 'prob' to 'probs'
2: In quantile.default(x$gc[x$valid & chrInd], prob = c(doutlier, 1 -  :
  partial argument match of 'prob' to 'probs'
3: In quantile.default(x$cor.gc[which(x$valid & chrInd)], prob = c(0,  :
  partial argument match of 'prob' to 'probs'
4: In regularize.values(x, y, ties, missing(ties), na.rm = na.rm) :
  collapsing to unique 'x' values
5: In quantile.default(x$reads[x$valid & chrInd], prob = c(0, 1 - routlier),  :
  partial argument match of 'prob' to 'probs'
6: In quantile.default(x$gc[x$valid & chrInd], prob = c(doutlier, 1 -  :
  partial argument match of 'prob' to 'probs'
7: In quantile.default(x$cor.gc[which(x$valid & chrInd)], prob = c(0,  :
  partial argument match of 'prob' to 'probs'
8: In regularize.values(x, y, ties, missing(ties), na.rm = na.rm) :
  collapsing to unique 'x' values
9: In match.call(definition, call, expand.dots, envir) :
  partial argument match of 'chr' to 'chrs'
runEM: Initialization
runEM iter1: Expectation
runEM iter1: Maximization
Sample1 n=0.3845, sp=0.001445, phi=1.915, lambda=66.138,167.21,60.896,91.125,25.045,51.989,45.352,142.12,15.131,138.67, F=13480
runEM iter 1  Log likelihood: 10240.2289607199
runEM iter1 Time: 0.87 min.
runEM iter2: Expectation
runEM iter2: Maximization
Sample1 n=0.3476, sp=0.0004433, phi=1.909, lambda=159.07,164.56,61.989,75.393,184.04,89.368,138.88,141.5,20.956,142.81, F=14390
runEM iter 2  Log likelihood: 14016.2705386931
runEM iter2 Time: 0.89 min.
runEM iter3: Expectation
runEM iter3: Maximization
Sample1 n=0.3401, sp=0.0004433, phi=1.909, lambda=158.81,164.07,61.584,74.286,169.53,140.62,139.03,141.36,21.948,141.86, F=14390
runEM iter 3  Log likelihood: 14419.633726844
runEM iter3 Time: 0.5 min.
runEM iter4: Expectation
runEM iter4: Maximization
Sample1 n=0.3346, sp=0.0004433, phi=1.909, lambda=157.84,164.04,57.987,72.753,161.69,182.08,139.24,141.17,22.645,140.02, F=14370
runEM iter 4  Log likelihood: 14420.7794626847
runEM iter4 Time: 0.64 min.
runEM iter4: Re-calculating responsibilties from converged parameters.
runEM: Using optimal parameters from iter4
runEM: Total elapsed time: 2.9min.
runViterbi: Segmenting and classifying
runEM: Initialization
runEM iter1: Expectation
runEM iter1: Maximization
Sample1 n=0.4288, sp=0.4979, phi=2.851, lambda=108.13,57.041,161.68,96.238,77.646,62.699,123.67,138.96,138.15,137.46, F=13460
runEM iter 1  Log likelihood: 10082.5122846042
runEM iter1 Time: 0.49 min.
runEM iter2: Expectation
runEM iter2: Maximization
Sample1 n=0.4055, sp=0.5319, phi=2.84, lambda=136.19,203.73,164.98,105.83,132.03,122.07,209.81,87.441,170.97,206.72, F=14520
runEM iter 2  Log likelihood: 14294.0137269332
runEM iter2 Time: 0.57 min.
runEM iter3: Expectation
runEM iter3: Maximization
Sample1 n=0.399, sp=0.5171, phi=2.833, lambda=139.23,172.76,167.38,111.95,146.52,134.55,206.49,89.21,175.89,292.86, F=14640
runEM iter 3  Log likelihood: 14699.640033229
runEM iter3 Time: 0.42 min.
runEM iter4: Expectation
runEM iter4: Maximization
Sample1 n=0.3989, sp=0.5016, phi=2.827, lambda=138.62,159.83,168.84,114.4,150.06,135.34,205.14,89.811,176.6,334.86, F=14640
runEM iter 4  Log likelihood: 14817.4546394855
runEM iter4 Time: 0.37 min.
runEM iter5: Expectation
runEM iter5: Maximization
Sample1 n=0.3989, sp=0.4868, phi=2.822, lambda=137.9,144.39,169.81,115.66,150.9,135.36,203.18,91.076,178.55,349.2, F=14620
runEM iter 5  Log likelihood: 14890.8291633139
runEM iter5 Time: 0.34 min.
runEM iter6: Expectation
runEM iter6: Maximization
Sample1 n=0.3986, sp=0.4715, phi=2.817, lambda=137.26,131.9,170.46,116.79,151.42,135.23,201.37,92.669,181.81,354.39, F=14590
runEM iter 6  Log likelihood: 14961.8389776244
runEM iter6 Time: 0.26 min.
runEM iter7: Expectation
runEM iter7: Maximization
Sample1 n=0.3986, sp=0.4581, phi=2.811, lambda=136.44,127.5,170.86,118.02,152.05,135.1,200.05,93.692,182.7,356.65, F=14550
runEM iter 7  Log likelihood: 15020.3735846387
runEM iter7 Time: 0.2 min.
runEM iter8: Expectation
runEM iter8: Maximization
Sample1 n=0.3986, sp=0.4474, phi=2.805, lambda=135.53,125.79,171.09,119.4,153.16,134.91,198.67,94.622,181.8,357.35, F=14500
runEM iter 8  Log likelihood: 15063.8836017302
runEM iter8 Time: 0.24 min.
runEM iter9: Expectation
runEM iter9: Maximization
Sample1 n=0.3983, sp=0.4385, phi=2.799, lambda=134.75,124.56,171.12,121.06,154.8,134.72,196.9,95.781,180.51,357.19, F=14430
runEM iter 9  Log likelihood: 15099.4716342089
runEM iter9 Time: 0.24 min.
runEM iter10: Expectation
runEM iter10: Maximization
Sample1 n=0.3979, sp=0.4304, phi=2.793, lambda=133.97,123.25,170.98,123.05,156.07,134.5,194.91,96.995,179.21,356.56, F=14360
runEM iter 10  Log likelihood: 15130.9524531674
runEM iter10 Time: 0.19 min.
runEM iter11: Expectation
runEM iter11: Maximization
Sample1 n=0.3977, sp=0.4228, phi=2.787, lambda=133.09,121.9,170.8,125.02,156.36,134.26,193.04,98.075,178.03,355.63, F=14280
runEM iter 11  Log likelihood: 15160.5871250913
runEM iter11 Time: 0.22 min.
runEM iter12: Expectation
runEM iter12: Maximization
Sample1 n=0.3976, sp=0.4155, phi=2.781, lambda=132.19,120.41,170.57,126.57,156.15,133.95,191.12,99.138,176.9,354.14, F=14200
runEM iter 12  Log likelihood: 15189.4689360294
runEM iter12 Time: 0.21 min.
runEM iter13: Expectation
runEM iter13: Maximization
Sample1 n=0.3974, sp=0.4089, phi=2.775, lambda=131.2,118.92,170.23,127.74,155.74,133.67,189.11,100.19,175.78,351.63, F=14130
runEM iter 13  Log likelihood: 15217.5182414043
runEM iter13 Time: 0.17 min.
runEM iter14: Expectation
runEM iter14: Maximization
Sample1 n=0.3973, sp=0.403, phi=2.769, lambda=130.22,117.37,169.89,128.63,155.28,133.31,187.06,101.26,174.87,348.43, F=14050
runEM iter 14  Log likelihood: 15243.1367974626
runEM iter14 Time: 0.22 min.
runEM iter15: Expectation
runEM iter15: Maximization
Sample1 n=0.3972, sp=0.398, phi=2.763, lambda=129.27,115.89,169.44,129.33,154.78,132.9,184.97,102.3,174.07,344.58, F=13990
runEM iter 15  Log likelihood: 15265.3453621186
runEM iter15 Time: 0.19 min.
runEM iter16: Expectation
runEM iter16: Maximization
Sample1 n=0.397, sp=0.3938, phi=2.758, lambda=128.37,114.49,168.94,129.89,154.27,132.6,182.8,103.3,173.34,340.41, F=13930
runEM iter 16  Log likelihood: 15284.3310367762
runEM iter16 Time: 0.23 min.
runEM iter17: Expectation
runEM iter17: Maximization
Sample1 n=0.3968, sp=0.3903, phi=2.753, lambda=127.53,113.15,168.41,130.48,153.73,132.27,180.65,104.32,172.74,336.19, F=13880
runEM iter 17  Log likelihood: 15300.276497862
runEM iter17 Time: 0.2 min.
runEM iter18: Expectation
runEM iter18: Maximization
Sample1 n=0.3966, sp=0.3875, phi=2.748, lambda=126.82,111.89,167.87,131.14,153.18,131.9,178.55,105.38,172.28,332.19, F=13840
runEM iter 18  Log likelihood: 15313.0614478005
runEM iter18 Time: 0.18 min.
runEM iter18: Re-calculating responsibilties from converged parameters.
runEM: Using optimal parameters from iter18
runEM: Total elapsed time: 4.9min.
runViterbi: Segmenting and classifying
Warning messages:
1: In match.call(definition, call, expand.dots, envir) :
  partial argument match of 'e.same' to 'e.sameState'
2: In getDefaultParameters(logR[valid & chrInd, , drop = F], maxCN = maxCN,  :
  partial argument match of 'e.same' to 'e.sameState'
3: partial match of 'ct.sc' to 'ct.sc.status' 
4: In viterbiResults$state : partial match of 'state' to 'states'
5: In viterbiResults$state : partial match of 'state' to 'states'
6: In getDefaultParameters(logR[valid & chrInd, , drop = F], maxCN = maxCN,  :
  partial argument match of 'e.same' to 'e.sameState'
7: partial match of 'ct.sc' to 'ct.sc.status' 
8: In viterbiResults$state : partial match of 'state' to 'states'
9: In viterbiResults$state : partial match of 'state' to 'states'
Total ULP-WGS HMM Runtime: 8 min.
Writing segments to results/ichorCNA/C_28//C_28.seg
Outputting to bin-level results to results/ichorCNA/C_28//C_28.cna.seg
Warning message:
partial match of 'copy.num' to 'copy.number' 
Warning messages:
1: In seq.default(a[1L], b[1L], length = M[1L]) :
  partial argument match of 'length' to 'length.out'
2: In seq.default(a[2L], b[2L], length = M[2L]) :
  partial argument match of 'length' to 'length.out'
3: In quantile.default(correctOutput$cor.gc[correctOutput$ideal], prob = c(0,  :
  partial argument match of 'prob' to 'probs'
4: In seq.default(a[1L], b[1L], length = M[1L]) :
  partial argument match of 'length' to 'length.out'
5: In seq.default(a[2L], b[2L], length = M[2L]) :
  partial argument match of 'length' to 'length.out'
6: In seq.default(a[1L], b[1L], length = M[1L]) :
  partial argument match of 'length' to 'length.out'
7: In seq.default(a[2L], b[2L], length = M[2L]) :
  partial argument match of 'length' to 'length.out'
8: In quantile.default(correctOutput$cor.map, prob = c(0, 1 - coutlier),  :
  partial argument match of 'prob' to 'probs'
9: In seq.default(a[1L], b[1L], length = M[1L]) :
  partial argument match of 'length' to 'length.out'
10: In seq.default(a[2L], b[2L], length = M[2L]) :
  partial argument match of 'length' to 'length.out'
