$WIG
[1] "results/readDepth/C_29.bin50000.wig"

$NORMWIG
[1] "results/readDepth/N_29.bin50000.wig"

$gcLoading required package: data.table
Loading required package: stats4
Loading required package: BiocGenerics
Loading required package: parallel

Attaching package: 'BiocGenerics'

The following objects are masked from 'package:parallel':

    clusterApply, clusterApplyLB, clusterCall, clusterEvalQ,
    clusterExport, clusterMap, parApply, parCapply, parLapply,
    parLapplyLB, parRapply, parSapply, parSapplyLB

The following objects are masked from 'package:stats':

    IQR, mad, sd, var, xtabs

The following objects are masked from 'package:base':

    anyDuplicated, append, as.data.frame, basename, cbind, colnames,
    dirname, do.call, duplicated, eval, evalq, Filter, Find, get, grep,
    grepl, intersect, is.unsorted, lapply, Map, mapply, match, mget,
    order, paste, pmax, pmax.int, pmin, pmin.int, Position, rank,
    rbind, Reduce, rownames, sapply, setdiff, sort, table, tapply,
    union, unique, unsplit, which.max, which.min

Loading required package: S4Vectors

Attaching package: 'S4Vectors'

The following objects are masked from 'package:data.table':

    first, second

The following object is masked from 'package:base':

    expand.grid

Loading required package: IRanges

Attaching package: 'IRanges'

The following object is masked from 'package:data.table':

    shift

Loading required package: GenomeInfoDb

Attaching package: 'Biostrings'

The following object is masked from 'package:base':

    strsplit

Warning message:
In rep(as.integer(len), length = length(str)) :
  partial argument match of 'length' to 'length.out'
Loading tumour file:C_29
Slurping: results/readDepth/C_29.bin50000.wig
Parsing: fixedStep chrom=chr1 start=1 step=50000 span=50000
Parsing: fixedStep chrom=chr2 start=1 step=50000 span=50000
Parsing: fixedStep chrom=chr3 start=1 step=50000 span=50000
Parsing: fixedStep chrom=chr4 start=1 step=50000 span=50000
Parsing: fixedStep chrom=chr5 start=1 step=50000 span=50000
Parsing: fixedStep chrom=chr6 start=1 step=50000 span=50000
Parsing: fixedStep chrom=chr7 start=1 step=50000 span=50000
Parsing: fixedStep chrom=chr8 start=1 step=50000 span=50000
Parsing: fixedStep chrom=chr9 start=1 step=50000 span=50000
Parsing: fixedStep chrom=chr10 start=1 step=50000 span=50000
Parsing: fixedStep chrom=chr11 start=1 step=50000 span=50000
Parsing: fixedStep chrom=chr12 start=1 step=50000 span=50000
Parsing: fixedStep chrom=chr13 start=1 step=50000 span=50000
Parsing: fixedStep chrom=chr14 start=1 step=50000 span=50000
Parsing: fixedStep chrom=chr15 start=1 step=50000 span=50000
Parsing: fixedStep chrom=chr16 start=1 step=50000 span=50000
Parsing: fixedStep chrom=chr17 start=1 step=50000 span=50000
Parsing: fixedStep chrom=chr18 start=1 step=50000 span=50000
Parsing: fixedStep chrom=chr19 start=1 step=50000 span=50000
Parsing: fixedStep chrom=chr20 start=1 step=50000 span=50000
Parsing: fixedStep chrom=chr21 start=1 step=50000 span=50000
Parsing: fixedStep chrom=chr22 start=1 step=50000 span=50000
Parsing: fixedStep chrom=chrX start=1 step=50000 span=50000
Parsing: fixedStep chrom=chrY start=1 step=50000 span=50000
Sorting by decreasing chromosome size
Reading GC and mappability files
Slurping: /dataVolume/storage/rpkgs/ichorCNA/inst/extdata/gc_hg19_50kb.wig
Parsing: fixedStep chrom=1 start=1 step=50000 span=50000
Parsing: fixedStep chrom=2 start=1 step=50000 span=50000
Parsing: fixedStep chrom=3 start=1 step=50000 span=50000
Parsing: fixedStep chrom=4 start=1 step=50000 span=50000
Parsing: fixedStep chrom=5 start=1 step=50000 span=50000
Parsing: fixedStep chrom=6 start=1 step=50000 span=50000
Parsing: fixedStep chrom=7 start=1 step=50000 span=50000
Parsing: fixedStep chrom=8 start=1 step=50000 span=50000
Parsing: fixedStep chrom=9 start=1 step=50000 span=50000
Parsing: fixedStep chrom=10 start=1 step=50000 span=50000
Parsing: fixedStep chrom=11 start=1 step=50000 span=50000
Parsing: fixedStep chrom=12 start=1 step=50000 span=50000
Parsing: fixedStep chrom=13 start=1 step=50000 span=50000
Parsing: fixedStep chrom=14 start=1 step=50000 span=50000
Parsing: fixedStep chrom=15 start=1 step=50000 span=50000
Parsing: fixedStep chrom=16 start=1 step=50000 span=50000
Parsing: fixedStep chrom=17 start=1 step=50000 span=50000
Parsing: fixedStep chrom=18 start=1 step=50000 span=50000
Parsing: fixedStep chrom=19 start=1 step=50000 span=50000
Parsing: fixedStep chrom=20 start=1 step=50000 span=50000
Parsing: fixedStep chrom=21 start=1 step=50000 span=50000
Parsing: fixedStep chrom=22 start=1 step=50000 span=50000
Parsing: fixedStep chrom=X start=1 step=50000 span=50000
Parsing: fixedStep chrom=Y start=1 step=50000 span=50000
Sorting by decreasing chromosome size
Slurping: /dataVolume/storage/rpkgs/ichorCNA/inst/extdata/map_hg19_50kb.wig
Parsing: fixedStep chrom=1 start=1 step=50000 span=50000
Parsing: fixedStep chrom=2 start=1 step=50000 span=50000
Parsing: fixedStep chrom=3 start=1 step=50000 span=50000
Parsing: fixedStep chrom=4 start=1 step=50000 span=50000
Parsing: fixedStep chrom=5 start=1 step=50000 span=50000
Parsing: fixedStep chrom=6 start=1 step=50000 span=50000
Parsing: fixedStep chrom=7 start=1 step=50000 span=50000
Parsing: fixedStep chrom=8 start=1 step=50000 span=50000
Parsing: fixedStep chrom=9 start=1 step=50000 span=50000
Parsing: fixedStep chrom=10 start=1 step=50000 span=50000
Parsing: fixedStep chrom=11 start=1 step=50000 span=50000
Parsing: fixedStep chrom=12 start=1 step=50000 span=50000
Parsing: fixedStep chrom=13 start=1 step=50000 span=50000
Parsing: fixedStep chrom=14 start=1 step=50000 span=50000
Parsing: fixedStep chrom=15 start=1 step=50000 span=50000
Parsing: fixedStep chrom=16 start=1 step=50000 span=50000
Parsing: fixedStep chrom=17 start=1 step=50000 span=50000
Parsing: fixedStep chrom=18 start=1 step=50000 span=50000
Parsing: fixedStep chrom=19 start=1 step=50000 span=50000
Parsing: fixedStep chrom=20 start=1 step=50000 span=50000
Parsing: fixedStep chrom=21 start=1 step=50000 span=50000
Parsing: fixedStep chrom=22 start=1 step=50000 span=50000
Parsing: fixedStep chrom=X start=1 step=50000 span=50000
Parsing: fixedStep chrom=Y start=1 step=50000 span=50000
Sorting by decreasing chromosome size
Correcting Tumour
Removed 1495 bins near centromeres.
Applying filter on data...
Correcting for GC bias...
Correcting for mappability bias...
Filtering low uniqueness regions with mappability score < 0.9
Removed 65 bins near centromeres.
Loading normal file:results/readDepth/N_29.bin50000.wig
Slurping: results/readDepth/N_29.bin50000.wig
Parsing: fixedStep chrom=chr1 start=1 step=50000 span=50000
Parsing: fixedStep chrom=chr2 start=1 step=50000 span=50000
Parsing: fixedStep chrom=chr3 start=1 step=50000 span=50000
Parsing: fixedStep chrom=chr4 start=1 step=50000 span=50000
Parsing: fixedStep chrom=chr5 start=1 step=50000 span=50000
Parsing: fixedStep chrom=chr6 start=1 step=50000 span=50000
Parsing: fixedStep chrom=chr7 start=1 step=50000 span=50000
Parsing: fixedStep chrom=chr8 start=1 step=50000 span=50000
Parsing: fixedStep chrom=chr9 start=1 step=50000 span=50000
Parsing: fixedStep chrom=chr10 start=1 step=50000 span=50000
Parsing: fixedStep chrom=chr11 start=1 step=50000 span=50000
Parsing: fixedStep chrom=chr12 start=1 step=50000 span=50000
Parsing: fixedStep chrom=chr13 start=1 step=50000 span=50000
Parsing: fixedStep chrom=chr14 start=1 step=50000 span=50000
Parsing: fixedStep chrom=chr15 start=1 step=50000 span=50000
Parsing: fixedStep chrom=chr16 start=1 step=50000 span=50000
Parsing: fixedStep chrom=chr17 start=1 step=50000 span=50000
Parsing: fixedStep chrom=chr18 start=1 step=50000 span=50000
Parsing: fixedStep chrom=chr19 start=1 step=50000 span=50000
Parsing: fixedStep chrom=chr20 start=1 step=50000 span=50000
Parsing: fixedStep chrom=chr21 start=1 step=50000 span=50000
Parsing: fixedStep chrom=chr22 start=1 step=50000 span=50000
Parsing: fixedStep chrom=chrX start=1 step=50000 span=50000
Parsing: fixedStep chrom=chrY start=1 step=50000 span=50000
Sorting by decreasing chromosome size
Correcting Normal
Removed 1495 bins near centromeres.
Applying filter on data...
Correcting for GC bias...
Correcting for mappability bias...
Filtering low uniqueness regions with mappability score < 0.9
Removed 65 bins near centromeres.
Determining gender...Gender female
Normalizing Tumour by Normal
Outputting to: results/ichorCNA/C_29//C_29.correctedDepth.txt
Warning messages:
1: In quantile.default(x$reads[x$valid & chrInd], prob = c(0, 1 - routlier),  :
  partial argument match of 'prob' to 'probs'
2: In quantile.default(x$gc[x$valid & chrInd], prob = c(doutlier, 1 -  :
  partial argument match of 'prob' to 'probs'
3: In quantile.default(x$cor.gc[which(x$valid & chrInd)], prob = c(0,  :
  partial argument match of 'prob' to 'probs'
4: In regularize.values(x, y, ties, missing(ties), na.rm = na.rm) :
  collapsing to unique 'x' values
5: In quantile.default(x$reads[x$valid & chrInd], prob = c(0, 1 - routlier),  :
  partial argument match of 'prob' to 'probs'
6: In quantile.default(x$gc[x$valid & chrInd], prob = c(doutlier, 1 -  :
  partial argument match of 'prob' to 'probs'
7: In quantile.default(x$cor.gc[which(x$valid & chrInd)], prob = c(0,  :
  partial argument match of 'prob' to 'probs'
8: In regularize.values(x, y, ties, missing(ties), na.rm = na.rm) :
  collapsing to unique 'x' values
9: In match.call(definition, call, expand.dots, envir) :
  partial argument match of 'chr' to 'chrs'
runEM: Initialization
runEM iter1: Expectation
runEM iter1: Maximization
Sample1 n=0.5332, sp=0.002662, phi=2.089, lambda=84.506,152.13,146.35,345.8,149.86,189.8,189.77,192.4,13.353,193.5, F=16680
runEM iter 1  Log likelihood: 14168.6339208393
runEM iter1 Time: 0.95 min.
runEM iter2: Expectation
runEM iter2: Maximization
Sample1 n=0.5645, sp=0.139, phi=2.126, lambda=92.564,163.73,158.69,275.43,150.16,458.25,190.06,192.44,9.682,396.7, F=18530
runEM iter 2  Log likelihood: 18079.7754714631
runEM iter2 Time: 0.71 min.
runEM iter3: Expectation
runEM iter3: Maximization
Sample1 n=0.5847, sp=0.3642, phi=2.135, lambda=96.488,181.71,153.17,252.48,260.04,441.67,190.23,192.46,6.7846,384.56, F=19790
runEM iter 3  Log likelihood: 19177.6063222905
runEM iter3 Time: 0.56 min.
runEM iter4: Expectation
runEM iter4: Maximization
Sample1 n=0.593, sp=0.4847, phi=2.164, lambda=90.748,210.26,402.29,243.34,278.73,395.08,263.24,192.59,5.988,406.91, F=21240
runEM iter 4  Log likelihood: 21005.8986217561
runEM iter4 Time: 1.3 min.
runEM iter5: Expectation
runEM iter5: Maximization
Sample1 n=0.5982, sp=0.5341, phi=2.217, lambda=85.491,227.42,420.25,238.43,288.67,366.94,391.19,192.63,5.9083,420.74, F=22190
runEM iter 5  Log likelihood: 22207.1111476387
runEM iter5 Time: 1.2 min.
runEM iter6: Expectation
runEM iter6: Maximization
Sample1 n=0.5947, sp=0.5371, phi=2.288, lambda=80.496,240.3,408.79,242.97,289.78,346.59,441.81,192.66,6.3193,415.12, F=23070
runEM iter 6  Log likelihood: 22967.5995165593
runEM iter6 Time: 1.1 min.
runEM iter7: Expectation
runEM iter7: Maximization
Sample1 n=0.5871, sp=0.5156, phi=2.366, lambda=95.451,255.94,389.06,233.52,302.2,348.71,441.76,192.67,7.0775,412.07, F=24030
runEM iter 7  Log likelihood: 23730.3598944778
runEM iter7 Time: 0.73 min.
runEM iter8: Expectation
runEM iter8: Maximization
Sample1 n=0.5827, sp=0.4931, phi=2.437, lambda=229.84,274.89,378.83,247.09,313.29,323.55,450.68,192.69,7.8949,424.54, F=24790
runEM iter 8  Log likelihood: 24572.2277062714
runEM iter8 Time: 0.67 min.
runEM iter9: Expectation
runEM iter9: Maximization
Sample1 n=0.588, sp=0.4719, phi=2.493, lambda=258.24,297.7,381.2,243.94,335.07,323.44,457.49,192.7,8.4758,425.43, F=25220
runEM iter 9  Log likelihood: 25257.3840273107
runEM iter9 Time: 0.48 min.
runEM iter10: Expectation
runEM iter10: Maximization
Sample1 n=0.5928, sp=0.4578, phi=2.534, lambda=268.77,313.57,379.67,261.14,341.32,431.44,450.14,192.73,8.8778,423.32, F=25500
runEM iter 10  Log likelihood: 25669.1711009723
runEM iter10 Time: 0.88 min.
runEM iter11: Expectation
runEM iter11: Maximization
Sample1 n=0.5903, sp=0.4486, phi=2.56, lambda=287.97,324,380.4,240.54,337.45,496.64,443.4,192.82,9.3113,418.48, F=25610
runEM iter 11  Log likelihood: 25880.6860178804
runEM iter11 Time: 0.9 min.
runEM iter12: Expectation
runEM iter12: Maximization
Sample1 n=0.5883, sp=0.4466, phi=2.579, lambda=302.7,333.31,386.14,191.08,329.82,495.07,443.14,192.88,9.5882,407.44, F=25690
runEM iter 12  Log likelihood: 25988.2069679815
runEM iter12 Time: 0.5 min.
runEM iter13: Expectation
runEM iter13: Maximization
Sample1 n=0.5868, sp=0.444, phi=2.591, lambda=307.25,338.95,388.1,175.29,326.93,493.12,442.68,192.96,9.7939,400.93, F=25730
runEM iter 13  Log likelihood: 26042.5055215892
runEM iter13 Time: 0.34 min.
runEM iter14: Expectation
runEM iter14: Maximization
Sample1 n=0.5855, sp=0.4432, phi=2.599, lambda=311.17,343.12,387.84,171.41,327.24,491.72,441.89,193.05,9.9367,395.65, F=25730
runEM iter 14  Log likelihood: 26059.0526756293
runEM iter14 Time: 0.39 min.
runEM iter14: Re-calculating responsibilties from converged parameters.
runEM: Using optimal parameters from iter14
runEM: Total elapsed time: 11min.
runViterbi: Segmenting and classifying
runEM: Initialization
runEM iter1: Expectation
runEM iter1: Maximization
Sample1 n=0.5943, sp=0.4967, phi=2.915, lambda=53.481,266.95,197.68,294.05,173.3,192.89,222.1,193.3,192.92,191.03, F=19550
runEM iter 1  Log likelihood: 15441.3678761425
runEM iter1 Time: 0.57 min.
runEM iter2: Expectation
runEM iter2: Maximization
Sample1 n=0.6161, sp=0.545, phi=2.859, lambda=39.019,360.04,345.96,235.66,303.54,290.64,318.65,408.46,125.81,323.83, F=25270
runEM iter 2  Log likelihood: 24176.6053904198
runEM iter2 Time: 0.41 min.
runEM iter3: Expectation
runEM iter3: Maximization
Sample1 n=0.6341, sp=0.5555, phi=2.823, lambda=36.9,370.72,379.39,233.46,310.03,321.48,419.28,446.4,99.499,366.96, F=25780
runEM iter 3  Log likelihood: 25708.2934223708
runEM iter3 Time: 0.38 min.
runEM iter4: Expectation
runEM iter4: Maximization
Sample1 n=0.6441, sp=0.5558, phi=2.8, lambda=40.831,372.66,393.89,238.1,323.9,324.12,547.67,454.05,190.41,381.67, F=25920
runEM iter 4  Log likelihood: 26094.8556782458
runEM iter4 Time: 0.75 min.
runEM iter5: Expectation
runEM iter5: Maximization
Sample1 n=0.6483, sp=0.5444, phi=2.786, lambda=38.398,370.59,400.39,239.18,345.92,320.29,575.91,452.15,191.75,390.74, F=26010
runEM iter 5  Log likelihood: 26258.2342481049
runEM iter5 Time: 0.46 min.
runEM iter6: Expectation
runEM iter6: Maximization
Sample1 n=0.6501, sp=0.54, phi=2.777, lambda=37.251,367.75,405.27,238.78,368.29,314.66,577.13,450.53,192.24,391.52, F=26040
runEM iter 6  Log likelihood: 26308.178413401
runEM iter6 Time: 0.27 min.
runEM iter7: Expectation
runEM iter7: Maximization
Sample1 n=0.651, sp=0.5403, phi=2.771, lambda=36.635,366.04,407.74,237.96,378.41,311.91,580.21,450.34,239.48,390.85, F=26070
runEM iter 7  Log likelihood: 26339.4674772083
runEM iter7 Time: 0.43 min.
runEM iter8: Expectation
runEM iter8: Maximization
Sample1 n=0.6526, sp=0.5481, phi=2.763, lambda=35.719,369.85,409.58,236.19,379.01,312.43,580.05,450.96,271.55,390.6, F=26180
runEM iter 8  Log likelihood: 26445.7516335671
runEM iter8 Time: 0.22 min.
runEM iter9: Expectation
runEM iter9: Maximization
Sample1 n=0.6534, sp=0.5534, phi=2.758, lambda=35.215,369.05,410.49,235.64,378.07,312.97,579.84,450.82,286.22,390.72, F=26200
runEM iter 9  Log likelihood: 26470.5839941269
runEM iter9 Time: 0.25 min.
runEM iter9: Re-calculating responsibilties from converged parameters.
runEM: Using optimal parameters from iter9
runEM: Total elapsed time: 3.8min.
runViterbi: Segmenting and classifying
Warning messages:
1: In match.call(definition, call, expand.dots, envir) :
  partial argument match of 'e.same' to 'e.sameState'
2: In getDefaultParameters(logR[valid & chrInd, , drop = F], maxCN = maxCN,  :
  partial argument match of 'e.same' to 'e.sameState'
3: partial match of 'ct.sc' to 'ct.sc.status' 
4: In viterbiResults$state : partial match of 'state' to 'states'
5: In viterbiResults$state : partial match of 'state' to 'states'
6: In getDefaultParameters(logR[valid & chrInd, , drop = F], maxCN = maxCN,  :
  partial argument match of 'e.same' to 'e.sameState'
7: partial match of 'ct.sc' to 'ct.sc.status' 
8: In viterbiResults$state : partial match of 'state' to 'states'
9: In viterbiResults$state : partial match of 'state' to 'states'
Total ULP-WGS HMM Runtime: 15 min.
Writing segments to results/ichorCNA/C_29//C_29.seg
Outputting to bin-level results to results/ichorCNA/C_29//C_29.cna.seg
Warning message:
partial match of 'copy.num' to 'copy.number' 
Warning messages:
1: In seq.default(a[1L], b[1L], length = M[1L]) :
  partial argument match of 'length' to 'length.out'
2: In seq.default(a[2L], b[2L], length = M[2L]) :
  partial argument match of 'length' to 'length.out'
3: In quantile.default(correctOutput$cor.gc[correctOutput$ideal], prob = c(0,  :
  partial argument match of 'prob' to 'probs'
4: In seq.default(a[1L], b[1L], length = M[1L]) :
  partial argument match of 'length' to 'length.out'
5: In seq.default(a[2L], b[2L], length = M[2L]) :
  partial argument match of 'length' to 'length.out'
6: In seq.default(a[1L], b[1L], length = M[1L]) :
  partial argument match of 'length' to 'length.out'
7: In seq.default(a[2L], b[2L], length = M[2L]) :
  partial argument match of 'length' to 'length.out'
8: In quantile.default(correctOutput$cor.map, prob = c(0, 1 - coutlier),  :
  partial argument match of 'prob' to 'probs'
9: In seq.default(a[1L], b[1L], length = M[1L]) :
  partial argument match of 'length' to 'length.out'
10: In seq.default(a[2L], b[2L], length = M[2L]) :
  partial argument match of 'length' to 'length.out'
