$WIG
[1] "results/readDepth/C_33.bin50000.wig"

$NORMWIG
[1] "results/readDepth/N_33.bin50000.wig"

$gcLoading required package: data.table
Loading required package: stats4
Loading required package: BiocGenerics
Loading required package: parallel

Attaching package: 'BiocGenerics'

The following objects are masked from 'package:parallel':

    clusterApply, clusterApplyLB, clusterCall, clusterEvalQ,
    clusterExport, clusterMap, parApply, parCapply, parLapply,
    parLapplyLB, parRapply, parSapply, parSapplyLB

The following objects are masked from 'package:stats':

    IQR, mad, sd, var, xtabs

The following objects are masked from 'package:base':

    anyDuplicated, append, as.data.frame, basename, cbind, colnames,
    dirname, do.call, duplicated, eval, evalq, Filter, Find, get, grep,
    grepl, intersect, is.unsorted, lapply, Map, mapply, match, mget,
    order, paste, pmax, pmax.int, pmin, pmin.int, Position, rank,
    rbind, Reduce, rownames, sapply, setdiff, sort, table, tapply,
    union, unique, unsplit, which.max, which.min

Loading required package: S4Vectors

Attaching package: 'S4Vectors'

The following objects are masked from 'package:data.table':

    first, second

The following object is masked from 'package:base':

    expand.grid

Loading required package: IRanges

Attaching package: 'IRanges'

The following object is masked from 'package:data.table':

    shift

Loading required package: GenomeInfoDb

Attaching package: 'Biostrings'

The following object is masked from 'package:base':

    strsplit

Warning message:
In rep(as.integer(len), length = length(str)) :
  partial argument match of 'length' to 'length.out'
Loading tumour file:C_33
Slurping: results/readDepth/C_33.bin50000.wig
Parsing: fixedStep chrom=chr1 start=1 step=50000 span=50000
Parsing: fixedStep chrom=chr2 start=1 step=50000 span=50000
Parsing: fixedStep chrom=chr3 start=1 step=50000 span=50000
Parsing: fixedStep chrom=chr4 start=1 step=50000 span=50000
Parsing: fixedStep chrom=chr5 start=1 step=50000 span=50000
Parsing: fixedStep chrom=chr6 start=1 step=50000 span=50000
Parsing: fixedStep chrom=chr7 start=1 step=50000 span=50000
Parsing: fixedStep chrom=chr8 start=1 step=50000 span=50000
Parsing: fixedStep chrom=chr9 start=1 step=50000 span=50000
Parsing: fixedStep chrom=chr10 start=1 step=50000 span=50000
Parsing: fixedStep chrom=chr11 start=1 step=50000 span=50000
Parsing: fixedStep chrom=chr12 start=1 step=50000 span=50000
Parsing: fixedStep chrom=chr13 start=1 step=50000 span=50000
Parsing: fixedStep chrom=chr14 start=1 step=50000 span=50000
Parsing: fixedStep chrom=chr15 start=1 step=50000 span=50000
Parsing: fixedStep chrom=chr16 start=1 step=50000 span=50000
Parsing: fixedStep chrom=chr17 start=1 step=50000 span=50000
Parsing: fixedStep chrom=chr18 start=1 step=50000 span=50000
Parsing: fixedStep chrom=chr19 start=1 step=50000 span=50000
Parsing: fixedStep chrom=chr20 start=1 step=50000 span=50000
Parsing: fixedStep chrom=chr21 start=1 step=50000 span=50000
Parsing: fixedStep chrom=chr22 start=1 step=50000 span=50000
Parsing: fixedStep chrom=chrX start=1 step=50000 span=50000
Parsing: fixedStep chrom=chrY start=1 step=50000 span=50000
Sorting by decreasing chromosome size
Reading GC and mappability files
Slurping: /dataVolume/storage/rpkgs/ichorCNA/inst/extdata/gc_hg19_50kb.wig
Parsing: fixedStep chrom=1 start=1 step=50000 span=50000
Parsing: fixedStep chrom=2 start=1 step=50000 span=50000
Parsing: fixedStep chrom=3 start=1 step=50000 span=50000
Parsing: fixedStep chrom=4 start=1 step=50000 span=50000
Parsing: fixedStep chrom=5 start=1 step=50000 span=50000
Parsing: fixedStep chrom=6 start=1 step=50000 span=50000
Parsing: fixedStep chrom=7 start=1 step=50000 span=50000
Parsing: fixedStep chrom=8 start=1 step=50000 span=50000
Parsing: fixedStep chrom=9 start=1 step=50000 span=50000
Parsing: fixedStep chrom=10 start=1 step=50000 span=50000
Parsing: fixedStep chrom=11 start=1 step=50000 span=50000
Parsing: fixedStep chrom=12 start=1 step=50000 span=50000
Parsing: fixedStep chrom=13 start=1 step=50000 span=50000
Parsing: fixedStep chrom=14 start=1 step=50000 span=50000
Parsing: fixedStep chrom=15 start=1 step=50000 span=50000
Parsing: fixedStep chrom=16 start=1 step=50000 span=50000
Parsing: fixedStep chrom=17 start=1 step=50000 span=50000
Parsing: fixedStep chrom=18 start=1 step=50000 span=50000
Parsing: fixedStep chrom=19 start=1 step=50000 span=50000
Parsing: fixedStep chrom=20 start=1 step=50000 span=50000
Parsing: fixedStep chrom=21 start=1 step=50000 span=50000
Parsing: fixedStep chrom=22 start=1 step=50000 span=50000
Parsing: fixedStep chrom=X start=1 step=50000 span=50000
Parsing: fixedStep chrom=Y start=1 step=50000 span=50000
Sorting by decreasing chromosome size
Slurping: /dataVolume/storage/rpkgs/ichorCNA/inst/extdata/map_hg19_50kb.wig
Parsing: fixedStep chrom=1 start=1 step=50000 span=50000
Parsing: fixedStep chrom=2 start=1 step=50000 span=50000
Parsing: fixedStep chrom=3 start=1 step=50000 span=50000
Parsing: fixedStep chrom=4 start=1 step=50000 span=50000
Parsing: fixedStep chrom=5 start=1 step=50000 span=50000
Parsing: fixedStep chrom=6 start=1 step=50000 span=50000
Parsing: fixedStep chrom=7 start=1 step=50000 span=50000
Parsing: fixedStep chrom=8 start=1 step=50000 span=50000
Parsing: fixedStep chrom=9 start=1 step=50000 span=50000
Parsing: fixedStep chrom=10 start=1 step=50000 span=50000
Parsing: fixedStep chrom=11 start=1 step=50000 span=50000
Parsing: fixedStep chrom=12 start=1 step=50000 span=50000
Parsing: fixedStep chrom=13 start=1 step=50000 span=50000
Parsing: fixedStep chrom=14 start=1 step=50000 span=50000
Parsing: fixedStep chrom=15 start=1 step=50000 span=50000
Parsing: fixedStep chrom=16 start=1 step=50000 span=50000
Parsing: fixedStep chrom=17 start=1 step=50000 span=50000
Parsing: fixedStep chrom=18 start=1 step=50000 span=50000
Parsing: fixedStep chrom=19 start=1 step=50000 span=50000
Parsing: fixedStep chrom=20 start=1 step=50000 span=50000
Parsing: fixedStep chrom=21 start=1 step=50000 span=50000
Parsing: fixedStep chrom=22 start=1 step=50000 span=50000
Parsing: fixedStep chrom=X start=1 step=50000 span=50000
Parsing: fixedStep chrom=Y start=1 step=50000 span=50000
Sorting by decreasing chromosome size
Correcting Tumour
Removed 1495 bins near centromeres.
Applying filter on data...
Correcting for GC bias...
Correcting for mappability bias...
Filtering low uniqueness regions with mappability score < 0.9
Removed 65 bins near centromeres.
Loading normal file:results/readDepth/N_33.bin50000.wig
Slurping: results/readDepth/N_33.bin50000.wig
Parsing: fixedStep chrom=chr1 start=1 step=50000 span=50000
Parsing: fixedStep chrom=chr2 start=1 step=50000 span=50000
Parsing: fixedStep chrom=chr3 start=1 step=50000 span=50000
Parsing: fixedStep chrom=chr4 start=1 step=50000 span=50000
Parsing: fixedStep chrom=chr5 start=1 step=50000 span=50000
Parsing: fixedStep chrom=chr6 start=1 step=50000 span=50000
Parsing: fixedStep chrom=chr7 start=1 step=50000 span=50000
Parsing: fixedStep chrom=chr8 start=1 step=50000 span=50000
Parsing: fixedStep chrom=chr9 start=1 step=50000 span=50000
Parsing: fixedStep chrom=chr10 start=1 step=50000 span=50000
Parsing: fixedStep chrom=chr11 start=1 step=50000 span=50000
Parsing: fixedStep chrom=chr12 start=1 step=50000 span=50000
Parsing: fixedStep chrom=chr13 start=1 step=50000 span=50000
Parsing: fixedStep chrom=chr14 start=1 step=50000 span=50000
Parsing: fixedStep chrom=chr15 start=1 step=50000 span=50000
Parsing: fixedStep chrom=chr16 start=1 step=50000 span=50000
Parsing: fixedStep chrom=chr17 start=1 step=50000 span=50000
Parsing: fixedStep chrom=chr18 start=1 step=50000 span=50000
Parsing: fixedStep chrom=chr19 start=1 step=50000 span=50000
Parsing: fixedStep chrom=chr20 start=1 step=50000 span=50000
Parsing: fixedStep chrom=chr21 start=1 step=50000 span=50000
Parsing: fixedStep chrom=chr22 start=1 step=50000 span=50000
Parsing: fixedStep chrom=chrX start=1 step=50000 span=50000
Parsing: fixedStep chrom=chrY start=1 step=50000 span=50000
Sorting by decreasing chromosome size
Correcting Normal
Removed 1495 bins near centromeres.
Applying filter on data...
Correcting for GC bias...
Correcting for mappability bias...
Filtering low uniqueness regions with mappability score < 0.9
Removed 65 bins near centromeres.
Determining gender...Gender female
Normalizing Tumour by Normal
Outputting to: results/ichorCNA/C_33//C_33.correctedDepth.txt
Warning messages:
1: In quantile.default(x$reads[x$valid & chrInd], prob = c(0, 1 - routlier),  :
  partial argument match of 'prob' to 'probs'
2: In quantile.default(x$gc[x$valid & chrInd], prob = c(doutlier, 1 -  :
  partial argument match of 'prob' to 'probs'
3: In quantile.default(x$cor.gc[which(x$valid & chrInd)], prob = c(0,  :
  partial argument match of 'prob' to 'probs'
4: In regularize.values(x, y, ties, missing(ties), na.rm = na.rm) :
  collapsing to unique 'x' values
5: In quantile.default(x$reads[x$valid & chrInd], prob = c(0, 1 - routlier),  :
  partial argument match of 'prob' to 'probs'
6: In quantile.default(x$gc[x$valid & chrInd], prob = c(doutlier, 1 -  :
  partial argument match of 'prob' to 'probs'
7: In quantile.default(x$cor.gc[which(x$valid & chrInd)], prob = c(0,  :
  partial argument match of 'prob' to 'probs'
8: In regularize.values(x, y, ties, missing(ties), na.rm = na.rm) :
  collapsing to unique 'x' values
9: In match.call(definition, call, expand.dots, envir) :
  partial argument match of 'chr' to 'chrs'
runEM: Initialization
runEM iter1: Expectation
runEM iter1: Maximization
Sample1 n=0.4793, sp=0.001729, phi=2.063, lambda=249.47,302.48,343.33,337.73,270.17,278.2,267.64,265.65,7.4135,266.17, F=23470
runEM iter 1  Log likelihood: 20641.0710795216
runEM iter1 Time: 0.67 min.
runEM iter2: Expectation
runEM iter2: Maximization
Sample1 n=0.4639, sp=0.002562, phi=2.052, lambda=227.77,304.29,322.24,367.66,340.67,300.66,268.72,266.96,7.7201,268.2, F=23640
runEM iter 2  Log likelihood: 23595.0794801753
runEM iter2 Time: 0.18 min.
runEM iter3: Expectation
runEM iter3: Maximization
Sample1 n=0.4606, sp=0.002512, phi=2.052, lambda=218.01,304.27,321,350.67,354.15,298.01,269.28,267.64,7.8128,269.96, F=23640
runEM iter 3  Log likelihood: 23649.8408873503
runEM iter3 Time: 0.21 min.
runEM iter4: Expectation
runEM iter4: Maximization
Sample1 n=0.4587, sp=0.002512, phi=2.052, lambda=217.84,304.29,319.02,332.97,360.69,286.7,270.49,269.11,7.8636,275.71, F=23650
runEM iter 4  Log likelihood: 23656.3019496336
runEM iter4 Time: 0.27 min.
runEM iter4: Re-calculating responsibilties from converged parameters.
runEM: Using optimal parameters from iter4
runEM: Total elapsed time: 1.3min.
runViterbi: Segmenting and classifying
runEM: Initialization
runEM iter1: Expectation
runEM iter1: Maximization
Sample1 n=0.3887, sp=0.5134, phi=3.069, lambda=277.41,102.11,306.6,338.47,277.22,167.9,251.88,270.93,263.97,265.26, F=22400
runEM iter 1  Log likelihood: 19447.9888647748
runEM iter1 Time: 0.21 min.
runEM iter2: Expectation
runEM iter2: Maximization
Sample1 n=0.3863, sp=0.3855, phi=3.059, lambda=278.58,317.02,312.26,322.26,285.15,327.85,384.69,274.8,272.28,701.79, F=23340
runEM iter 2  Log likelihood: 23159.7414127249
runEM iter2 Time: 0.23 min.
runEM iter3: Expectation
runEM iter3: Maximization
Sample1 n=0.3828, sp=0.3821, phi=3.056, lambda=286.8,321.82,315.24,335.32,293.4,336.78,382.21,275.34,273.39,555.56, F=23400
runEM iter 3  Log likelihood: 23414.1886931092
runEM iter3 Time: 0.18 min.
runEM iter4: Expectation
runEM iter4: Maximization
Sample1 n=0.3821, sp=0.3675, phi=3.052, lambda=286.44,321.94,319.58,345.82,297.34,340.11,388.21,275.52,273.76,470.48, F=23440
runEM iter 4  Log likelihood: 23505.2080124546
runEM iter4 Time: 0.14 min.
runEM iter5: Expectation
runEM iter5: Maximization
Sample1 n=0.3819, sp=0.3496, phi=3.047, lambda=283.84,321.83,327.65,349.62,302.28,343.85,393.6,275.71,274.16,389.54, F=23440
runEM iter 5  Log likelihood: 23617.0126711856
runEM iter5 Time: 0.13 min.
runEM iter6: Expectation
runEM iter6: Maximization
Sample1 n=0.3823, sp=0.3272, phi=3.038, lambda=277.73,321.05,341.75,350.31,308.88,349.07,394.65,275.9,274.54,333.21, F=23400
runEM iter 6  Log likelihood: 23775.2485668013
runEM iter6 Time: 0.12 min.
runEM iter7: Expectation
runEM iter7: Maximization
Sample1 n=0.3826, sp=0.3045, phi=3.027, lambda=269.72,318.95,358.4,349.44,315.06,359.38,388.06,276.06,274.88,312.05, F=23290
runEM iter 7  Log likelihood: 23947.8605228072
runEM iter7 Time: 0.15 min.
runEM iter8: Expectation
runEM iter8: Maximization
Sample1 n=0.3813, sp=0.2862, phi=3.016, lambda=266.19,316.55,376.36,347.18,302.8,386.95,372.01,276.22,275.2,300.21, F=23160
runEM iter 8  Log likelihood: 24107.685413113
runEM iter8 Time: 0.12 min.
runEM iter9: Expectation
runEM iter9: Maximization
Sample1 n=0.3786, sp=0.2724, phi=3.005, lambda=267.32,314.42,394.11,343.62,292.94,421.05,351.42,276.31,275.39,293.73, F=23060
runEM iter 9  Log likelihood: 24239.5279785041
runEM iter9 Time: 0.1 min.
runEM iter10: Expectation
runEM iter10: Maximization
Sample1 n=0.3763, sp=0.2623, phi=2.995, lambda=268.04,311.82,410.27,338.65,302.4,423.69,335.98,276.4,275.57,291.47, F=22990
runEM iter 10  Log likelihood: 24333.2198058118
runEM iter10 Time: 0.088 min.
runEM iter11: Expectation
runEM iter11: Maximization
Sample1 n=0.3728, sp=0.2546, phi=2.987, lambda=273.39,310.44,424.3,332.54,313.96,411.12,326.5,276.51,275.79,291.53, F=22970
runEM iter 11  Log likelihood: 24398.8682416419
runEM iter11 Time: 0.11 min.
runEM iter12: Expectation
runEM iter12: Maximization
Sample1 n=0.3673, sp=0.2488, phi=2.979, lambda=284.33,310.71,436.31,324.2,326.76,392.09,321.57,276.59,275.96,292.32, F=22980
runEM iter 12  Log likelihood: 24446.4954220681
runEM iter12 Time: 0.12 min.
runEM iter13: Expectation
runEM iter13: Maximization
Sample1 n=0.3585, sp=0.2439, phi=2.972, lambda=299.75,313.25,447.01,312.6,342.05,367.21,309.01,276.68,276.14,293.17, F=23020
runEM iter 13  Log likelihood: 24480.8649258923
runEM iter13 Time: 0.19 min.
runEM iter14: Expectation
runEM iter14: Maximization
Sample1 n=0.3466, sp=0.2394, phi=2.964, lambda=306.64,316.9,457.49,296.52,357.34,345.91,300.97,276.75,276.29,294.15, F=23080
runEM iter 14  Log likelihood: 24506.3758529983
runEM iter14 Time: 0.16 min.
runEM iter15: Expectation
runEM iter15: Maximization
Sample1 n=0.3357, sp=0.2362, phi=2.956, lambda=298.28,319.14,468.44,279.84,366.56,339.28,337.78,276.83,276.45,295.31, F=23120
runEM iter 15  Log likelihood: 24522.1681092813
runEM iter15 Time: 0.16 min.
runEM iter15: Re-calculating responsibilties from converged parameters.
runEM: Using optimal parameters from iter15
runEM: Total elapsed time: 2.2min.
runViterbi: Segmenting and classifying
Warning messages:
1: In match.call(definition, call, expand.dots, envir) :
  partial argument match of 'e.same' to 'e.sameState'
2: In getDefaultParameters(logR[valid & chrInd, , drop = F], maxCN = maxCN,  :
  partial argument match of 'e.same' to 'e.sameState'
3: partial match of 'ct.sc' to 'ct.sc.status' 
4: In viterbiResults$state : partial match of 'state' to 'states'
5: In viterbiResults$state : partial match of 'state' to 'states'
6: In getDefaultParameters(logR[valid & chrInd, , drop = F], maxCN = maxCN,  :
  partial argument match of 'e.same' to 'e.sameState'
7: partial match of 'ct.sc' to 'ct.sc.status' 
8: In viterbiResults$state : partial match of 'state' to 'states'
9: In viterbiResults$state : partial match of 'state' to 'states'
Total ULP-WGS HMM Runtime: 3.6 min.
Writing segments to results/ichorCNA/C_33//C_33.seg
Outputting to bin-level results to results/ichorCNA/C_33//C_33.cna.seg
Warning message:
partial match of 'copy.num' to 'copy.number' 
Warning messages:
1: In seq.default(a[1L], b[1L], length = M[1L]) :
  partial argument match of 'length' to 'length.out'
2: In seq.default(a[2L], b[2L], length = M[2L]) :
  partial argument match of 'length' to 'length.out'
3: In quantile.default(correctOutput$cor.gc[correctOutput$ideal], prob = c(0,  :
  partial argument match of 'prob' to 'probs'
4: In seq.default(a[1L], b[1L], length = M[1L]) :
  partial argument match of 'length' to 'length.out'
5: In seq.default(a[2L], b[2L], length = M[2L]) :
  partial argument match of 'length' to 'length.out'
6: In seq.default(a[1L], b[1L], length = M[1L]) :
  partial argument match of 'length' to 'length.out'
7: In seq.default(a[2L], b[2L], length = M[2L]) :
  partial argument match of 'length' to 'length.out'
8: In quantile.default(correctOutput$cor.map, prob = c(0, 1 - coutlier),  :
  partial argument match of 'prob' to 'probs'
9: In seq.default(a[1L], b[1L], length = M[1L]) :
  partial argument match of 'length' to 'length.out'
10: In seq.default(a[2L], b[2L], length = M[2L]) :
  partial argument match of 'length' to 'length.out'
