$WIG
[1] "results/readDepth/T_24.bin50000.wig"

$NORMWIG
[1] "results/readDepth/N_24.bin50000.wig"

$gcLoading required package: data.table
Loading required package: stats4
Loading required package: BiocGenerics
Loading required package: parallel

Attaching package: 'BiocGenerics'

The following objects are masked from 'package:parallel':

    clusterApply, clusterApplyLB, clusterCall, clusterEvalQ,
    clusterExport, clusterMap, parApply, parCapply, parLapply,
    parLapplyLB, parRapply, parSapply, parSapplyLB

The following objects are masked from 'package:stats':

    IQR, mad, sd, var, xtabs

The following objects are masked from 'package:base':

    anyDuplicated, append, as.data.frame, basename, cbind, colnames,
    dirname, do.call, duplicated, eval, evalq, Filter, Find, get, grep,
    grepl, intersect, is.unsorted, lapply, Map, mapply, match, mget,
    order, paste, pmax, pmax.int, pmin, pmin.int, Position, rank,
    rbind, Reduce, rownames, sapply, setdiff, sort, table, tapply,
    union, unique, unsplit, which.max, which.min

Loading required package: S4Vectors

Attaching package: 'S4Vectors'

The following objects are masked from 'package:data.table':

    first, second

The following object is masked from 'package:base':

    expand.grid

Loading required package: IRanges

Attaching package: 'IRanges'

The following object is masked from 'package:data.table':

    shift

Loading required package: GenomeInfoDb

Attaching package: 'Biostrings'

The following object is masked from 'package:base':

    strsplit

Warning message:
In rep(as.integer(len), length = length(str)) :
  partial argument match of 'length' to 'length.out'
Loading tumour file:T_24
Slurping: results/readDepth/T_24.bin50000.wig
Parsing: fixedStep chrom=chr1 start=1 step=50000 span=50000
Parsing: fixedStep chrom=chr2 start=1 step=50000 span=50000
Parsing: fixedStep chrom=chr3 start=1 step=50000 span=50000
Parsing: fixedStep chrom=chr4 start=1 step=50000 span=50000
Parsing: fixedStep chrom=chr5 start=1 step=50000 span=50000
Parsing: fixedStep chrom=chr6 start=1 step=50000 span=50000
Parsing: fixedStep chrom=chr7 start=1 step=50000 span=50000
Parsing: fixedStep chrom=chr8 start=1 step=50000 span=50000
Parsing: fixedStep chrom=chr9 start=1 step=50000 span=50000
Parsing: fixedStep chrom=chr10 start=1 step=50000 span=50000
Parsing: fixedStep chrom=chr11 start=1 step=50000 span=50000
Parsing: fixedStep chrom=chr12 start=1 step=50000 span=50000
Parsing: fixedStep chrom=chr13 start=1 step=50000 span=50000
Parsing: fixedStep chrom=chr14 start=1 step=50000 span=50000
Parsing: fixedStep chrom=chr15 start=1 step=50000 span=50000
Parsing: fixedStep chrom=chr16 start=1 step=50000 span=50000
Parsing: fixedStep chrom=chr17 start=1 step=50000 span=50000
Parsing: fixedStep chrom=chr18 start=1 step=50000 span=50000
Parsing: fixedStep chrom=chr19 start=1 step=50000 span=50000
Parsing: fixedStep chrom=chr20 start=1 step=50000 span=50000
Parsing: fixedStep chrom=chr21 start=1 step=50000 span=50000
Parsing: fixedStep chrom=chr22 start=1 step=50000 span=50000
Parsing: fixedStep chrom=chrX start=1 step=50000 span=50000
Parsing: fixedStep chrom=chrY start=1 step=50000 span=50000
Sorting by decreasing chromosome size
Reading GC and mappability files
Slurping: /dataVolume/storage/rpkgs/ichorCNA/inst/extdata/gc_hg19_50kb.wig
Parsing: fixedStep chrom=1 start=1 step=50000 span=50000
Parsing: fixedStep chrom=2 start=1 step=50000 span=50000
Parsing: fixedStep chrom=3 start=1 step=50000 span=50000
Parsing: fixedStep chrom=4 start=1 step=50000 span=50000
Parsing: fixedStep chrom=5 start=1 step=50000 span=50000
Parsing: fixedStep chrom=6 start=1 step=50000 span=50000
Parsing: fixedStep chrom=7 start=1 step=50000 span=50000
Parsing: fixedStep chrom=8 start=1 step=50000 span=50000
Parsing: fixedStep chrom=9 start=1 step=50000 span=50000
Parsing: fixedStep chrom=10 start=1 step=50000 span=50000
Parsing: fixedStep chrom=11 start=1 step=50000 span=50000
Parsing: fixedStep chrom=12 start=1 step=50000 span=50000
Parsing: fixedStep chrom=13 start=1 step=50000 span=50000
Parsing: fixedStep chrom=14 start=1 step=50000 span=50000
Parsing: fixedStep chrom=15 start=1 step=50000 span=50000
Parsing: fixedStep chrom=16 start=1 step=50000 span=50000
Parsing: fixedStep chrom=17 start=1 step=50000 span=50000
Parsing: fixedStep chrom=18 start=1 step=50000 span=50000
Parsing: fixedStep chrom=19 start=1 step=50000 span=50000
Parsing: fixedStep chrom=20 start=1 step=50000 span=50000
Parsing: fixedStep chrom=21 start=1 step=50000 span=50000
Parsing: fixedStep chrom=22 start=1 step=50000 span=50000
Parsing: fixedStep chrom=X start=1 step=50000 span=50000
Parsing: fixedStep chrom=Y start=1 step=50000 span=50000
Sorting by decreasing chromosome size
Slurping: /dataVolume/storage/rpkgs/ichorCNA/inst/extdata/map_hg19_50kb.wig
Parsing: fixedStep chrom=1 start=1 step=50000 span=50000
Parsing: fixedStep chrom=2 start=1 step=50000 span=50000
Parsing: fixedStep chrom=3 start=1 step=50000 span=50000
Parsing: fixedStep chrom=4 start=1 step=50000 span=50000
Parsing: fixedStep chrom=5 start=1 step=50000 span=50000
Parsing: fixedStep chrom=6 start=1 step=50000 span=50000
Parsing: fixedStep chrom=7 start=1 step=50000 span=50000
Parsing: fixedStep chrom=8 start=1 step=50000 span=50000
Parsing: fixedStep chrom=9 start=1 step=50000 span=50000
Parsing: fixedStep chrom=10 start=1 step=50000 span=50000
Parsing: fixedStep chrom=11 start=1 step=50000 span=50000
Parsing: fixedStep chrom=12 start=1 step=50000 span=50000
Parsing: fixedStep chrom=13 start=1 step=50000 span=50000
Parsing: fixedStep chrom=14 start=1 step=50000 span=50000
Parsing: fixedStep chrom=15 start=1 step=50000 span=50000
Parsing: fixedStep chrom=16 start=1 step=50000 span=50000
Parsing: fixedStep chrom=17 start=1 step=50000 span=50000
Parsing: fixedStep chrom=18 start=1 step=50000 span=50000
Parsing: fixedStep chrom=19 start=1 step=50000 span=50000
Parsing: fixedStep chrom=20 start=1 step=50000 span=50000
Parsing: fixedStep chrom=21 start=1 step=50000 span=50000
Parsing: fixedStep chrom=22 start=1 step=50000 span=50000
Parsing: fixedStep chrom=X start=1 step=50000 span=50000
Parsing: fixedStep chrom=Y start=1 step=50000 span=50000
Sorting by decreasing chromosome size
Correcting Tumour
Removed 1495 bins near centromeres.
Applying filter on data...
Correcting for GC bias...
Correcting for mappability bias...
Filtering low uniqueness regions with mappability score < 0.9
Removed 65 bins near centromeres.
Loading normal file:results/readDepth/N_24.bin50000.wig
Slurping: results/readDepth/N_24.bin50000.wig
Parsing: fixedStep chrom=chr1 start=1 step=50000 span=50000
Parsing: fixedStep chrom=chr2 start=1 step=50000 span=50000
Parsing: fixedStep chrom=chr3 start=1 step=50000 span=50000
Parsing: fixedStep chrom=chr4 start=1 step=50000 span=50000
Parsing: fixedStep chrom=chr5 start=1 step=50000 span=50000
Parsing: fixedStep chrom=chr6 start=1 step=50000 span=50000
Parsing: fixedStep chrom=chr7 start=1 step=50000 span=50000
Parsing: fixedStep chrom=chr8 start=1 step=50000 span=50000
Parsing: fixedStep chrom=chr9 start=1 step=50000 span=50000
Parsing: fixedStep chrom=chr10 start=1 step=50000 span=50000
Parsing: fixedStep chrom=chr11 start=1 step=50000 span=50000
Parsing: fixedStep chrom=chr12 start=1 step=50000 span=50000
Parsing: fixedStep chrom=chr13 start=1 step=50000 span=50000
Parsing: fixedStep chrom=chr14 start=1 step=50000 span=50000
Parsing: fixedStep chrom=chr15 start=1 step=50000 span=50000
Parsing: fixedStep chrom=chr16 start=1 step=50000 span=50000
Parsing: fixedStep chrom=chr17 start=1 step=50000 span=50000
Parsing: fixedStep chrom=chr18 start=1 step=50000 span=50000
Parsing: fixedStep chrom=chr19 start=1 step=50000 span=50000
Parsing: fixedStep chrom=chr20 start=1 step=50000 span=50000
Parsing: fixedStep chrom=chr21 start=1 step=50000 span=50000
Parsing: fixedStep chrom=chr22 start=1 step=50000 span=50000
Parsing: fixedStep chrom=chrX start=1 step=50000 span=50000
Parsing: fixedStep chrom=chrY start=1 step=50000 span=50000
Sorting by decreasing chromosome size
Correcting Normal
Removed 1495 bins near centromeres.
Applying filter on data...
Correcting for GC bias...
Correcting for mappability bias...
Filtering low uniqueness regions with mappability score < 0.9
Removed 65 bins near centromeres.
Determining gender...Gender male
Normalizing Tumour by Normal
Outputting to: results/ichorCNA/T_24//T_24.correctedDepth.txt
Warning messages:
1: In quantile.default(x$reads[x$valid & chrInd], prob = c(0, 1 - routlier),  :
  partial argument match of 'prob' to 'probs'
2: In quantile.default(x$gc[x$valid & chrInd], prob = c(doutlier, 1 -  :
  partial argument match of 'prob' to 'probs'
3: In quantile.default(x$cor.gc[which(x$valid & chrInd)], prob = c(0,  :
  partial argument match of 'prob' to 'probs'
4: In regularize.values(x, y, ties, missing(ties), na.rm = na.rm) :
  collapsing to unique 'x' values
5: In quantile.default(x$reads[x$valid & chrInd], prob = c(0, 1 - routlier),  :
  partial argument match of 'prob' to 'probs'
6: In quantile.default(x$gc[x$valid & chrInd], prob = c(doutlier, 1 -  :
  partial argument match of 'prob' to 'probs'
7: In quantile.default(x$cor.gc[which(x$valid & chrInd)], prob = c(0,  :
  partial argument match of 'prob' to 'probs'
8: In regularize.values(x, y, ties, missing(ties), na.rm = na.rm) :
  collapsing to unique 'x' values
9: In match.call(definition, call, expand.dots, envir) :
  partial argument match of 'chr' to 'chrs'
runEM: Initialization
runEM iter1: Expectation
runEM iter1: Maximization
Sample1 n=0.5961, sp=0.003003, phi=1.947, lambda=62.85,103,76.631,77.535,118.81,108.68,108.67,0.239,8.5695,185.41, F=16490
runEM iter 1  Log likelihood: 14064.1681880794
runEM iter1 Time: 1.9 min.
runEM iter2: Expectation
runEM iter2: Maximization
Sample1 n=0.6458, sp=0.001504, phi=1.9, lambda=116.89,148.08,82.674,124.25,98.26,110.35,110.35,0.2402,10.446,188.7, F=19080
runEM iter 2  Log likelihood: 19186.9140641344
runEM iter2 Time: 2.1 min.
runEM iter3: Expectation
runEM iter3: Maximization
Sample1 n=0.6713, sp=0.001201, phi=1.875, lambda=153.91,177.37,85.802,183.28,91.281,113.15,113.14,0.24115,11.901,202.55, F=19650
runEM iter 3  Log likelihood: 21559.7638965432
runEM iter3 Time: 2 min.
runEM iter4: Expectation
runEM iter4: Maximization
Sample1 n=0.6808, sp=0.001198, phi=1.879, lambda=147.8,194.82,86.699,217.55,91.883,135.41,120.21,0.2342,11.625,239.66, F=19390
runEM iter 4  Log likelihood: 22190.4537981812
runEM iter4 Time: 1.7 min.
runEM iter5: Expectation
runEM iter5: Maximization
Sample1 n=0.6869, sp=0.001198, phi=1.887, lambda=143.72,208.67,87.482,226.68,92.016,128.76,123.1,0.23424,11.477,252.99, F=19160
runEM iter 5  Log likelihood: 22342.6843016091
runEM iter5 Time: 1.7 min.
runEM iter6: Expectation
runEM iter6: Maximization
Sample1 n=0.6922, sp=0.001198, phi=1.895, lambda=140.04,218.33,87.991,256.58,102.87,107.11,128.5,0.23156,11.341,277.1, F=19040
runEM iter 6  Log likelihood: 22405.8471572762
runEM iter6 Time: 1.8 min.
runEM iter7: Expectation
runEM iter7: Maximization
Sample1 n=0.6969, sp=0.001198, phi=1.903, lambda=137.99,226.69,88.099,348.04,109.57,108.74,143.78,0.23421,11.316,331.55, F=18980
runEM iter 7  Log likelihood: 22445.3762010448
runEM iter7 Time: 1.9 min.
runEM iter8: Expectation
runEM iter8: Maximization
Sample1 n=0.7008, sp=0.001198, phi=1.91, lambda=136.09,233,88.624,349.78,121.08,103.58,144.39,0.23131,11.205,332.36, F=18960
runEM iter 8  Log likelihood: 22467.7973725073
runEM iter8 Time: 1 min.
runEM iter8: Re-calculating responsibilties from converged parameters.
runEM: Using optimal parameters from iter8
runEM: Total elapsed time: 14min.
runViterbi: Segmenting and classifying
runEM: Initialization
runEM iter1: Expectation
runEM iter1: Maximization
Sample1 n=0.5757, sp=0.4967, phi=2.841, lambda=73.287,145.81,113.11,69.53,136.63,79.055,39.517,0.24137,37.974,37.87, F=19350
runEM iter 1  Log likelihood: 15040.1160946672
runEM iter1 Time: 1.9 min.
runEM iter2: Expectation
runEM iter2: Maximization
Sample1 n=0.5844, sp=0.5113, phi=2.829, lambda=69.656,152.79,152.97,79.178,166.25,99.882,113.8,0.21773,114.35,61.695, F=21490
runEM iter 2  Log likelihood: 22024.6086590855
runEM iter2 Time: 1.7 min.
runEM iter3: Expectation
runEM iter3: Maximization
Sample1 n=0.5788, sp=0.4958, phi=2.847, lambda=73.327,168.77,180.5,82.787,191.44,96.67,117.87,0.2297,118.56,83.992, F=21590
runEM iter 3  Log likelihood: 23316.3699626552
runEM iter3 Time: 1.3 min.
runEM iter4: Expectation
runEM iter4: Maximization
Sample1 n=0.5721, sp=0.48, phi=2.869, lambda=77.574,194.52,199,85.211,192.28,96.404,118.47,0.23101,119.15,91.165, F=21250
runEM iter 4  Log likelihood: 23788.4167685407
runEM iter4 Time: 0.62 min.
runEM iter5: Expectation
runEM iter5: Maximization
Sample1 n=0.5686, sp=0.4555, phi=2.888, lambda=80.247,218.04,213.67,86.965,193.26,96.359,119.09,0.23097,119.76,93.209, F=20890
runEM iter 5  Log likelihood: 24029.0676751127
runEM iter5 Time: 0.85 min.
runEM iter6: Expectation
runEM iter6: Maximization
Sample1 n=0.5664, sp=0.4315, phi=2.903, lambda=81.514,235.91,226.18,88.117,194.97,96.248,119.92,0.2315,120.51,94.5, F=20650
runEM iter 6  Log likelihood: 24191.0297522006
runEM iter6 Time: 0.71 min.
runEM iter7: Expectation
runEM iter7: Maximization
Sample1 n=0.5648, sp=0.4123, phi=2.915, lambda=82.648,250.73,236.57,88.84,196.95,96.105,120.79,0.23153,121.86,95.533, F=20490
runEM iter 7  Log likelihood: 24302.2798357851
runEM iter7 Time: 0.8 min.
runEM iter8: Expectation
runEM iter8: Maximization
Sample1 n=0.564, sp=0.4006, phi=2.924, lambda=84.187,262.16,244.58,89.351,198.75,95.941,121.54,0.23095,121.78,96.542, F=20370
runEM iter 8  Log likelihood: 24365.7476942134
runEM iter8 Time: 0.48 min.
runEM iter9: Expectation
runEM iter9: Maximization
Sample1 n=0.5631, sp=0.3929, phi=2.931, lambda=85.847,271.41,251.02,89.662,200.89,95.841,122.47,0.23103,118.83,97.187, F=20300
runEM iter 9  Log likelihood: 24420.4330594714
runEM iter9 Time: 0.68 min.
runEM iter10: Expectation
runEM iter10: Maximization
Sample1 n=0.5626, sp=0.3879, phi=2.937, lambda=86.542,278.45,255.74,89.815,202.99,95.738,123.49,0.23072,116.92,97.615, F=20250
runEM iter 10  Log likelihood: 24445.6571544376
runEM iter10 Time: 0.59 min.
runEM iter11: Expectation
runEM iter11: Maximization
Sample1 n=0.5624, sp=0.3845, phi=2.941, lambda=86.928,283.39,259.28,90.024,204.74,95.621,124.44,0.23084,116.21,97.88, F=20210
runEM iter 11  Log likelihood: 24458.9267821694
runEM iter11 Time: 0.54 min.
runEM iter11: Re-calculating responsibilties from converged parameters.
runEM: Using optimal parameters from iter11
runEM: Total elapsed time: 10min.
runViterbi: Segmenting and classifying
Warning messages:
1: In match.call(definition, call, expand.dots, envir) :
  partial argument match of 'e.same' to 'e.sameState'
2: In getDefaultParameters(logR[valid & chrInd, , drop = F], maxCN = maxCN,  :
  partial argument match of 'e.same' to 'e.sameState'
3: partial match of 'ct.sc' to 'ct.sc.status' 
4: In viterbiResults$state : partial match of 'state' to 'states'
5: In viterbiResults$state : partial match of 'state' to 'states'
6: In getDefaultParameters(logR[valid & chrInd, , drop = F], maxCN = maxCN,  :
  partial argument match of 'e.same' to 'e.sameState'
7: partial match of 'ct.sc' to 'ct.sc.status' 
8: In viterbiResults$state : partial match of 'state' to 'states'
9: In viterbiResults$state : partial match of 'state' to 'states'
Total ULP-WGS HMM Runtime: 24 min.
Writing segments to results/ichorCNA/T_24//T_24.seg
Outputting to bin-level results to results/ichorCNA/T_24//T_24.cna.seg
Warning message:
partial match of 'copy.num' to 'copy.number' 
Warning messages:
1: In seq.default(a[1L], b[1L], length = M[1L]) :
  partial argument match of 'length' to 'length.out'
2: In seq.default(a[2L], b[2L], length = M[2L]) :
  partial argument match of 'length' to 'length.out'
3: In quantile.default(correctOutput$cor.gc[correctOutput$ideal], prob = c(0,  :
  partial argument match of 'prob' to 'probs'
4: In seq.default(a[1L], b[1L], length = M[1L]) :
  partial argument match of 'length' to 'length.out'
5: In seq.default(a[2L], b[2L], length = M[2L]) :
  partial argument match of 'length' to 'length.out'
6: In seq.default(a[1L], b[1L], length = M[1L]) :
  partial argument match of 'length' to 'length.out'
7: In seq.default(a[2L], b[2L], length = M[2L]) :
  partial argument match of 'length' to 'length.out'
8: In quantile.default(correctOutput$cor.map, prob = c(0, 1 - coutlier),  :
  partial argument match of 'prob' to 'probs'
9: In seq.default(a[1L], b[1L], length = M[1L]) :
  partial argument match of 'length' to 'length.out'
10: In seq.default(a[2L], b[2L], length = M[2L]) :
  partial argument match of 'length' to 'length.out'
