$WIG
[1] "results/readDepth/T_28.bin50000.wig"

$NORMWIG
[1] "results/readDepth/N_28.bin50000.wig"

$gcLoading required package: data.table
Loading required package: stats4
Loading required package: BiocGenerics
Loading required package: parallel

Attaching package: 'BiocGenerics'

The following objects are masked from 'package:parallel':

    clusterApply, clusterApplyLB, clusterCall, clusterEvalQ,
    clusterExport, clusterMap, parApply, parCapply, parLapply,
    parLapplyLB, parRapply, parSapply, parSapplyLB

The following objects are masked from 'package:stats':

    IQR, mad, sd, var, xtabs

The following objects are masked from 'package:base':

    anyDuplicated, append, as.data.frame, basename, cbind, colnames,
    dirname, do.call, duplicated, eval, evalq, Filter, Find, get, grep,
    grepl, intersect, is.unsorted, lapply, Map, mapply, match, mget,
    order, paste, pmax, pmax.int, pmin, pmin.int, Position, rank,
    rbind, Reduce, rownames, sapply, setdiff, sort, table, tapply,
    union, unique, unsplit, which.max, which.min

Loading required package: S4Vectors

Attaching package: 'S4Vectors'

The following objects are masked from 'package:data.table':

    first, second

The following object is masked from 'package:base':

    expand.grid

Loading required package: IRanges

Attaching package: 'IRanges'

The following object is masked from 'package:data.table':

    shift

Loading required package: GenomeInfoDb

Attaching package: 'Biostrings'

The following object is masked from 'package:base':

    strsplit

Warning message:
In rep(as.integer(len), length = length(str)) :
  partial argument match of 'length' to 'length.out'
Loading tumour file:T_28
Slurping: results/readDepth/T_28.bin50000.wig
Parsing: fixedStep chrom=chr1 start=1 step=50000 span=50000
Parsing: fixedStep chrom=chr2 start=1 step=50000 span=50000
Parsing: fixedStep chrom=chr3 start=1 step=50000 span=50000
Parsing: fixedStep chrom=chr4 start=1 step=50000 span=50000
Parsing: fixedStep chrom=chr5 start=1 step=50000 span=50000
Parsing: fixedStep chrom=chr6 start=1 step=50000 span=50000
Parsing: fixedStep chrom=chr7 start=1 step=50000 span=50000
Parsing: fixedStep chrom=chr8 start=1 step=50000 span=50000
Parsing: fixedStep chrom=chr9 start=1 step=50000 span=50000
Parsing: fixedStep chrom=chr10 start=1 step=50000 span=50000
Parsing: fixedStep chrom=chr11 start=1 step=50000 span=50000
Parsing: fixedStep chrom=chr12 start=1 step=50000 span=50000
Parsing: fixedStep chrom=chr13 start=1 step=50000 span=50000
Parsing: fixedStep chrom=chr14 start=1 step=50000 span=50000
Parsing: fixedStep chrom=chr15 start=1 step=50000 span=50000
Parsing: fixedStep chrom=chr16 start=1 step=50000 span=50000
Parsing: fixedStep chrom=chr17 start=1 step=50000 span=50000
Parsing: fixedStep chrom=chr18 start=1 step=50000 span=50000
Parsing: fixedStep chrom=chr19 start=1 step=50000 span=50000
Parsing: fixedStep chrom=chr20 start=1 step=50000 span=50000
Parsing: fixedStep chrom=chr21 start=1 step=50000 span=50000
Parsing: fixedStep chrom=chr22 start=1 step=50000 span=50000
Parsing: fixedStep chrom=chrX start=1 step=50000 span=50000
Parsing: fixedStep chrom=chrY start=1 step=50000 span=50000
Sorting by decreasing chromosome size
Reading GC and mappability files
Slurping: /dataVolume/storage/rpkgs/ichorCNA/inst/extdata/gc_hg19_50kb.wig
Parsing: fixedStep chrom=1 start=1 step=50000 span=50000
Parsing: fixedStep chrom=2 start=1 step=50000 span=50000
Parsing: fixedStep chrom=3 start=1 step=50000 span=50000
Parsing: fixedStep chrom=4 start=1 step=50000 span=50000
Parsing: fixedStep chrom=5 start=1 step=50000 span=50000
Parsing: fixedStep chrom=6 start=1 step=50000 span=50000
Parsing: fixedStep chrom=7 start=1 step=50000 span=50000
Parsing: fixedStep chrom=8 start=1 step=50000 span=50000
Parsing: fixedStep chrom=9 start=1 step=50000 span=50000
Parsing: fixedStep chrom=10 start=1 step=50000 span=50000
Parsing: fixedStep chrom=11 start=1 step=50000 span=50000
Parsing: fixedStep chrom=12 start=1 step=50000 span=50000
Parsing: fixedStep chrom=13 start=1 step=50000 span=50000
Parsing: fixedStep chrom=14 start=1 step=50000 span=50000
Parsing: fixedStep chrom=15 start=1 step=50000 span=50000
Parsing: fixedStep chrom=16 start=1 step=50000 span=50000
Parsing: fixedStep chrom=17 start=1 step=50000 span=50000
Parsing: fixedStep chrom=18 start=1 step=50000 span=50000
Parsing: fixedStep chrom=19 start=1 step=50000 span=50000
Parsing: fixedStep chrom=20 start=1 step=50000 span=50000
Parsing: fixedStep chrom=21 start=1 step=50000 span=50000
Parsing: fixedStep chrom=22 start=1 step=50000 span=50000
Parsing: fixedStep chrom=X start=1 step=50000 span=50000
Parsing: fixedStep chrom=Y start=1 step=50000 span=50000
Sorting by decreasing chromosome size
Slurping: /dataVolume/storage/rpkgs/ichorCNA/inst/extdata/map_hg19_50kb.wig
Parsing: fixedStep chrom=1 start=1 step=50000 span=50000
Parsing: fixedStep chrom=2 start=1 step=50000 span=50000
Parsing: fixedStep chrom=3 start=1 step=50000 span=50000
Parsing: fixedStep chrom=4 start=1 step=50000 span=50000
Parsing: fixedStep chrom=5 start=1 step=50000 span=50000
Parsing: fixedStep chrom=6 start=1 step=50000 span=50000
Parsing: fixedStep chrom=7 start=1 step=50000 span=50000
Parsing: fixedStep chrom=8 start=1 step=50000 span=50000
Parsing: fixedStep chrom=9 start=1 step=50000 span=50000
Parsing: fixedStep chrom=10 start=1 step=50000 span=50000
Parsing: fixedStep chrom=11 start=1 step=50000 span=50000
Parsing: fixedStep chrom=12 start=1 step=50000 span=50000
Parsing: fixedStep chrom=13 start=1 step=50000 span=50000
Parsing: fixedStep chrom=14 start=1 step=50000 span=50000
Parsing: fixedStep chrom=15 start=1 step=50000 span=50000
Parsing: fixedStep chrom=16 start=1 step=50000 span=50000
Parsing: fixedStep chrom=17 start=1 step=50000 span=50000
Parsing: fixedStep chrom=18 start=1 step=50000 span=50000
Parsing: fixedStep chrom=19 start=1 step=50000 span=50000
Parsing: fixedStep chrom=20 start=1 step=50000 span=50000
Parsing: fixedStep chrom=21 start=1 step=50000 span=50000
Parsing: fixedStep chrom=22 start=1 step=50000 span=50000
Parsing: fixedStep chrom=X start=1 step=50000 span=50000
Parsing: fixedStep chrom=Y start=1 step=50000 span=50000
Sorting by decreasing chromosome size
Correcting Tumour
Removed 1495 bins near centromeres.
Applying filter on data...
Correcting for GC bias...
Correcting for mappability bias...
Filtering low uniqueness regions with mappability score < 0.9
Removed 65 bins near centromeres.
Loading normal file:results/readDepth/N_28.bin50000.wig
Slurping: results/readDepth/N_28.bin50000.wig
Parsing: fixedStep chrom=chr1 start=1 step=50000 span=50000
Parsing: fixedStep chrom=chr2 start=1 step=50000 span=50000
Parsing: fixedStep chrom=chr3 start=1 step=50000 span=50000
Parsing: fixedStep chrom=chr4 start=1 step=50000 span=50000
Parsing: fixedStep chrom=chr5 start=1 step=50000 span=50000
Parsing: fixedStep chrom=chr6 start=1 step=50000 span=50000
Parsing: fixedStep chrom=chr7 start=1 step=50000 span=50000
Parsing: fixedStep chrom=chr8 start=1 step=50000 span=50000
Parsing: fixedStep chrom=chr9 start=1 step=50000 span=50000
Parsing: fixedStep chrom=chr10 start=1 step=50000 span=50000
Parsing: fixedStep chrom=chr11 start=1 step=50000 span=50000
Parsing: fixedStep chrom=chr12 start=1 step=50000 span=50000
Parsing: fixedStep chrom=chr13 start=1 step=50000 span=50000
Parsing: fixedStep chrom=chr14 start=1 step=50000 span=50000
Parsing: fixedStep chrom=chr15 start=1 step=50000 span=50000
Parsing: fixedStep chrom=chr16 start=1 step=50000 span=50000
Parsing: fixedStep chrom=chr17 start=1 step=50000 span=50000
Parsing: fixedStep chrom=chr18 start=1 step=50000 span=50000
Parsing: fixedStep chrom=chr19 start=1 step=50000 span=50000
Parsing: fixedStep chrom=chr20 start=1 step=50000 span=50000
Parsing: fixedStep chrom=chr21 start=1 step=50000 span=50000
Parsing: fixedStep chrom=chr22 start=1 step=50000 span=50000
Parsing: fixedStep chrom=chrX start=1 step=50000 span=50000
Parsing: fixedStep chrom=chrY start=1 step=50000 span=50000
Sorting by decreasing chromosome size
Correcting Normal
Removed 1495 bins near centromeres.
Applying filter on data...
Correcting for GC bias...
Correcting for mappability bias...
Filtering low uniqueness regions with mappability score < 0.9
Removed 65 bins near centromeres.
Determining gender...Gender female
Normalizing Tumour by Normal
Outputting to: results/ichorCNA/T_28//T_28.correctedDepth.txt
Warning messages:
1: In quantile.default(x$reads[x$valid & chrInd], prob = c(0, 1 - routlier),  :
  partial argument match of 'prob' to 'probs'
2: In quantile.default(x$gc[x$valid & chrInd], prob = c(doutlier, 1 -  :
  partial argument match of 'prob' to 'probs'
3: In quantile.default(x$cor.gc[which(x$valid & chrInd)], prob = c(0,  :
  partial argument match of 'prob' to 'probs'
4: In regularize.values(x, y, ties, missing(ties), na.rm = na.rm) :
  collapsing to unique 'x' values
5: In quantile.default(x$reads[x$valid & chrInd], prob = c(0, 1 - routlier),  :
  partial argument match of 'prob' to 'probs'
6: In quantile.default(x$gc[x$valid & chrInd], prob = c(doutlier, 1 -  :
  partial argument match of 'prob' to 'probs'
7: In quantile.default(x$cor.gc[which(x$valid & chrInd)], prob = c(0,  :
  partial argument match of 'prob' to 'probs'
8: In regularize.values(x, y, ties, missing(ties), na.rm = na.rm) :
  collapsing to unique 'x' values
9: In match.call(definition, call, expand.dots, envir) :
  partial argument match of 'chr' to 'chrs'
runEM: Initialization
runEM iter1: Expectation
runEM iter1: Maximization
Sample1 n=0.4058, sp=0.001737, phi=2.047, lambda=40.45,90.116,63.378,73.972,53.947,156.69,157.24,152.95,15.637,149.77, F=16610
runEM iter 1  Log likelihood: 14340.0749349574
runEM iter1 Time: 1.4 min.
runEM iter2: Expectation
runEM iter2: Maximization
Sample1 n=0.3964, sp=0.001262, phi=2.073, lambda=44.639,102.73,71.633,93.497,80.968,156.6,156.99,153.83,17.231,332.41, F=17470
runEM iter 2  Log likelihood: 17582.5237586195
runEM iter2 Time: 0.63 min.
runEM iter3: Expectation
runEM iter3: Maximization
Sample1 n=0.4061, sp=0.001201, phi=2.103, lambda=45.065,114.85,79.905,108.3,87.846,156.54,156.82,154.44,17.399,286.34, F=17560
runEM iter 3  Log likelihood: 18594.7905968666
runEM iter3 Time: 0.42 min.
runEM iter4: Expectation
runEM iter4: Maximization
Sample1 n=0.4191, sp=0.001198, phi=2.133, lambda=44.604,127.6,85.063,118.8,89.753,156.5,156.73,154.76,17.216,249.85, F=17460
runEM iter 4  Log likelihood: 19228.0340879866
runEM iter4 Time: 0.37 min.
runEM iter5: Expectation
runEM iter5: Maximization
Sample1 n=0.4333, sp=0.001198, phi=2.161, lambda=43.643,140.7,88.575,121.82,89.971,156.48,156.68,154.93,16.841,197.71, F=17350
runEM iter 5  Log likelihood: 19711.9080434692
runEM iter5 Time: 0.27 min.
runEM iter6: Expectation
runEM iter6: Maximization
Sample1 n=0.4522, sp=0.001198, phi=2.189, lambda=41.556,154.34,91.709,122.71,92.643,155.86,156.63,155.1,16.036,193.41, F=17260
runEM iter 6  Log likelihood: 20082.9433416898
runEM iter6 Time: 0.3 min.
runEM iter7: Expectation
runEM iter7: Maximization
Sample1 n=0.4688, sp=0.001198, phi=2.216, lambda=39.853,168.92,93.449,126.79,94.593,79.026,156.59,155.25,15.394,150.3, F=17330
runEM iter 7  Log likelihood: 20533.8706503159
runEM iter7 Time: 0.55 min.
runEM iter8: Expectation
runEM iter8: Maximization
Sample1 n=0.4808, sp=0.001352, phi=2.239, lambda=38.884,183.25,94.167,131.53,97.77,65.292,156.58,155.29,15.025,106.49, F=17500
runEM iter 8  Log likelihood: 21021.0420535586
runEM iter8 Time: 0.43 min.
runEM iter9: Expectation
runEM iter9: Maximization
Sample1 n=0.4865, sp=0.001352, phi=2.258, lambda=38.877,196.39,94.367,135.65,97.801,66.971,156.58,155.3,15.024,93.378, F=17510
runEM iter 9  Log likelihood: 21302.1482632868
runEM iter9 Time: 0.24 min.
runEM iter10: Expectation
runEM iter10: Maximization
Sample1 n=0.4913, sp=0.001352, phi=2.272, lambda=38.793,207.41,94.493,139,98.949,73.986,156.59,155.32,14.994,90.01, F=17500
runEM iter 10  Log likelihood: 21485.3300565747
runEM iter10 Time: 0.28 min.
runEM iter11: Expectation
runEM iter11: Maximization
Sample1 n=0.4952, sp=0.001352, phi=2.283, lambda=38.656,216.42,94.401,140.55,100.26,79.081,156.6,155.33,14.943,91.448, F=17440
runEM iter 11  Log likelihood: 21582.9877009894
runEM iter11 Time: 0.24 min.
runEM iter12: Expectation
runEM iter12: Maximization
Sample1 n=0.4997, sp=0.001352, phi=2.292, lambda=38.261,223.6,94.383,141.1,102.38,83.744,156.61,155.34,14.797,93.853, F=17400
runEM iter 12  Log likelihood: 21653.1761006358
runEM iter12 Time: 0.21 min.
runEM iter13: Expectation
runEM iter13: Maximization
Sample1 n=0.5055, sp=0.001352, phi=2.301, lambda=37.529,229.36,94.464,141.67,105.17,88.934,156.61,155.34,14.534,96.337, F=17370
runEM iter 13  Log likelihood: 21711.9204119171
runEM iter13 Time: 0.28 min.
runEM iter14: Expectation
runEM iter14: Maximization
Sample1 n=0.5119, sp=0.00141, phi=2.308, lambda=36.638,234.09,94.529,143.5,109.68,90.659,156.61,155.35,14.211,99.398, F=17350
runEM iter 14  Log likelihood: 21759.8475942973
runEM iter14 Time: 0.22 min.
runEM iter15: Expectation
runEM iter15: Maximization
Sample1 n=0.5173, sp=0.001472, phi=2.315, lambda=35.908,238.17,94.419,145.06,115.73,89.32,156.61,155.37,13.946,102.34, F=17340
runEM iter 15  Log likelihood: 21800.1023275578
runEM iter15 Time: 0.22 min.
runEM iter16: Expectation
runEM iter16: Maximization
Sample1 n=0.5214, sp=0.001526, phi=2.32, lambda=35.379,241.58,94.244,145.32,121.49,88.256,156.6,155.38,13.761,104.66, F=17340
runEM iter 16  Log likelihood: 21826.015570822
runEM iter16 Time: 0.22 min.
runEM iter17: Expectation
runEM iter17: Maximization
Sample1 n=0.5241, sp=0.001571, phi=2.324, lambda=35.07,244.33,94.022,145.17,124.66,87.859,156.6,155.39,13.654,106.29, F=17330
runEM iter 17  Log likelihood: 21836.9176747961
runEM iter17 Time: 0.22 min.
runEM iter17: Re-calculating responsibilties from converged parameters.
runEM: Using optimal parameters from iter17
runEM: Total elapsed time: 6.6min.
runViterbi: Segmenting and classifying
runEM: Initialization
runEM iter1: Expectation
runEM iter1: Maximization
Sample1 n=0.4887, sp=0.5001, phi=2.972, lambda=75.976,96.364,84.18,69.07,95.551,76.709,62.587,156.15,154.68,154.82, F=15990
runEM iter 1  Log likelihood: 14174.2779623721
runEM iter1 Time: 0.69 min.
runEM iter2: Expectation
runEM iter2: Maximization
Sample1 n=0.4867, sp=0.3867, phi=2.996, lambda=82.878,68.507,94.444,79.348,119.46,97.146,77.974,157.96,92.237,237.94, F=18550
runEM iter 2  Log likelihood: 18143.952051339
runEM iter2 Time: 0.43 min.
runEM iter3: Expectation
runEM iter3: Maximization
Sample1 n=0.4854, sp=0.3679, phi=3.005, lambda=90.703,63.925,102.84,86.356,131.98,112.86,86.521,173.01,69.634,277.13, F=18950
runEM iter 3  Log likelihood: 20433.8202553918
runEM iter3 Time: 0.51 min.
runEM iter4: Expectation
runEM iter4: Maximization
Sample1 n=0.4822, sp=0.3706, phi=3.011, lambda=97.649,144.22,111.07,90.405,137.27,119.13,87.961,169.87,65.799,295.68, F=18210
runEM iter 4  Log likelihood: 21362.163653565
runEM iter4 Time: 0.33 min.
runEM iter5: Expectation
runEM iter5: Maximization
Sample1 n=0.4803, sp=0.3767, phi=3.018, lambda=102.18,157.06,118.86,92.502,138.9,121.45,88.142,160.23,65.506,310.1, F=17540
runEM iter 5  Log likelihood: 21739.6615891352
runEM iter5 Time: 0.29 min.
runEM iter6: Expectation
runEM iter6: Maximization
Sample1 n=0.4795, sp=0.3834, phi=3.024, lambda=105.01,157.06,126.1,93.628,139.24,122.54,88.165,160.19,65.598,323.09, F=17070
runEM iter 6  Log likelihood: 21924.079195584
runEM iter6 Time: 0.18 min.
runEM iter7: Expectation
runEM iter7: Maximization
Sample1 n=0.4797, sp=0.3896, phi=3.032, lambda=106.74,157.06,132.72,94.249,139.48,123.39,88.131,160.15,65.77,335.5, F=16760
runEM iter 7  Log likelihood: 22029.5620047023
runEM iter7 Time: 0.15 min.
runEM iter8: Expectation
runEM iter8: Maximization
Sample1 n=0.4806, sp=0.3947, phi=3.041, lambda=107.73,157.06,138.85,94.609,140.07,124.28,88.045,160.11,65.929,347.48, F=16560
runEM iter 8  Log likelihood: 22098.6472073031
runEM iter8 Time: 0.15 min.
runEM iter9: Expectation
runEM iter9: Maximization
Sample1 n=0.482, sp=0.3989, phi=3.051, lambda=108.31,157.05,144.77,94.808,141.37,125.23,87.905,160.06,66.049,359.27, F=16420
runEM iter 9  Log likelihood: 22150.2823106657
runEM iter9 Time: 0.14 min.
runEM iter10: Expectation
runEM iter10: Maximization
Sample1 n=0.4836, sp=0.402, phi=3.061, lambda=108.74,157.05,150.68,94.885,143.25,126.17,87.692,160.02,66.128,371.07, F=16340
runEM iter 10  Log likelihood: 22194.494692872
runEM iter10 Time: 0.15 min.
runEM iter11: Expectation
runEM iter11: Maximization
Sample1 n=0.485, sp=0.4038, phi=3.073, lambda=109.27,157.04,156.69,94.858,144.97,127.05,87.404,159.97,66.176,382.86, F=16290
runEM iter 11  Log likelihood: 22236.0445482638
runEM iter11 Time: 0.17 min.
runEM iter12: Expectation
runEM iter12: Maximization
Sample1 n=0.4864, sp=0.4044, phi=3.084, lambda=109.95,157.04,162.74,94.8,145.91,127.91,87.074,159.91,66.219,394.36, F=16270
runEM iter 12  Log likelihood: 22275.8043378973
runEM iter12 Time: 0.21 min.
runEM iter13: Expectation
runEM iter13: Maximization
Sample1 n=0.4878, sp=0.4039, phi=3.096, lambda=110.59,157.03,168.81,94.747,145.85,128.89,86.805,159.85,66.264,405.16, F=16270
runEM iter 13  Log likelihood: 22314.8926580534
runEM iter13 Time: 0.14 min.
runEM iter14: Expectation
runEM iter14: Maximization
Sample1 n=0.4896, sp=0.4025, phi=3.108, lambda=111.02,157.02,174.94,94.724,145.08,130.08,86.625,159.74,66.294,415.03, F=16280
runEM iter 14  Log likelihood: 22354.6061532755
runEM iter14 Time: 0.16 min.
runEM iter15: Expectation
runEM iter15: Maximization
Sample1 n=0.4917, sp=0.4003, phi=3.12, lambda=111.2,157.01,181.18,94.702,144.2,131.5,86.259,159.43,66.284,423.87, F=16310
runEM iter 15  Log likelihood: 22394.9402028222
runEM iter15 Time: 0.14 min.
runEM iter16: Expectation
runEM iter16: Maximization
Sample1 n=0.4937, sp=0.3972, phi=3.132, lambda=111.29,156.69,187.47,94.638,143.72,132.78,85.733,132.38,66.236,431.47, F=16350
runEM iter 16  Log likelihood: 22435.1011839095
runEM iter16 Time: 0.26 min.
runEM iter17: Expectation
runEM iter17: Maximization
Sample1 n=0.496, sp=0.3935, phi=3.144, lambda=111.16,156.67,193.65,94.556,143.14,133.34,88.006,74.654,66.18,437.73, F=16460
runEM iter 17  Log likelihood: 22529.6777579966
runEM iter17 Time: 0.21 min.
runEM iter18: Expectation
runEM iter18: Maximization
Sample1 n=0.4982, sp=0.3894, phi=3.155, lambda=110.87,156.67,199.7,94.456,142.36,133.02,90.936,65.527,66.086,442.55, F=16560
runEM iter 18  Log likelihood: 22617.5463774329
runEM iter18 Time: 0.18 min.
runEM iter19: Expectation
runEM iter19: Maximization
Sample1 n=0.5, sp=0.3846, phi=3.165, lambda=110.76,156.66,205.52,94.328,141.25,131.77,91.234,66.55,65.97,445.92, F=16610
runEM iter 19  Log likelihood: 22648.4061905653
runEM iter19 Time: 0.18 min.
runEM iter20: Expectation
runEM iter20: Maximization
Sample1 n=0.5018, sp=0.3797, phi=3.174, lambda=110.62,156.65,211,94.237,139.49,129.88,92.07,66.931,65.892,447.7, F=16670
runEM iter 20  Log likelihood: 22672.8506871597
runEM iter20 Time: 0.16 min.
runEM iter21: Expectation
runEM iter21: Maximization
Sample1 n=0.5042, sp=0.3753, phi=3.184, lambda=109.99,156.65,216.24,94.196,137.01,127.38,94.144,66.431,65.821,448.44, F=16720
runEM iter 21  Log likelihood: 22693.6335516714
runEM iter21 Time: 0.18 min.
runEM iter21: Re-calculating responsibilties from converged parameters.
runEM: Using optimal parameters from iter21
runEM: Total elapsed time: 5min.
runViterbi: Segmenting and classifying
Warning messages:
1: In match.call(definition, call, expand.dots, envir) :
  partial argument match of 'e.same' to 'e.sameState'
2: In getDefaultParameters(logR[valid & chrInd, , drop = F], maxCN = maxCN,  :
  partial argument match of 'e.same' to 'e.sameState'
3: partial match of 'ct.sc' to 'ct.sc.status' 
4: In viterbiResults$state : partial match of 'state' to 'states'
5: In viterbiResults$state : partial match of 'state' to 'states'
6: In getDefaultParameters(logR[valid & chrInd, , drop = F], maxCN = maxCN,  :
  partial argument match of 'e.same' to 'e.sameState'
7: partial match of 'ct.sc' to 'ct.sc.status' 
8: In viterbiResults$state : partial match of 'state' to 'states'
9: In viterbiResults$state : partial match of 'state' to 'states'
Total ULP-WGS HMM Runtime: 12 min.
Writing segments to results/ichorCNA/T_28//T_28.seg
Outputting to bin-level results to results/ichorCNA/T_28//T_28.cna.seg
Warning message:
partial match of 'copy.num' to 'copy.number' 
Warning messages:
1: In seq.default(a[1L], b[1L], length = M[1L]) :
  partial argument match of 'length' to 'length.out'
2: In seq.default(a[2L], b[2L], length = M[2L]) :
  partial argument match of 'length' to 'length.out'
3: In quantile.default(correctOutput$cor.gc[correctOutput$ideal], prob = c(0,  :
  partial argument match of 'prob' to 'probs'
4: In seq.default(a[1L], b[1L], length = M[1L]) :
  partial argument match of 'length' to 'length.out'
5: In seq.default(a[2L], b[2L], length = M[2L]) :
  partial argument match of 'length' to 'length.out'
6: In seq.default(a[1L], b[1L], length = M[1L]) :
  partial argument match of 'length' to 'length.out'
7: In seq.default(a[2L], b[2L], length = M[2L]) :
  partial argument match of 'length' to 'length.out'
8: In quantile.default(correctOutput$cor.map, prob = c(0, 1 - coutlier),  :
  partial argument match of 'prob' to 'probs'
9: In seq.default(a[1L], b[1L], length = M[1L]) :
  partial argument match of 'length' to 'length.out'
10: In seq.default(a[2L], b[2L], length = M[2L]) :
  partial argument match of 'length' to 'length.out'
