$WIG
[1] "results/readDepth/T_29.bin50000.wig"

$NORMWIG
[1] "results/readDepth/N_29.bin50000.wig"

$gcLoading required package: data.table
Loading required package: stats4
Loading required package: BiocGenerics
Loading required package: parallel

Attaching package: 'BiocGenerics'

The following objects are masked from 'package:parallel':

    clusterApply, clusterApplyLB, clusterCall, clusterEvalQ,
    clusterExport, clusterMap, parApply, parCapply, parLapply,
    parLapplyLB, parRapply, parSapply, parSapplyLB

The following objects are masked from 'package:stats':

    IQR, mad, sd, var, xtabs

The following objects are masked from 'package:base':

    anyDuplicated, append, as.data.frame, basename, cbind, colnames,
    dirname, do.call, duplicated, eval, evalq, Filter, Find, get, grep,
    grepl, intersect, is.unsorted, lapply, Map, mapply, match, mget,
    order, paste, pmax, pmax.int, pmin, pmin.int, Position, rank,
    rbind, Reduce, rownames, sapply, setdiff, sort, table, tapply,
    union, unique, unsplit, which.max, which.min

Loading required package: S4Vectors

Attaching package: 'S4Vectors'

The following objects are masked from 'package:data.table':

    first, second

The following object is masked from 'package:base':

    expand.grid

Loading required package: IRanges

Attaching package: 'IRanges'

The following object is masked from 'package:data.table':

    shift

Loading required package: GenomeInfoDb

Attaching package: 'Biostrings'

The following object is masked from 'package:base':

    strsplit

Warning message:
In rep(as.integer(len), length = length(str)) :
  partial argument match of 'length' to 'length.out'
Loading tumour file:T_29
Slurping: results/readDepth/T_29.bin50000.wig
Parsing: fixedStep chrom=chr1 start=1 step=50000 span=50000
Parsing: fixedStep chrom=chr2 start=1 step=50000 span=50000
Parsing: fixedStep chrom=chr3 start=1 step=50000 span=50000
Parsing: fixedStep chrom=chr4 start=1 step=50000 span=50000
Parsing: fixedStep chrom=chr5 start=1 step=50000 span=50000
Parsing: fixedStep chrom=chr6 start=1 step=50000 span=50000
Parsing: fixedStep chrom=chr7 start=1 step=50000 span=50000
Parsing: fixedStep chrom=chr8 start=1 step=50000 span=50000
Parsing: fixedStep chrom=chr9 start=1 step=50000 span=50000
Parsing: fixedStep chrom=chr10 start=1 step=50000 span=50000
Parsing: fixedStep chrom=chr11 start=1 step=50000 span=50000
Parsing: fixedStep chrom=chr12 start=1 step=50000 span=50000
Parsing: fixedStep chrom=chr13 start=1 step=50000 span=50000
Parsing: fixedStep chrom=chr14 start=1 step=50000 span=50000
Parsing: fixedStep chrom=chr15 start=1 step=50000 span=50000
Parsing: fixedStep chrom=chr16 start=1 step=50000 span=50000
Parsing: fixedStep chrom=chr17 start=1 step=50000 span=50000
Parsing: fixedStep chrom=chr18 start=1 step=50000 span=50000
Parsing: fixedStep chrom=chr19 start=1 step=50000 span=50000
Parsing: fixedStep chrom=chr20 start=1 step=50000 span=50000
Parsing: fixedStep chrom=chr21 start=1 step=50000 span=50000
Parsing: fixedStep chrom=chr22 start=1 step=50000 span=50000
Parsing: fixedStep chrom=chrX start=1 step=50000 span=50000
Parsing: fixedStep chrom=chrY start=1 step=50000 span=50000
Sorting by decreasing chromosome size
Reading GC and mappability files
Slurping: /dataVolume/storage/rpkgs/ichorCNA/inst/extdata/gc_hg19_50kb.wig
Parsing: fixedStep chrom=1 start=1 step=50000 span=50000
Parsing: fixedStep chrom=2 start=1 step=50000 span=50000
Parsing: fixedStep chrom=3 start=1 step=50000 span=50000
Parsing: fixedStep chrom=4 start=1 step=50000 span=50000
Parsing: fixedStep chrom=5 start=1 step=50000 span=50000
Parsing: fixedStep chrom=6 start=1 step=50000 span=50000
Parsing: fixedStep chrom=7 start=1 step=50000 span=50000
Parsing: fixedStep chrom=8 start=1 step=50000 span=50000
Parsing: fixedStep chrom=9 start=1 step=50000 span=50000
Parsing: fixedStep chrom=10 start=1 step=50000 span=50000
Parsing: fixedStep chrom=11 start=1 step=50000 span=50000
Parsing: fixedStep chrom=12 start=1 step=50000 span=50000
Parsing: fixedStep chrom=13 start=1 step=50000 span=50000
Parsing: fixedStep chrom=14 start=1 step=50000 span=50000
Parsing: fixedStep chrom=15 start=1 step=50000 span=50000
Parsing: fixedStep chrom=16 start=1 step=50000 span=50000
Parsing: fixedStep chrom=17 start=1 step=50000 span=50000
Parsing: fixedStep chrom=18 start=1 step=50000 span=50000
Parsing: fixedStep chrom=19 start=1 step=50000 span=50000
Parsing: fixedStep chrom=20 start=1 step=50000 span=50000
Parsing: fixedStep chrom=21 start=1 step=50000 span=50000
Parsing: fixedStep chrom=22 start=1 step=50000 span=50000
Parsing: fixedStep chrom=X start=1 step=50000 span=50000
Parsing: fixedStep chrom=Y start=1 step=50000 span=50000
Sorting by decreasing chromosome size
Slurping: /dataVolume/storage/rpkgs/ichorCNA/inst/extdata/map_hg19_50kb.wig
Parsing: fixedStep chrom=1 start=1 step=50000 span=50000
Parsing: fixedStep chrom=2 start=1 step=50000 span=50000
Parsing: fixedStep chrom=3 start=1 step=50000 span=50000
Parsing: fixedStep chrom=4 start=1 step=50000 span=50000
Parsing: fixedStep chrom=5 start=1 step=50000 span=50000
Parsing: fixedStep chrom=6 start=1 step=50000 span=50000
Parsing: fixedStep chrom=7 start=1 step=50000 span=50000
Parsing: fixedStep chrom=8 start=1 step=50000 span=50000
Parsing: fixedStep chrom=9 start=1 step=50000 span=50000
Parsing: fixedStep chrom=10 start=1 step=50000 span=50000
Parsing: fixedStep chrom=11 start=1 step=50000 span=50000
Parsing: fixedStep chrom=12 start=1 step=50000 span=50000
Parsing: fixedStep chrom=13 start=1 step=50000 span=50000
Parsing: fixedStep chrom=14 start=1 step=50000 span=50000
Parsing: fixedStep chrom=15 start=1 step=50000 span=50000
Parsing: fixedStep chrom=16 start=1 step=50000 span=50000
Parsing: fixedStep chrom=17 start=1 step=50000 span=50000
Parsing: fixedStep chrom=18 start=1 step=50000 span=50000
Parsing: fixedStep chrom=19 start=1 step=50000 span=50000
Parsing: fixedStep chrom=20 start=1 step=50000 span=50000
Parsing: fixedStep chrom=21 start=1 step=50000 span=50000
Parsing: fixedStep chrom=22 start=1 step=50000 span=50000
Parsing: fixedStep chrom=X start=1 step=50000 span=50000
Parsing: fixedStep chrom=Y start=1 step=50000 span=50000
Sorting by decreasing chromosome size
Correcting Tumour
Removed 1495 bins near centromeres.
Applying filter on data...
Correcting for GC bias...
Correcting for mappability bias...
Filtering low uniqueness regions with mappability score < 0.9
Removed 65 bins near centromeres.
Loading normal file:results/readDepth/N_29.bin50000.wig
Slurping: results/readDepth/N_29.bin50000.wig
Parsing: fixedStep chrom=chr1 start=1 step=50000 span=50000
Parsing: fixedStep chrom=chr2 start=1 step=50000 span=50000
Parsing: fixedStep chrom=chr3 start=1 step=50000 span=50000
Parsing: fixedStep chrom=chr4 start=1 step=50000 span=50000
Parsing: fixedStep chrom=chr5 start=1 step=50000 span=50000
Parsing: fixedStep chrom=chr6 start=1 step=50000 span=50000
Parsing: fixedStep chrom=chr7 start=1 step=50000 span=50000
Parsing: fixedStep chrom=chr8 start=1 step=50000 span=50000
Parsing: fixedStep chrom=chr9 start=1 step=50000 span=50000
Parsing: fixedStep chrom=chr10 start=1 step=50000 span=50000
Parsing: fixedStep chrom=chr11 start=1 step=50000 span=50000
Parsing: fixedStep chrom=chr12 start=1 step=50000 span=50000
Parsing: fixedStep chrom=chr13 start=1 step=50000 span=50000
Parsing: fixedStep chrom=chr14 start=1 step=50000 span=50000
Parsing: fixedStep chrom=chr15 start=1 step=50000 span=50000
Parsing: fixedStep chrom=chr16 start=1 step=50000 span=50000
Parsing: fixedStep chrom=chr17 start=1 step=50000 span=50000
Parsing: fixedStep chrom=chr18 start=1 step=50000 span=50000
Parsing: fixedStep chrom=chr19 start=1 step=50000 span=50000
Parsing: fixedStep chrom=chr20 start=1 step=50000 span=50000
Parsing: fixedStep chrom=chr21 start=1 step=50000 span=50000
Parsing: fixedStep chrom=chr22 start=1 step=50000 span=50000
Parsing: fixedStep chrom=chrX start=1 step=50000 span=50000
Parsing: fixedStep chrom=chrY start=1 step=50000 span=50000
Sorting by decreasing chromosome size
Correcting Normal
Removed 1495 bins near centromeres.
Applying filter on data...
Correcting for GC bias...
Correcting for mappability bias...
Filtering low uniqueness regions with mappability score < 0.9
Removed 65 bins near centromeres.
Determining gender...Gender female
Normalizing Tumour by Normal
Outputting to: results/ichorCNA/T_29//T_29.correctedDepth.txt
Warning messages:
1: In quantile.default(x$reads[x$valid & chrInd], prob = c(0, 1 - routlier),  :
  partial argument match of 'prob' to 'probs'
2: In quantile.default(x$gc[x$valid & chrInd], prob = c(doutlier, 1 -  :
  partial argument match of 'prob' to 'probs'
3: In quantile.default(x$cor.gc[which(x$valid & chrInd)], prob = c(0,  :
  partial argument match of 'prob' to 'probs'
4: In regularize.values(x, y, ties, missing(ties), na.rm = na.rm) :
  collapsing to unique 'x' values
5: In quantile.default(x$reads[x$valid & chrInd], prob = c(0, 1 - routlier),  :
  partial argument match of 'prob' to 'probs'
6: In quantile.default(x$gc[x$valid & chrInd], prob = c(doutlier, 1 -  :
  partial argument match of 'prob' to 'probs'
7: In quantile.default(x$cor.gc[which(x$valid & chrInd)], prob = c(0,  :
  partial argument match of 'prob' to 'probs'
8: In regularize.values(x, y, ties, missing(ties), na.rm = na.rm) :
  collapsing to unique 'x' values
9: In match.call(definition, call, expand.dots, envir) :
  partial argument match of 'chr' to 'chrs'
runEM: Initialization
runEM iter1: Expectation
runEM iter1: Maximization
Sample1 n=0.5436, sp=0.002582, phi=2.045, lambda=89.564,45.921,46.614,62.842,40.72,36.845,37.462,131.56,8.1358,87.906, F=3702
runEM iter 1  Log likelihood: 1151.61678555608
runEM iter1 Time: 1 min.
runEM iter2: Expectation
runEM iter2: Maximization
Sample1 n=0.5674, sp=0.001934, phi=2.078, lambda=134.07,52.933,57.145,67.712,44.752,44.246,43.536,70.319,9.0543,115.53, F=4785
runEM iter 2  Log likelihood: 5682.60573899415
runEM iter2 Time: 0.99 min.
runEM iter3: Expectation
runEM iter3: Maximization
Sample1 n=0.5795, sp=0.001934, phi=2.094, lambda=157.59,58.694,63.159,65.106,51.706,51.894,47.35,51.179,8.837,130.94, F=4557
runEM iter 3  Log likelihood: 6906.356834107
runEM iter3 Time: 0.62 min.
runEM iter4: Expectation
runEM iter4: Maximization
Sample1 n=0.5899, sp=0.001934, phi=2.101, lambda=171.6,62.713,66.294,61.3,60.797,68.289,46.65,48.679,8.5925,131.16, F=4145
runEM iter 4  Log likelihood: 7411.30046399645
runEM iter4 Time: 0.37 min.
runEM iter5: Expectation
runEM iter5: Maximization
Sample1 n=0.598, sp=0.001991, phi=2.103, lambda=178.76,65.664,67.724,59.128,64.736,77.56,45.506,48.176,8.3717,131.51, F=3819
runEM iter 5  Log likelihood: 7665.12702541026
runEM iter5 Time: 0.36 min.
runEM iter6: Expectation
runEM iter6: Maximization
Sample1 n=0.6054, sp=0.002082, phi=2.101, lambda=182.09,67.958,68.287,57.75,68.03,81.277,44.546,46.788,8.1503,142.74, F=3613
runEM iter 6  Log likelihood: 7810.13515672895
runEM iter6 Time: 0.61 min.
runEM iter7: Expectation
runEM iter7: Maximization
Sample1 n=0.6127, sp=0.002104, phi=2.099, lambda=182.69,69.892,68.432,56.508,73.878,91.092,42.894,45.167,7.9333,142.87, F=3493
runEM iter 7  Log likelihood: 7911.90325801311
runEM iter7 Time: 0.31 min.
runEM iter8: Expectation
runEM iter8: Maximization
Sample1 n=0.6198, sp=0.002205, phi=2.094, lambda=181.46,71.66,68.38,55.474,81.935,101.02,41.703,43.47,7.7239,151.79, F=3432
runEM iter 8  Log likelihood: 7993.83022121765
runEM iter8 Time: 0.53 min.
runEM iter9: Expectation
runEM iter9: Maximization
Sample1 n=0.6265, sp=0.002282, phi=2.089, lambda=179.13,73.377,68.209,54.845,89.187,112.72,40.268,42.997,7.5252,160.01, F=3412
runEM iter 9  Log likelihood: 8064.86179665998
runEM iter9 Time: 0.67 min.
runEM iter10: Expectation
runEM iter10: Maximization
Sample1 n=0.6328, sp=0.002377, phi=2.083, lambda=176.15,75.127,67.954,54.395,94.665,125.71,38.816,42.97,7.3462,167.51, F=3433
runEM iter 10  Log likelihood: 8135.68935408376
runEM iter10 Time: 0.68 min.
runEM iter11: Expectation
runEM iter11: Maximization
Sample1 n=0.6385, sp=0.002528, phi=2.076, lambda=172.92,76.957,67.608,54.095,98.263,134.77,37.843,42.634,7.2048,172.75, F=3497
runEM iter 11  Log likelihood: 8215.32511122005
runEM iter11 Time: 0.69 min.
runEM iter12: Expectation
runEM iter12: Maximization
Sample1 n=0.6435, sp=0.002767, phi=2.07, lambda=170.22,78.86,67.236,53.926,100.14,138.66,37.29,42.078,7.2262,172.69, F=3586
runEM iter 12  Log likelihood: 8295.65256434355
runEM iter12 Time: 0.38 min.
runEM iter13: Expectation
runEM iter13: Maximization
Sample1 n=0.6486, sp=0.00281, phi=2.062, lambda=172.92,80.734,66.845,53.789,100.81,141.32,37.1,41.328,8.4752,166.65, F=3713
runEM iter 13  Log likelihood: 8389.16700592359
runEM iter13 Time: 0.56 min.
runEM iter14: Expectation
runEM iter14: Maximization
Sample1 n=0.6532, sp=0.002616, phi=2.054, lambda=177.21,82.674,66.424,53.624,100.75,143.84,37.265,40.492,9.9605,157.32, F=3866
runEM iter 14  Log likelihood: 8500.10472935249
runEM iter14 Time: 0.43 min.
runEM iter15: Expectation
runEM iter15: Maximization
Sample1 n=0.6565, sp=0.002456, phi=2.049, lambda=176.78,84.772,66.025,53.433,100.11,145.84,37.607,39.906,10.36,146.03, F=3982
runEM iter 15  Log likelihood: 8578.20159128073
runEM iter15 Time: 0.31 min.
runEM iter16: Expectation
runEM iter16: Maximization
Sample1 n=0.6592, sp=0.002456, phi=2.045, lambda=174.49,86.872,65.701,53.211,99.219,146.85,37.856,39.583,10.381,133.59, F=4079
runEM iter 16  Log likelihood: 8631.42177471529
runEM iter16 Time: 0.34 min.
runEM iter17: Expectation
runEM iter17: Maximization
Sample1 n=0.6615, sp=0.002564, phi=2.041, lambda=171.79,88.851,65.472,52.96,98.364,147.26,38.036,39.398,10.327,121.01, F=4171
runEM iter 17  Log likelihood: 8675.60955548926
runEM iter17 Time: 0.26 min.
runEM iter18: Expectation
runEM iter18: Maximization
Sample1 n=0.6637, sp=0.002899, phi=2.038, lambda=169.18,90.664,65.336,52.749,97.458,147.39,38.237,39.266,10.256,108.74, F=4266
runEM iter 18  Log likelihood: 8719.78109129563
runEM iter18 Time: 0.27 min.
runEM iter19: Expectation
runEM iter19: Maximization
Sample1 n=0.6659, sp=0.003621, phi=2.037, lambda=166.82,92.294,65.262,52.594,96.216,147.35,38.496,39.121,10.18,97.445, F=4363
runEM iter 19  Log likelihood: 8767.53941813878
runEM iter19 Time: 0.28 min.
runEM iter20: Expectation
runEM iter20: Maximization
Sample1 n=0.6681, sp=0.004568, phi=2.038, lambda=164.78,93.759,65.202,52.703,94.703,146.69,38.91,38.98,10.107,88.288, F=4450
runEM iter 20  Log likelihood: 8809.262015293
runEM iter20 Time: 0.29 min.
runEM iter21: Expectation
runEM iter21: Maximization
Sample1 n=0.6702, sp=0.005472, phi=2.039, lambda=163.09,95.067,65.098,53.252,92.967,146.59,39.612,38.854,10.05,81.723, F=4518
runEM iter 21  Log likelihood: 8832.29273835641
runEM iter21 Time: 0.21 min.
runEM iter22: Expectation
runEM iter22: Maximization
Sample1 n=0.672, sp=0.005966, phi=2.041, lambda=161.69,96.236,64.939,53.772,91.646,145.55,40.956,38.764,9.9974,77.84, F=4563
runEM iter 22  Log likelihood: 8834.69370098905
runEM iter22 Time: 0.31 min.
runEM iter22: Re-calculating responsibilties from converged parameters.
runEM: Using optimal parameters from iter22
runEM: Total elapsed time: 10min.
runViterbi: Segmenting and classifying
runEM: Initialization
runEM iter1: Expectation
runEM iter1: Maximization
Sample1 n=0.5029, sp=0.5012, phi=2.993, lambda=35.147,83.996,45.928,43.811,44.101,48.03,34.488,133.92,127.06,126.82, F=3383
runEM iter 1  Log likelihood: -32.5018510954196
runEM iter1 Time: 0.42 min.
runEM iter2: Expectation
runEM iter2: Maximization
Sample1 n=0.5078, sp=0.4375, phi=2.988, lambda=33.724,131.54,49.228,57.19,55.025,54.884,34.589,89.616,125.72,134.01, F=6006
runEM iter 2  Log likelihood: 6576.0031184516
runEM iter2 Time: 0.39 min.
runEM iter3: Expectation
runEM iter3: Maximization
Sample1 n=0.5021, sp=0.4499, phi=2.979, lambda=34.115,167.08,53.218,64.341,59.742,57.822,42.91,42.373,126.77,145.71, F=6300
runEM iter 3  Log likelihood: 8558.40598998971
runEM iter3 Time: 0.3 min.
runEM iter4: Expectation
runEM iter4: Maximization
Sample1 n=0.4984, sp=0.4788, phi=2.973, lambda=34.54,188.82,58.69,68.348,61.889,57.462,50.827,40.524,138.62,154.04, F=6069
runEM iter 4  Log likelihood: 9467.21916099644
runEM iter4 Time: 0.25 min.
runEM iter5: Expectation
runEM iter5: Maximization
Sample1 n=0.4934, sp=0.5043, phi=2.971, lambda=35.247,201.07,64.661,70.72,63.341,56.685,61.229,40.757,142.7,161.65, F=5936
runEM iter 5  Log likelihood: 9920.6782003742
runEM iter5 Time: 0.26 min.
runEM iter6: Expectation
runEM iter6: Maximization
Sample1 n=0.4882, sp=0.5233, phi=2.971, lambda=36.018,207.48,70.202,72.171,65.357,56.69,70.147,40.925,141.59,166.97, F=5859
runEM iter 6  Log likelihood: 10159.2874670572
runEM iter6 Time: 0.26 min.
runEM iter7: Expectation
runEM iter7: Maximization
Sample1 n=0.4845, sp=0.5373, phi=2.973, lambda=36.593,210.46,74.892,73.153,66.931,58.524,87.143,40.748,139.63,170.35, F=5783
runEM iter 7  Log likelihood: 10270.1119703248
runEM iter7 Time: 0.26 min.
runEM iter8: Expectation
runEM iter8: Maximization
Sample1 n=0.4827, sp=0.5482, phi=2.976, lambda=36.921,211.18,78.95,73.878,67.618,59.745,117.77,40.611,137.84,172.38, F=5701
runEM iter 8  Log likelihood: 10323.6940194519
runEM iter8 Time: 0.24 min.
runEM iter9: Expectation
runEM iter9: Maximization
Sample1 n=0.4822, sp=0.5571, phi=2.979, lambda=37.106,210.7,82.669,74.388,67.747,60.945,138.88,40.794,136.19,173.7, F=5624
runEM iter 9  Log likelihood: 10352.9241767031
runEM iter9 Time: 0.24 min.
runEM iter10: Expectation
runEM iter10: Maximization
Sample1 n=0.4823, sp=0.5642, phi=2.984, lambda=37.207,209.76,86.119,74.713,67.563,62.38,146.51,40.909,134.71,174.58, F=5556
runEM iter 10  Log likelihood: 10368.35846839
runEM iter10 Time: 0.27 min.
runEM iter11: Expectation
runEM iter11: Maximization
Sample1 n=0.4828, sp=0.5698, phi=2.989, lambda=37.274,208.77,89.315,74.893,67.216,64.018,149.87,40.889,133.46,175.14, F=5494
runEM iter 11  Log likelihood: 10375.2142668595
runEM iter11 Time: 0.28 min.
runEM iter11: Re-calculating responsibilties from converged parameters.
runEM: Using optimal parameters from iter11
runEM: Total elapsed time: 3.2min.
runViterbi: Segmenting and classifying
Warning messages:
1: In match.call(definition, call, expand.dots, envir) :
  partial argument match of 'e.same' to 'e.sameState'
2: In getDefaultParameters(logR[valid & chrInd, , drop = F], maxCN = maxCN,  :
  partial argument match of 'e.same' to 'e.sameState'
3: partial match of 'ct.sc' to 'ct.sc.status' 
4: In viterbiResults$state : partial match of 'state' to 'states'
5: In viterbiResults$state : partial match of 'state' to 'states'
6: In getDefaultParameters(logR[valid & chrInd, , drop = F], maxCN = maxCN,  :
  partial argument match of 'e.same' to 'e.sameState'
7: partial match of 'ct.sc' to 'ct.sc.status' 
8: In viterbiResults$state : partial match of 'state' to 'states'
9: In viterbiResults$state : partial match of 'state' to 'states'
Total ULP-WGS HMM Runtime: 14 min.
Writing segments to results/ichorCNA/T_29//T_29.seg
Outputting to bin-level results to results/ichorCNA/T_29//T_29.cna.seg
Warning message:
partial match of 'copy.num' to 'copy.number' 
Warning messages:
1: In seq.default(a[1L], b[1L], length = M[1L]) :
  partial argument match of 'length' to 'length.out'
2: In seq.default(a[2L], b[2L], length = M[2L]) :
  partial argument match of 'length' to 'length.out'
3: In quantile.default(correctOutput$cor.gc[correctOutput$ideal], prob = c(0,  :
  partial argument match of 'prob' to 'probs'
4: In seq.default(a[1L], b[1L], length = M[1L]) :
  partial argument match of 'length' to 'length.out'
5: In seq.default(a[2L], b[2L], length = M[2L]) :
  partial argument match of 'length' to 'length.out'
6: In seq.default(a[1L], b[1L], length = M[1L]) :
  partial argument match of 'length' to 'length.out'
7: In seq.default(a[2L], b[2L], length = M[2L]) :
  partial argument match of 'length' to 'length.out'
8: In quantile.default(correctOutput$cor.map, prob = c(0, 1 - coutlier),  :
  partial argument match of 'prob' to 'probs'
9: In seq.default(a[1L], b[1L], length = M[1L]) :
  partial argument match of 'length' to 'length.out'
10: In seq.default(a[2L], b[2L], length = M[2L]) :
  partial argument match of 'length' to 'length.out'
