$WIG
[1] "results/readDepth/T_31.bin50000.wig"

$NORMWIG
[1] "results/readDepth/N_31.bin50000.wig"

$gcLoading required package: data.table
Loading required package: stats4
Loading required package: BiocGenerics
Loading required package: parallel

Attaching package: 'BiocGenerics'

The following objects are masked from 'package:parallel':

    clusterApply, clusterApplyLB, clusterCall, clusterEvalQ,
    clusterExport, clusterMap, parApply, parCapply, parLapply,
    parLapplyLB, parRapply, parSapply, parSapplyLB

The following objects are masked from 'package:stats':

    IQR, mad, sd, var, xtabs

The following objects are masked from 'package:base':

    anyDuplicated, append, as.data.frame, basename, cbind, colnames,
    dirname, do.call, duplicated, eval, evalq, Filter, Find, get, grep,
    grepl, intersect, is.unsorted, lapply, Map, mapply, match, mget,
    order, paste, pmax, pmax.int, pmin, pmin.int, Position, rank,
    rbind, Reduce, rownames, sapply, setdiff, sort, table, tapply,
    union, unique, unsplit, which.max, which.min

Loading required package: S4Vectors

Attaching package: 'S4Vectors'

The following objects are masked from 'package:data.table':

    first, second

The following object is masked from 'package:base':

    expand.grid

Loading required package: IRanges

Attaching package: 'IRanges'

The following object is masked from 'package:data.table':

    shift

Loading required package: GenomeInfoDb

Attaching package: 'Biostrings'

The following object is masked from 'package:base':

    strsplit

Warning message:
In rep(as.integer(len), length = length(str)) :
  partial argument match of 'length' to 'length.out'
Loading tumour file:T_31
Slurping: results/readDepth/T_31.bin50000.wig
Parsing: fixedStep chrom=chr1 start=1 step=50000 span=50000
Parsing: fixedStep chrom=chr2 start=1 step=50000 span=50000
Parsing: fixedStep chrom=chr3 start=1 step=50000 span=50000
Parsing: fixedStep chrom=chr4 start=1 step=50000 span=50000
Parsing: fixedStep chrom=chr5 start=1 step=50000 span=50000
Parsing: fixedStep chrom=chr6 start=1 step=50000 span=50000
Parsing: fixedStep chrom=chr7 start=1 step=50000 span=50000
Parsing: fixedStep chrom=chr8 start=1 step=50000 span=50000
Parsing: fixedStep chrom=chr9 start=1 step=50000 span=50000
Parsing: fixedStep chrom=chr10 start=1 step=50000 span=50000
Parsing: fixedStep chrom=chr11 start=1 step=50000 span=50000
Parsing: fixedStep chrom=chr12 start=1 step=50000 span=50000
Parsing: fixedStep chrom=chr13 start=1 step=50000 span=50000
Parsing: fixedStep chrom=chr14 start=1 step=50000 span=50000
Parsing: fixedStep chrom=chr15 start=1 step=50000 span=50000
Parsing: fixedStep chrom=chr16 start=1 step=50000 span=50000
Parsing: fixedStep chrom=chr17 start=1 step=50000 span=50000
Parsing: fixedStep chrom=chr18 start=1 step=50000 span=50000
Parsing: fixedStep chrom=chr19 start=1 step=50000 span=50000
Parsing: fixedStep chrom=chr20 start=1 step=50000 span=50000
Parsing: fixedStep chrom=chr21 start=1 step=50000 span=50000
Parsing: fixedStep chrom=chr22 start=1 step=50000 span=50000
Parsing: fixedStep chrom=chrX start=1 step=50000 span=50000
Parsing: fixedStep chrom=chrY start=1 step=50000 span=50000
Sorting by decreasing chromosome size
Reading GC and mappability files
Slurping: /dataVolume/storage/rpkgs/ichorCNA/inst/extdata/gc_hg19_50kb.wig
Parsing: fixedStep chrom=1 start=1 step=50000 span=50000
Parsing: fixedStep chrom=2 start=1 step=50000 span=50000
Parsing: fixedStep chrom=3 start=1 step=50000 span=50000
Parsing: fixedStep chrom=4 start=1 step=50000 span=50000
Parsing: fixedStep chrom=5 start=1 step=50000 span=50000
Parsing: fixedStep chrom=6 start=1 step=50000 span=50000
Parsing: fixedStep chrom=7 start=1 step=50000 span=50000
Parsing: fixedStep chrom=8 start=1 step=50000 span=50000
Parsing: fixedStep chrom=9 start=1 step=50000 span=50000
Parsing: fixedStep chrom=10 start=1 step=50000 span=50000
Parsing: fixedStep chrom=11 start=1 step=50000 span=50000
Parsing: fixedStep chrom=12 start=1 step=50000 span=50000
Parsing: fixedStep chrom=13 start=1 step=50000 span=50000
Parsing: fixedStep chrom=14 start=1 step=50000 span=50000
Parsing: fixedStep chrom=15 start=1 step=50000 span=50000
Parsing: fixedStep chrom=16 start=1 step=50000 span=50000
Parsing: fixedStep chrom=17 start=1 step=50000 span=50000
Parsing: fixedStep chrom=18 start=1 step=50000 span=50000
Parsing: fixedStep chrom=19 start=1 step=50000 span=50000
Parsing: fixedStep chrom=20 start=1 step=50000 span=50000
Parsing: fixedStep chrom=21 start=1 step=50000 span=50000
Parsing: fixedStep chrom=22 start=1 step=50000 span=50000
Parsing: fixedStep chrom=X start=1 step=50000 span=50000
Parsing: fixedStep chrom=Y start=1 step=50000 span=50000
Sorting by decreasing chromosome size
Slurping: /dataVolume/storage/rpkgs/ichorCNA/inst/extdata/map_hg19_50kb.wig
Parsing: fixedStep chrom=1 start=1 step=50000 span=50000
Parsing: fixedStep chrom=2 start=1 step=50000 span=50000
Parsing: fixedStep chrom=3 start=1 step=50000 span=50000
Parsing: fixedStep chrom=4 start=1 step=50000 span=50000
Parsing: fixedStep chrom=5 start=1 step=50000 span=50000
Parsing: fixedStep chrom=6 start=1 step=50000 span=50000
Parsing: fixedStep chrom=7 start=1 step=50000 span=50000
Parsing: fixedStep chrom=8 start=1 step=50000 span=50000
Parsing: fixedStep chrom=9 start=1 step=50000 span=50000
Parsing: fixedStep chrom=10 start=1 step=50000 span=50000
Parsing: fixedStep chrom=11 start=1 step=50000 span=50000
Parsing: fixedStep chrom=12 start=1 step=50000 span=50000
Parsing: fixedStep chrom=13 start=1 step=50000 span=50000
Parsing: fixedStep chrom=14 start=1 step=50000 span=50000
Parsing: fixedStep chrom=15 start=1 step=50000 span=50000
Parsing: fixedStep chrom=16 start=1 step=50000 span=50000
Parsing: fixedStep chrom=17 start=1 step=50000 span=50000
Parsing: fixedStep chrom=18 start=1 step=50000 span=50000
Parsing: fixedStep chrom=19 start=1 step=50000 span=50000
Parsing: fixedStep chrom=20 start=1 step=50000 span=50000
Parsing: fixedStep chrom=21 start=1 step=50000 span=50000
Parsing: fixedStep chrom=22 start=1 step=50000 span=50000
Parsing: fixedStep chrom=X start=1 step=50000 span=50000
Parsing: fixedStep chrom=Y start=1 step=50000 span=50000
Sorting by decreasing chromosome size
Correcting Tumour
Removed 1495 bins near centromeres.
Applying filter on data...
Correcting for GC bias...
Correcting for mappability bias...
Filtering low uniqueness regions with mappability score < 0.9
Removed 65 bins near centromeres.
Loading normal file:results/readDepth/N_31.bin50000.wig
Slurping: results/readDepth/N_31.bin50000.wig
Parsing: fixedStep chrom=chr1 start=1 step=50000 span=50000
Parsing: fixedStep chrom=chr2 start=1 step=50000 span=50000
Parsing: fixedStep chrom=chr3 start=1 step=50000 span=50000
Parsing: fixedStep chrom=chr4 start=1 step=50000 span=50000
Parsing: fixedStep chrom=chr5 start=1 step=50000 span=50000
Parsing: fixedStep chrom=chr6 start=1 step=50000 span=50000
Parsing: fixedStep chrom=chr7 start=1 step=50000 span=50000
Parsing: fixedStep chrom=chr8 start=1 step=50000 span=50000
Parsing: fixedStep chrom=chr9 start=1 step=50000 span=50000
Parsing: fixedStep chrom=chr10 start=1 step=50000 span=50000
Parsing: fixedStep chrom=chr11 start=1 step=50000 span=50000
Parsing: fixedStep chrom=chr12 start=1 step=50000 span=50000
Parsing: fixedStep chrom=chr13 start=1 step=50000 span=50000
Parsing: fixedStep chrom=chr14 start=1 step=50000 span=50000
Parsing: fixedStep chrom=chr15 start=1 step=50000 span=50000
Parsing: fixedStep chrom=chr16 start=1 step=50000 span=50000
Parsing: fixedStep chrom=chr17 start=1 step=50000 span=50000
Parsing: fixedStep chrom=chr18 start=1 step=50000 span=50000
Parsing: fixedStep chrom=chr19 start=1 step=50000 span=50000
Parsing: fixedStep chrom=chr20 start=1 step=50000 span=50000
Parsing: fixedStep chrom=chr21 start=1 step=50000 span=50000
Parsing: fixedStep chrom=chr22 start=1 step=50000 span=50000
Parsing: fixedStep chrom=chrX start=1 step=50000 span=50000
Parsing: fixedStep chrom=chrY start=1 step=50000 span=50000
Sorting by decreasing chromosome size
Correcting Normal
Removed 1495 bins near centromeres.
Applying filter on data...
Correcting for GC bias...
Correcting for mappability bias...
Filtering low uniqueness regions with mappability score < 0.9
Removed 65 bins near centromeres.
Determining gender...Gender male
Normalizing Tumour by Normal
Outputting to: results/ichorCNA/T_31//T_31.correctedDepth.txt
Warning messages:
1: In quantile.default(x$reads[x$valid & chrInd], prob = c(0, 1 - routlier),  :
  partial argument match of 'prob' to 'probs'
2: In quantile.default(x$gc[x$valid & chrInd], prob = c(doutlier, 1 -  :
  partial argument match of 'prob' to 'probs'
3: In quantile.default(x$cor.gc[which(x$valid & chrInd)], prob = c(0,  :
  partial argument match of 'prob' to 'probs'
4: In regularize.values(x, y, ties, missing(ties), na.rm = na.rm) :
  collapsing to unique 'x' values
5: In quantile.default(x$reads[x$valid & chrInd], prob = c(0, 1 - routlier),  :
  partial argument match of 'prob' to 'probs'
6: In quantile.default(x$gc[x$valid & chrInd], prob = c(doutlier, 1 -  :
  partial argument match of 'prob' to 'probs'
7: In quantile.default(x$cor.gc[which(x$valid & chrInd)], prob = c(0,  :
  partial argument match of 'prob' to 'probs'
8: In regularize.values(x, y, ties, missing(ties), na.rm = na.rm) :
  collapsing to unique 'x' values
9: In match.call(definition, call, expand.dots, envir) :
  partial argument match of 'chr' to 'chrs'
runEM: Initialization
runEM iter1: Expectation
runEM iter1: Maximization
Sample1 n=0.4656, sp=0.04411, phi=1.946, lambda=14.579,11.979,12.564,9.1783,13.13,10.289,8.4638,21.952,4.2549,4.9279, F=-34960
runEM iter 1  Log likelihood: -38320.3150661241
runEM iter1 Time: 1.2 min.
runEM iter2: Expectation
runEM iter2: Maximization
Sample1 n=0.4477, sp=0.007161, phi=1.942, lambda=17.589,13.048,13.707,18.074,22.97,20.101,5.8706,33.063,5.1948,6.3925, F=-32580
runEM iter 2  Log likelihood: -31854.8854431036
runEM iter2 Time: 0.95 min.
runEM iter3: Expectation
runEM iter3: Maximization
Sample1 n=0.4242, sp=0.005453, phi=1.952, lambda=20.523,16.871,14.791,26.145,26.728,26.485,5.2221,35.164,5.5468,7.0343, F=-32010
runEM iter 3  Log likelihood: -29474.7756929938
runEM iter3 Time: 0.81 min.
runEM iter4: Expectation
runEM iter4: Maximization
Sample1 n=0.4101, sp=0.004942, phi=1.961, lambda=23.116,19.27,15.71,29.942,28.186,30.043,5.2112,35.08,5.8434,7.4567, F=-31950
runEM iter 4  Log likelihood: -28319.8825281613
runEM iter4 Time: 0.53 min.
runEM iter5: Expectation
runEM iter5: Maximization
Sample1 n=0.4018, sp=0.005333, phi=1.968, lambda=25.072,20.488,16.542,31.084,29.21,33.085,5.2217,33.245,6.0307,7.821, F=-32130
runEM iter 5  Log likelihood: -27855.0310623051
runEM iter5 Time: 0.79 min.
runEM iter6: Expectation
runEM iter6: Maximization
Sample1 n=0.3969, sp=0.00584, phi=1.973, lambda=26.397,21.311,17.292,31.257,29.166,34.756,5.227,33.263,6.1125,8.0659, F=-32290
runEM iter 6  Log likelihood: -27648.6182260147
runEM iter6 Time: 0.41 min.
runEM iter7: Expectation
runEM iter7: Maximization
Sample1 n=0.3941, sp=0.006246, phi=1.976, lambda=27.232,21.693,17.95,31.134,28.921,35.3,5.2308,33.321,6.1491,8.1978, F=-32400
runEM iter 7  Log likelihood: -27549.4991447121
runEM iter7 Time: 0.39 min.
runEM iter8: Expectation
runEM iter8: Maximization
Sample1 n=0.3927, sp=0.006491, phi=1.978, lambda=27.729,21.784,18.522,30.937,28.757,35.392,5.2332,33.455,6.1655,8.2673, F=-32460
runEM iter 8  Log likelihood: -27496.7644491589
runEM iter8 Time: 0.47 min.
runEM iter9: Expectation
runEM iter9: Maximization
Sample1 n=0.3921, sp=0.006633, phi=1.98, lambda=28.006,21.736,19.032,30.735,28.787,35.382,5.2348,33.497,6.1721,8.3045, F=-32480
runEM iter 9  Log likelihood: -27462.2511720849
runEM iter9 Time: 0.34 min.
runEM iter10: Expectation
runEM iter10: Maximization
Sample1 n=0.392, sp=0.00672, phi=1.981, lambda=28.145,21.641,19.502,30.542,28.901,35.374,5.2321,39.065,6.1738,8.3248, F=-32490
runEM iter 10  Log likelihood: -27437.1453264991
runEM iter10 Time: 0.64 min.
runEM iter10: Re-calculating responsibilties from converged parameters.
runEM: Using optimal parameters from iter10
runEM: Total elapsed time: 6.6min.
runViterbi: Segmenting and classifying
runEM: Initialization
runEM iter1: Expectation
runEM iter1: Maximization
Sample1 n=0.5024, sp=0.1131, phi=3.015, lambda=20.708,14.064,13.301,7.336,9.9906,18.633,9.1068,2.4077,5.7913,10.354, F=-34210
runEM iter 1  Log likelihood: -37473.2961972363
runEM iter1 Time: 1.3 min.
runEM iter2: Expectation
runEM iter2: Maximization
Sample1 n=0.5005, sp=0.02227, phi=3.012, lambda=33.677,14.284,14.23,7.9985,13.596,26.871,10.924,3.3303,6.6449,10.868, F=-31380
runEM iter 2  Log likelihood: -30652.2703089743
runEM iter2 Time: 0.77 min.
runEM iter3: Expectation
runEM iter3: Maximization
Sample1 n=0.4991, sp=0.01416, phi=2.989, lambda=44.423,15.107,19.321,8.2102,18.294,30.693,11.722,3.8463,6.8253,17.8, F=-31330
runEM iter 3  Log likelihood: -28640.6359563978
runEM iter3 Time: 0.93 min.
runEM iter4: Expectation
runEM iter4: Maximization
Sample1 n=0.4985, sp=0.01272, phi=2.967, lambda=49.808,15.667,22.227,8.0972,23.72,31.832,11.848,3.95,6.8798,28.9, F=-31490
runEM iter 4  Log likelihood: -27686.0184357641
runEM iter4 Time: 0.78 min.
runEM iter5: Expectation
runEM iter5: Maximization
Sample1 n=0.4988, sp=0.01141, phi=2.949, lambda=52.468,15.9,23.113,8.0344,28.928,31.674,11.824,3.9837,7.0344,28.926, F=-31600
runEM iter 5  Log likelihood: -27228.5147556688
runEM iter5 Time: 0.42 min.
runEM iter6: Expectation
runEM iter6: Maximization
Sample1 n=0.5001, sp=0.01098, phi=2.937, lambda=53.225,15.925,23.228,8.0973,32.984,31.167,11.8,3.9822,6.9892,28.945, F=-31700
runEM iter 6  Log likelihood: -27015.3386404443
runEM iter6 Time: 0.43 min.
runEM iter7: Expectation
runEM iter7: Maximization
Sample1 n=0.5025, sp=0.01083, phi=2.927, lambda=53.222,15.857,23.092,8.2406,35.765,30.664,11.742,3.9731,6.9474,28.946, F=-31790
runEM iter 7  Log likelihood: -26915.7370508968
runEM iter7 Time: 0.37 min.
runEM iter8: Expectation
runEM iter8: Maximization
Sample1 n=0.5057, sp=0.01073, phi=2.919, lambda=52.894,15.749,22.873,8.423,37.575,30.249,11.646,3.9607,6.9061,28.921, F=-31880
runEM iter 8  Log likelihood: -26868.9657534493
runEM iter8 Time: 0.39 min.
runEM iter9: Expectation
runEM iter9: Maximization
Sample1 n=0.5092, sp=0.0107, phi=2.913, lambda=52.401,15.63,22.635,8.6055,38.763,29.925,11.53,3.9481,6.8665,28.859, F=-31960
runEM iter 9  Log likelihood: -26846.7838691344
runEM iter9 Time: 0.38 min.
runEM iter9: Re-calculating responsibilties from converged parameters.
runEM: Using optimal parameters from iter9
runEM: Total elapsed time: 5.8min.
runViterbi: Segmenting and classifying
Warning messages:
1: In match.call(definition, call, expand.dots, envir) :
  partial argument match of 'e.same' to 'e.sameState'
2: In getDefaultParameters(logR[valid & chrInd, , drop = F], maxCN = maxCN,  :
  partial argument match of 'e.same' to 'e.sameState'
3: partial match of 'ct.sc' to 'ct.sc.status' 
4: In viterbiResults$state : partial match of 'state' to 'states'
5: In viterbiResults$state : partial match of 'state' to 'states'
6: In getDefaultParameters(logR[valid & chrInd, , drop = F], maxCN = maxCN,  :
  partial argument match of 'e.same' to 'e.sameState'
7: partial match of 'ct.sc' to 'ct.sc.status' 
8: In viterbiResults$state : partial match of 'state' to 'states'
9: In viterbiResults$state : partial match of 'state' to 'states'
Total ULP-WGS HMM Runtime: 13 min.
Writing segments to results/ichorCNA/T_31//T_31.seg
Outputting to bin-level results to results/ichorCNA/T_31//T_31.cna.seg
Warning message:
partial match of 'copy.num' to 'copy.number' 
Warning messages:
1: In seq.default(a[1L], b[1L], length = M[1L]) :
  partial argument match of 'length' to 'length.out'
2: In seq.default(a[2L], b[2L], length = M[2L]) :
  partial argument match of 'length' to 'length.out'
3: In quantile.default(correctOutput$cor.gc[correctOutput$ideal], prob = c(0,  :
  partial argument match of 'prob' to 'probs'
4: In seq.default(a[1L], b[1L], length = M[1L]) :
  partial argument match of 'length' to 'length.out'
5: In seq.default(a[2L], b[2L], length = M[2L]) :
  partial argument match of 'length' to 'length.out'
6: In seq.default(a[1L], b[1L], length = M[1L]) :
  partial argument match of 'length' to 'length.out'
7: In seq.default(a[2L], b[2L], length = M[2L]) :
  partial argument match of 'length' to 'length.out'
8: In quantile.default(correctOutput$cor.map, prob = c(0, 1 - coutlier),  :
  partial argument match of 'prob' to 'probs'
9: In seq.default(a[1L], b[1L], length = M[1L]) :
  partial argument match of 'length' to 'length.out'
10: In seq.default(a[2L], b[2L], length = M[2L]) :
  partial argument match of 'length' to 'length.out'
