$WIG
[1] "results/readDepth/T_33.bin50000.wig"

$NORMWIG
[1] "results/readDepth/N_33.bin50000.wig"

$gcLoading required package: data.table
Loading required package: stats4
Loading required package: BiocGenerics
Loading required package: parallel

Attaching package: 'BiocGenerics'

The following objects are masked from 'package:parallel':

    clusterApply, clusterApplyLB, clusterCall, clusterEvalQ,
    clusterExport, clusterMap, parApply, parCapply, parLapply,
    parLapplyLB, parRapply, parSapply, parSapplyLB

The following objects are masked from 'package:stats':

    IQR, mad, sd, var, xtabs

The following objects are masked from 'package:base':

    anyDuplicated, append, as.data.frame, basename, cbind, colnames,
    dirname, do.call, duplicated, eval, evalq, Filter, Find, get, grep,
    grepl, intersect, is.unsorted, lapply, Map, mapply, match, mget,
    order, paste, pmax, pmax.int, pmin, pmin.int, Position, rank,
    rbind, Reduce, rownames, sapply, setdiff, sort, table, tapply,
    union, unique, unsplit, which.max, which.min

Loading required package: S4Vectors

Attaching package: 'S4Vectors'

The following objects are masked from 'package:data.table':

    first, second

The following object is masked from 'package:base':

    expand.grid

Loading required package: IRanges

Attaching package: 'IRanges'

The following object is masked from 'package:data.table':

    shift

Loading required package: GenomeInfoDb

Attaching package: 'Biostrings'

The following object is masked from 'package:base':

    strsplit

Warning message:
In rep(as.integer(len), length = length(str)) :
  partial argument match of 'length' to 'length.out'
Loading tumour file:T_33
Slurping: results/readDepth/T_33.bin50000.wig
Parsing: fixedStep chrom=chr1 start=1 step=50000 span=50000
Parsing: fixedStep chrom=chr2 start=1 step=50000 span=50000
Parsing: fixedStep chrom=chr3 start=1 step=50000 span=50000
Parsing: fixedStep chrom=chr4 start=1 step=50000 span=50000
Parsing: fixedStep chrom=chr5 start=1 step=50000 span=50000
Parsing: fixedStep chrom=chr6 start=1 step=50000 span=50000
Parsing: fixedStep chrom=chr7 start=1 step=50000 span=50000
Parsing: fixedStep chrom=chr8 start=1 step=50000 span=50000
Parsing: fixedStep chrom=chr9 start=1 step=50000 span=50000
Parsing: fixedStep chrom=chr10 start=1 step=50000 span=50000
Parsing: fixedStep chrom=chr11 start=1 step=50000 span=50000
Parsing: fixedStep chrom=chr12 start=1 step=50000 span=50000
Parsing: fixedStep chrom=chr13 start=1 step=50000 span=50000
Parsing: fixedStep chrom=chr14 start=1 step=50000 span=50000
Parsing: fixedStep chrom=chr15 start=1 step=50000 span=50000
Parsing: fixedStep chrom=chr16 start=1 step=50000 span=50000
Parsing: fixedStep chrom=chr17 start=1 step=50000 span=50000
Parsing: fixedStep chrom=chr18 start=1 step=50000 span=50000
Parsing: fixedStep chrom=chr19 start=1 step=50000 span=50000
Parsing: fixedStep chrom=chr20 start=1 step=50000 span=50000
Parsing: fixedStep chrom=chr21 start=1 step=50000 span=50000
Parsing: fixedStep chrom=chr22 start=1 step=50000 span=50000
Parsing: fixedStep chrom=chrX start=1 step=50000 span=50000
Parsing: fixedStep chrom=chrY start=1 step=50000 span=50000
Sorting by decreasing chromosome size
Reading GC and mappability files
Slurping: /dataVolume/storage/rpkgs/ichorCNA/inst/extdata/gc_hg19_50kb.wig
Parsing: fixedStep chrom=1 start=1 step=50000 span=50000
Parsing: fixedStep chrom=2 start=1 step=50000 span=50000
Parsing: fixedStep chrom=3 start=1 step=50000 span=50000
Parsing: fixedStep chrom=4 start=1 step=50000 span=50000
Parsing: fixedStep chrom=5 start=1 step=50000 span=50000
Parsing: fixedStep chrom=6 start=1 step=50000 span=50000
Parsing: fixedStep chrom=7 start=1 step=50000 span=50000
Parsing: fixedStep chrom=8 start=1 step=50000 span=50000
Parsing: fixedStep chrom=9 start=1 step=50000 span=50000
Parsing: fixedStep chrom=10 start=1 step=50000 span=50000
Parsing: fixedStep chrom=11 start=1 step=50000 span=50000
Parsing: fixedStep chrom=12 start=1 step=50000 span=50000
Parsing: fixedStep chrom=13 start=1 step=50000 span=50000
Parsing: fixedStep chrom=14 start=1 step=50000 span=50000
Parsing: fixedStep chrom=15 start=1 step=50000 span=50000
Parsing: fixedStep chrom=16 start=1 step=50000 span=50000
Parsing: fixedStep chrom=17 start=1 step=50000 span=50000
Parsing: fixedStep chrom=18 start=1 step=50000 span=50000
Parsing: fixedStep chrom=19 start=1 step=50000 span=50000
Parsing: fixedStep chrom=20 start=1 step=50000 span=50000
Parsing: fixedStep chrom=21 start=1 step=50000 span=50000
Parsing: fixedStep chrom=22 start=1 step=50000 span=50000
Parsing: fixedStep chrom=X start=1 step=50000 span=50000
Parsing: fixedStep chrom=Y start=1 step=50000 span=50000
Sorting by decreasing chromosome size
Slurping: /dataVolume/storage/rpkgs/ichorCNA/inst/extdata/map_hg19_50kb.wig
Parsing: fixedStep chrom=1 start=1 step=50000 span=50000
Parsing: fixedStep chrom=2 start=1 step=50000 span=50000
Parsing: fixedStep chrom=3 start=1 step=50000 span=50000
Parsing: fixedStep chrom=4 start=1 step=50000 span=50000
Parsing: fixedStep chrom=5 start=1 step=50000 span=50000
Parsing: fixedStep chrom=6 start=1 step=50000 span=50000
Parsing: fixedStep chrom=7 start=1 step=50000 span=50000
Parsing: fixedStep chrom=8 start=1 step=50000 span=50000
Parsing: fixedStep chrom=9 start=1 step=50000 span=50000
Parsing: fixedStep chrom=10 start=1 step=50000 span=50000
Parsing: fixedStep chrom=11 start=1 step=50000 span=50000
Parsing: fixedStep chrom=12 start=1 step=50000 span=50000
Parsing: fixedStep chrom=13 start=1 step=50000 span=50000
Parsing: fixedStep chrom=14 start=1 step=50000 span=50000
Parsing: fixedStep chrom=15 start=1 step=50000 span=50000
Parsing: fixedStep chrom=16 start=1 step=50000 span=50000
Parsing: fixedStep chrom=17 start=1 step=50000 span=50000
Parsing: fixedStep chrom=18 start=1 step=50000 span=50000
Parsing: fixedStep chrom=19 start=1 step=50000 span=50000
Parsing: fixedStep chrom=20 start=1 step=50000 span=50000
Parsing: fixedStep chrom=21 start=1 step=50000 span=50000
Parsing: fixedStep chrom=22 start=1 step=50000 span=50000
Parsing: fixedStep chrom=X start=1 step=50000 span=50000
Parsing: fixedStep chrom=Y start=1 step=50000 span=50000
Sorting by decreasing chromosome size
Correcting Tumour
Removed 1495 bins near centromeres.
Applying filter on data...
Correcting for GC bias...
Correcting for mappability bias...
Filtering low uniqueness regions with mappability score < 0.9
Removed 65 bins near centromeres.
Loading normal file:results/readDepth/N_33.bin50000.wig
Slurping: results/readDepth/N_33.bin50000.wig
Parsing: fixedStep chrom=chr1 start=1 step=50000 span=50000
Parsing: fixedStep chrom=chr2 start=1 step=50000 span=50000
Parsing: fixedStep chrom=chr3 start=1 step=50000 span=50000
Parsing: fixedStep chrom=chr4 start=1 step=50000 span=50000
Parsing: fixedStep chrom=chr5 start=1 step=50000 span=50000
Parsing: fixedStep chrom=chr6 start=1 step=50000 span=50000
Parsing: fixedStep chrom=chr7 start=1 step=50000 span=50000
Parsing: fixedStep chrom=chr8 start=1 step=50000 span=50000
Parsing: fixedStep chrom=chr9 start=1 step=50000 span=50000
Parsing: fixedStep chrom=chr10 start=1 step=50000 span=50000
Parsing: fixedStep chrom=chr11 start=1 step=50000 span=50000
Parsing: fixedStep chrom=chr12 start=1 step=50000 span=50000
Parsing: fixedStep chrom=chr13 start=1 step=50000 span=50000
Parsing: fixedStep chrom=chr14 start=1 step=50000 span=50000
Parsing: fixedStep chrom=chr15 start=1 step=50000 span=50000
Parsing: fixedStep chrom=chr16 start=1 step=50000 span=50000
Parsing: fixedStep chrom=chr17 start=1 step=50000 span=50000
Parsing: fixedStep chrom=chr18 start=1 step=50000 span=50000
Parsing: fixedStep chrom=chr19 start=1 step=50000 span=50000
Parsing: fixedStep chrom=chr20 start=1 step=50000 span=50000
Parsing: fixedStep chrom=chr21 start=1 step=50000 span=50000
Parsing: fixedStep chrom=chr22 start=1 step=50000 span=50000
Parsing: fixedStep chrom=chrX start=1 step=50000 span=50000
Parsing: fixedStep chrom=chrY start=1 step=50000 span=50000
Sorting by decreasing chromosome size
Correcting Normal
Removed 1495 bins near centromeres.
Applying filter on data...
Correcting for GC bias...
Correcting for mappability bias...
Filtering low uniqueness regions with mappability score < 0.9
Removed 65 bins near centromeres.
Determining gender...Gender female
Normalizing Tumour by Normal
Outputting to: results/ichorCNA/T_33//T_33.correctedDepth.txt
Warning messages:
1: In quantile.default(x$reads[x$valid & chrInd], prob = c(0, 1 - routlier),  :
  partial argument match of 'prob' to 'probs'
2: In quantile.default(x$gc[x$valid & chrInd], prob = c(doutlier, 1 -  :
  partial argument match of 'prob' to 'probs'
3: In quantile.default(x$cor.gc[which(x$valid & chrInd)], prob = c(0,  :
  partial argument match of 'prob' to 'probs'
4: In regularize.values(x, y, ties, missing(ties), na.rm = na.rm) :
  collapsing to unique 'x' values
5: In quantile.default(x$reads[x$valid & chrInd], prob = c(0, 1 - routlier),  :
  partial argument match of 'prob' to 'probs'
6: In quantile.default(x$gc[x$valid & chrInd], prob = c(doutlier, 1 -  :
  partial argument match of 'prob' to 'probs'
7: In quantile.default(x$cor.gc[which(x$valid & chrInd)], prob = c(0,  :
  partial argument match of 'prob' to 'probs'
8: In regularize.values(x, y, ties, missing(ties), na.rm = na.rm) :
  collapsing to unique 'x' values
9: In match.call(definition, call, expand.dots, envir) :
  partial argument match of 'chr' to 'chrs'
runEM: Initialization
runEM iter1: Expectation
runEM iter1: Maximization
Sample1 n=0.4863, sp=0.001204, phi=2.063, lambda=71.577,93.931,90.292,85.807,113.45,189.47,189.74,229.09,6.7143,194.69, F=20250
runEM iter 1  Log likelihood: 18560.8772097629
runEM iter1 Time: 1.3 min.
runEM iter2: Expectation
runEM iter2: Maximization
Sample1 n=0.4925, sp=0.001624, phi=2.073, lambda=74.038,93.781,91.27,116.39,123.74,189.69,189.95,229.07,6.6387,194.63, F=20310
runEM iter 2  Log likelihood: 20343.8759332404
runEM iter2 Time: 0.25 min.
runEM iter3: Expectation
runEM iter3: Maximization
Sample1 n=0.4946, sp=0.00171, phi=2.075, lambda=74.287,93.834,91.003,128.85,127.6,199.3,199.48,228.33,6.5985,180.16, F=20320
runEM iter 3  Log likelihood: 20408.6075238637
runEM iter3 Time: 0.48 min.
runEM iter4: Expectation
runEM iter4: Maximization
Sample1 n=0.4952, sp=0.001951, phi=2.075, lambda=74.203,93.88,90.016,134.96,128.23,199.53,199.71,228.31,6.5843,180.85, F=20340
runEM iter 4  Log likelihood: 20438.6024862547
runEM iter4 Time: 0.26 min.
runEM iter5: Expectation
runEM iter5: Maximization
Sample1 n=0.4957, sp=0.002097, phi=2.075, lambda=74.204,93.909,88.864,138.56,128.24,199.79,199.97,228.29,6.5723,181.26, F=20360
runEM iter 5  Log likelihood: 20461.7418474928
runEM iter5 Time: 0.19 min.
runEM iter6: Expectation
runEM iter6: Maximization
Sample1 n=0.4962, sp=0.002319, phi=2.075, lambda=74.206,93.935,87.456,140.4,128.12,201.07,201.24,228.17,6.5559,171.9, F=20370
runEM iter 6  Log likelihood: 20480.8421101915
runEM iter6 Time: 0.43 min.
runEM iter6: Re-calculating responsibilties from converged parameters.
runEM: Using optimal parameters from iter6
runEM: Total elapsed time: 2.9min.
runViterbi: Segmenting and classifying
runEM: Initialization
runEM iter1: Expectation
runEM iter1: Maximization
Sample1 n=0.4443, sp=0.1745, phi=3.058, lambda=46.063,75.142,95.302,144.57,80.391,110.14,84.009,206.26,48.886,181.4, F=19120
runEM iter 1  Log likelihood: 17657.7248551063
runEM iter1 Time: 0.81 min.
runEM iter2: Expectation
runEM iter2: Maximization
Sample1 n=0.4197, sp=0.2915, phi=3.066, lambda=71.723,98.814,94.817,135.85,85.749,114.1,136.08,207.68,68.056,202.2, F=19710
runEM iter 2  Log likelihood: 19708.8317413665
runEM iter2 Time: 0.41 min.
runEM iter3: Expectation
runEM iter3: Maximization
Sample1 n=0.4026, sp=0.3525, phi=3.063, lambda=79.754,109.42,95.571,120.7,115.87,117.32,166.72,208.86,81.666,144.18, F=19890
runEM iter 3  Log likelihood: 20008.6316223712
runEM iter3 Time: 0.39 min.
runEM iter4: Expectation
runEM iter4: Maximization
Sample1 n=0.3906, sp=0.3843, phi=3.038, lambda=82.107,124.47,99.948,111.45,141.4,116.78,197.88,211.03,86.553,110.74, F=20100
runEM iter 4  Log likelihood: 20429.7323904458
runEM iter4 Time: 0.46 min.
runEM iter5: Expectation
runEM iter5: Maximization
Sample1 n=0.3842, sp=0.4016, phi=3.006, lambda=82.053,133.34,107.37,104.33,156.72,115.54,198.32,211.48,88.091,103.92, F=19820
runEM iter 5  Log likelihood: 20883.5268037255
runEM iter5 Time: 0.3 min.
runEM iter6: Expectation
runEM iter6: Maximization
Sample1 n=0.3818, sp=0.4216, phi=2.975, lambda=80.665,140,115.39,100.94,175.07,114.04,197.51,211.9,88.176,102.74, F=19310
runEM iter 6  Log likelihood: 21234.2593667011
runEM iter6 Time: 0.24 min.
runEM iter7: Expectation
runEM iter7: Maximization
Sample1 n=0.3779, sp=0.4415, phi=2.948, lambda=79.965,148.14,123.88,99.04,175.52,113.68,183.61,216.65,88.259,102.95, F=18800
runEM iter 7  Log likelihood: 21520.8452134614
runEM iter7 Time: 0.42 min.
runEM iter8: Expectation
runEM iter8: Maximization
Sample1 n=0.3685, sp=0.4576, phi=2.925, lambda=81.485,150.85,132.76,97.542,159.49,116.9,223.52,224.54,89.621,103.73, F=18350
runEM iter 8  Log likelihood: 21799.4211208303
runEM iter8 Time: 0.58 min.
runEM iter9: Expectation
runEM iter9: Maximization
Sample1 n=0.3576, sp=0.4715, phi=2.906, lambda=83.36,151.02,141.76,96.122,138.93,124.21,223.55,224.56,90.486,104.66, F=17940
runEM iter 9  Log likelihood: 22053.2565469019
runEM iter9 Time: 0.24 min.
runEM iter10: Expectation
runEM iter10: Maximization
Sample1 n=0.3458, sp=0.483, phi=2.889, lambda=85.048,151.05,150.7,95.375,123.46,134.48,223.57,224.57,90.757,105.6, F=17560
runEM iter 10  Log likelihood: 22256.8872406248
runEM iter10 Time: 0.17 min.
runEM iter11: Expectation
runEM iter11: Maximization
Sample1 n=0.3347, sp=0.4929, phi=2.875, lambda=86.095,151.03,159.55,94.578,116.7,143.73,223.59,224.58,90.874,106.5, F=17220
runEM iter 11  Log likelihood: 22414.7237190991
runEM iter11 Time: 0.17 min.
runEM iter12: Expectation
runEM iter12: Maximization
Sample1 n=0.3236, sp=0.5008, phi=2.862, lambda=86.598,151.02,168.19,93.605,114.84,153.9,223.6,224.59,90.67,107.34, F=16910
runEM iter 12  Log likelihood: 22528.8748489251
runEM iter12 Time: 0.13 min.
runEM iter13: Expectation
runEM iter13: Maximization
Sample1 n=0.3137, sp=0.5073, phi=2.851, lambda=86.505,151.05,176.48,93.287,114.38,167.17,223.62,224.6,90.414,108.13, F=16620
runEM iter 13  Log likelihood: 22614.2002225972
runEM iter13 Time: 0.2 min.
runEM iter14: Expectation
runEM iter14: Maximization
Sample1 n=0.3062, sp=0.5131, phi=2.842, lambda=86.166,151.11,184.28,93.116,113.56,183.69,223.66,224.62,90.479,108.84, F=16360
runEM iter 14  Log likelihood: 22672.8271471839
runEM iter14 Time: 0.15 min.
runEM iter15: Expectation
runEM iter15: Maximization
Sample1 n=0.3016, sp=0.5186, phi=2.835, lambda=85.924,151.04,191.38,93.078,113.74,195.16,223.7,224.64,90.942,109.48, F=16130
runEM iter 15  Log likelihood: 22717.363902899
runEM iter15 Time: 0.17 min.
runEM iter16: Expectation
runEM iter16: Maximization
Sample1 n=0.2984, sp=0.5234, phi=2.829, lambda=85.687,150.79,197.64,93.377,114.14,201.32,223.74,224.66,91.429,110.06, F=15920
runEM iter 16  Log likelihood: 22750.1174687278
runEM iter16 Time: 0.16 min.
runEM iter17: Expectation
runEM iter17: Maximization
Sample1 n=0.2958, sp=0.5275, phi=2.824, lambda=85.526,150.39,203.11,93.518,114.5,207.07,223.79,224.68,91.848,110.6, F=15740
runEM iter 17  Log likelihood: 22774.86381139
runEM iter17 Time: 0.14 min.
runEM iter18: Expectation
runEM iter18: Maximization
Sample1 n=0.2941, sp=0.5311, phi=2.82, lambda=85.458,149.9,207.78,93.508,114.6,212.94,223.84,224.71,92.294,111.06, F=15580
runEM iter 18  Log likelihood: 22791.4902515213
runEM iter18 Time: 0.16 min.
runEM iter18: Re-calculating responsibilties from converged parameters.
runEM: Using optimal parameters from iter18
runEM: Total elapsed time: 5.3min.
runViterbi: Segmenting and classifying
Warning messages:
1: In match.call(definition, call, expand.dots, envir) :
  partial argument match of 'e.same' to 'e.sameState'
2: In getDefaultParameters(logR[valid & chrInd, , drop = F], maxCN = maxCN,  :
  partial argument match of 'e.same' to 'e.sameState'
3: partial match of 'ct.sc' to 'ct.sc.status' 
4: In viterbiResults$state : partial match of 'state' to 'states'
5: In viterbiResults$state : partial match of 'state' to 'states'
6: In getDefaultParameters(logR[valid & chrInd, , drop = F], maxCN = maxCN,  :
  partial argument match of 'e.same' to 'e.sameState'
7: partial match of 'ct.sc' to 'ct.sc.status' 
8: In viterbiResults$state : partial match of 'state' to 'states'
9: In viterbiResults$state : partial match of 'state' to 'states'
Total ULP-WGS HMM Runtime: 8.3 min.
Writing segments to results/ichorCNA/T_33//T_33.seg
Outputting to bin-level results to results/ichorCNA/T_33//T_33.cna.seg
Warning message:
partial match of 'copy.num' to 'copy.number' 
Warning messages:
1: In seq.default(a[1L], b[1L], length = M[1L]) :
  partial argument match of 'length' to 'length.out'
2: In seq.default(a[2L], b[2L], length = M[2L]) :
  partial argument match of 'length' to 'length.out'
3: In quantile.default(correctOutput$cor.gc[correctOutput$ideal], prob = c(0,  :
  partial argument match of 'prob' to 'probs'
4: In seq.default(a[1L], b[1L], length = M[1L]) :
  partial argument match of 'length' to 'length.out'
5: In seq.default(a[2L], b[2L], length = M[2L]) :
  partial argument match of 'length' to 'length.out'
6: In seq.default(a[1L], b[1L], length = M[1L]) :
  partial argument match of 'length' to 'length.out'
7: In seq.default(a[2L], b[2L], length = M[2L]) :
  partial argument match of 'length' to 'length.out'
8: In quantile.default(correctOutput$cor.map, prob = c(0, 1 - coutlier),  :
  partial argument match of 'prob' to 'probs'
9: In seq.default(a[1L], b[1L], length = M[1L]) :
  partial argument match of 'length' to 'length.out'
10: In seq.default(a[2L], b[2L], length = M[2L]) :
  partial argument match of 'length' to 'length.out'
