$WIG
[1] "results/readDepth/T_46.bin50000.wig"

$NORMWIG
[1] "results/readDepth/N_46.bin50000.wig"

$gcLoading required package: data.table
Loading required package: stats4
Loading required package: BiocGenerics
Loading required package: parallel

Attaching package: 'BiocGenerics'

The following objects are masked from 'package:parallel':

    clusterApply, clusterApplyLB, clusterCall, clusterEvalQ,
    clusterExport, clusterMap, parApply, parCapply, parLapply,
    parLapplyLB, parRapply, parSapply, parSapplyLB

The following objects are masked from 'package:stats':

    IQR, mad, sd, var, xtabs

The following objects are masked from 'package:base':

    anyDuplicated, append, as.data.frame, basename, cbind, colnames,
    dirname, do.call, duplicated, eval, evalq, Filter, Find, get, grep,
    grepl, intersect, is.unsorted, lapply, Map, mapply, match, mget,
    order, paste, pmax, pmax.int, pmin, pmin.int, Position, rank,
    rbind, Reduce, rownames, sapply, setdiff, sort, table, tapply,
    union, unique, unsplit, which.max, which.min

Loading required package: S4Vectors

Attaching package: 'S4Vectors'

The following objects are masked from 'package:data.table':

    first, second

The following object is masked from 'package:base':

    expand.grid

Loading required package: IRanges

Attaching package: 'IRanges'

The following object is masked from 'package:data.table':

    shift

Loading required package: GenomeInfoDb

Attaching package: 'Biostrings'

The following object is masked from 'package:base':

    strsplit

Warning message:
In rep(as.integer(len), length = length(str)) :
  partial argument match of 'length' to 'length.out'
Loading tumour file:T_46
Slurping: results/readDepth/T_46.bin50000.wig
Parsing: fixedStep chrom=chr1 start=1 step=50000 span=50000
Parsing: fixedStep chrom=chr2 start=1 step=50000 span=50000
Parsing: fixedStep chrom=chr3 start=1 step=50000 span=50000
Parsing: fixedStep chrom=chr4 start=1 step=50000 span=50000
Parsing: fixedStep chrom=chr5 start=1 step=50000 span=50000
Parsing: fixedStep chrom=chr6 start=1 step=50000 span=50000
Parsing: fixedStep chrom=chr7 start=1 step=50000 span=50000
Parsing: fixedStep chrom=chr8 start=1 step=50000 span=50000
Parsing: fixedStep chrom=chr9 start=1 step=50000 span=50000
Parsing: fixedStep chrom=chr10 start=1 step=50000 span=50000
Parsing: fixedStep chrom=chr11 start=1 step=50000 span=50000
Parsing: fixedStep chrom=chr12 start=1 step=50000 span=50000
Parsing: fixedStep chrom=chr13 start=1 step=50000 span=50000
Parsing: fixedStep chrom=chr14 start=1 step=50000 span=50000
Parsing: fixedStep chrom=chr15 start=1 step=50000 span=50000
Parsing: fixedStep chrom=chr16 start=1 step=50000 span=50000
Parsing: fixedStep chrom=chr17 start=1 step=50000 span=50000
Parsing: fixedStep chrom=chr18 start=1 step=50000 span=50000
Parsing: fixedStep chrom=chr19 start=1 step=50000 span=50000
Parsing: fixedStep chrom=chr20 start=1 step=50000 span=50000
Parsing: fixedStep chrom=chr21 start=1 step=50000 span=50000
Parsing: fixedStep chrom=chr22 start=1 step=50000 span=50000
Parsing: fixedStep chrom=chrX start=1 step=50000 span=50000
Parsing: fixedStep chrom=chrY start=1 step=50000 span=50000
Sorting by decreasing chromosome size
Reading GC and mappability files
Slurping: /dataVolume/storage/rpkgs/ichorCNA/inst/extdata/gc_hg19_50kb.wig
Parsing: fixedStep chrom=1 start=1 step=50000 span=50000
Parsing: fixedStep chrom=2 start=1 step=50000 span=50000
Parsing: fixedStep chrom=3 start=1 step=50000 span=50000
Parsing: fixedStep chrom=4 start=1 step=50000 span=50000
Parsing: fixedStep chrom=5 start=1 step=50000 span=50000
Parsing: fixedStep chrom=6 start=1 step=50000 span=50000
Parsing: fixedStep chrom=7 start=1 step=50000 span=50000
Parsing: fixedStep chrom=8 start=1 step=50000 span=50000
Parsing: fixedStep chrom=9 start=1 step=50000 span=50000
Parsing: fixedStep chrom=10 start=1 step=50000 span=50000
Parsing: fixedStep chrom=11 start=1 step=50000 span=50000
Parsing: fixedStep chrom=12 start=1 step=50000 span=50000
Parsing: fixedStep chrom=13 start=1 step=50000 span=50000
Parsing: fixedStep chrom=14 start=1 step=50000 span=50000
Parsing: fixedStep chrom=15 start=1 step=50000 span=50000
Parsing: fixedStep chrom=16 start=1 step=50000 span=50000
Parsing: fixedStep chrom=17 start=1 step=50000 span=50000
Parsing: fixedStep chrom=18 start=1 step=50000 span=50000
Parsing: fixedStep chrom=19 start=1 step=50000 span=50000
Parsing: fixedStep chrom=20 start=1 step=50000 span=50000
Parsing: fixedStep chrom=21 start=1 step=50000 span=50000
Parsing: fixedStep chrom=22 start=1 step=50000 span=50000
Parsing: fixedStep chrom=X start=1 step=50000 span=50000
Parsing: fixedStep chrom=Y start=1 step=50000 span=50000
Sorting by decreasing chromosome size
Slurping: /dataVolume/storage/rpkgs/ichorCNA/inst/extdata/map_hg19_50kb.wig
Parsing: fixedStep chrom=1 start=1 step=50000 span=50000
Parsing: fixedStep chrom=2 start=1 step=50000 span=50000
Parsing: fixedStep chrom=3 start=1 step=50000 span=50000
Parsing: fixedStep chrom=4 start=1 step=50000 span=50000
Parsing: fixedStep chrom=5 start=1 step=50000 span=50000
Parsing: fixedStep chrom=6 start=1 step=50000 span=50000
Parsing: fixedStep chrom=7 start=1 step=50000 span=50000
Parsing: fixedStep chrom=8 start=1 step=50000 span=50000
Parsing: fixedStep chrom=9 start=1 step=50000 span=50000
Parsing: fixedStep chrom=10 start=1 step=50000 span=50000
Parsing: fixedStep chrom=11 start=1 step=50000 span=50000
Parsing: fixedStep chrom=12 start=1 step=50000 span=50000
Parsing: fixedStep chrom=13 start=1 step=50000 span=50000
Parsing: fixedStep chrom=14 start=1 step=50000 span=50000
Parsing: fixedStep chrom=15 start=1 step=50000 span=50000
Parsing: fixedStep chrom=16 start=1 step=50000 span=50000
Parsing: fixedStep chrom=17 start=1 step=50000 span=50000
Parsing: fixedStep chrom=18 start=1 step=50000 span=50000
Parsing: fixedStep chrom=19 start=1 step=50000 span=50000
Parsing: fixedStep chrom=20 start=1 step=50000 span=50000
Parsing: fixedStep chrom=21 start=1 step=50000 span=50000
Parsing: fixedStep chrom=22 start=1 step=50000 span=50000
Parsing: fixedStep chrom=X start=1 step=50000 span=50000
Parsing: fixedStep chrom=Y start=1 step=50000 span=50000
Sorting by decreasing chromosome size
Correcting Tumour
Removed 1495 bins near centromeres.
Applying filter on data...
Correcting for GC bias...
Correcting for mappability bias...
Filtering low uniqueness regions with mappability score < 0.9
Removed 65 bins near centromeres.
Loading normal file:results/readDepth/N_46.bin50000.wig
Slurping: results/readDepth/N_46.bin50000.wig
Parsing: fixedStep chrom=chr1 start=1 step=50000 span=50000
Parsing: fixedStep chrom=chr2 start=1 step=50000 span=50000
Parsing: fixedStep chrom=chr3 start=1 step=50000 span=50000
Parsing: fixedStep chrom=chr4 start=1 step=50000 span=50000
Parsing: fixedStep chrom=chr5 start=1 step=50000 span=50000
Parsing: fixedStep chrom=chr6 start=1 step=50000 span=50000
Parsing: fixedStep chrom=chr7 start=1 step=50000 span=50000
Parsing: fixedStep chrom=chr8 start=1 step=50000 span=50000
Parsing: fixedStep chrom=chr9 start=1 step=50000 span=50000
Parsing: fixedStep chrom=chr10 start=1 step=50000 span=50000
Parsing: fixedStep chrom=chr11 start=1 step=50000 span=50000
Parsing: fixedStep chrom=chr12 start=1 step=50000 span=50000
Parsing: fixedStep chrom=chr13 start=1 step=50000 span=50000
Parsing: fixedStep chrom=chr14 start=1 step=50000 span=50000
Parsing: fixedStep chrom=chr15 start=1 step=50000 span=50000
Parsing: fixedStep chrom=chr16 start=1 step=50000 span=50000
Parsing: fixedStep chrom=chr17 start=1 step=50000 span=50000
Parsing: fixedStep chrom=chr18 start=1 step=50000 span=50000
Parsing: fixedStep chrom=chr19 start=1 step=50000 span=50000
Parsing: fixedStep chrom=chr20 start=1 step=50000 span=50000
Parsing: fixedStep chrom=chr21 start=1 step=50000 span=50000
Parsing: fixedStep chrom=chr22 start=1 step=50000 span=50000
Parsing: fixedStep chrom=chrX start=1 step=50000 span=50000
Parsing: fixedStep chrom=chrY start=1 step=50000 span=50000
Sorting by decreasing chromosome size
Correcting Normal
Removed 1495 bins near centromeres.
Applying filter on data...
Correcting for GC bias...
Correcting for mappability bias...
Filtering low uniqueness regions with mappability score < 0.9
Removed 65 bins near centromeres.
Determining gender...Gender female
Normalizing Tumour by Normal
Outputting to: results/ichorCNA/T_46//T_46.correctedDepth.txt
Warning messages:
1: In dir.create(paste0(outDir, "/", id, "/"), recursive = TRUE) :
  'results/ichorCNA/T_46//T_46' already exists
2: In quantile.default(x$reads[x$valid & chrInd], prob = c(0, 1 - routlier),  :
  partial argument match of 'prob' to 'probs'
3: In quantile.default(x$gc[x$valid & chrInd], prob = c(doutlier, 1 -  :
  partial argument match of 'prob' to 'probs'
4: In quantile.default(x$cor.gc[which(x$valid & chrInd)], prob = c(0,  :
  partial argument match of 'prob' to 'probs'
5: In regularize.values(x, y, ties, missing(ties), na.rm = na.rm) :
  collapsing to unique 'x' values
6: In quantile.default(x$reads[x$valid & chrInd], prob = c(0, 1 - routlier),  :
  partial argument match of 'prob' to 'probs'
7: In quantile.default(x$gc[x$valid & chrInd], prob = c(doutlier, 1 -  :
  partial argument match of 'prob' to 'probs'
8: In quantile.default(x$cor.gc[which(x$valid & chrInd)], prob = c(0,  :
  partial argument match of 'prob' to 'probs'
9: In regularize.values(x, y, ties, missing(ties), na.rm = na.rm) :
  collapsing to unique 'x' values
10: In match.call(definition, call, expand.dots, envir) :
  partial argument match of 'chr' to 'chrs'
runEM: Initialization
runEM iter1: Expectation
runEM iter1: Maximization
Sample1 n=0.5336, sp=0.5242, phi=2.014, lambda=47.444,47.918,45.218,54.473,51.14,148.64,148.93,151.39,58.186,139.95, F=1297
runEM iter 1  Log likelihood: 280.719352002666
runEM iter1 Time: 1.3 min.
runEM iter2: Expectation
runEM iter2: Maximization
Sample1 n=0.5181, sp=0.5443, phi=1.986, lambda=47.274,51.532,42.16,54.682,54.135,148.45,149.02,151.36,49.68,75.994, F=2227
runEM iter 2  Log likelihood: 2294.42148838159
runEM iter2 Time: 0.35 min.
runEM iter3: Expectation
runEM iter3: Maximization
Sample1 n=0.5096, sp=0.5654, phi=1.994, lambda=47.979,52.244,44.502,54.182,54.725,148.46,149.03,151.36,49.595,52.008, F=2593
runEM iter 3  Log likelihood: 2720.45091794376
runEM iter3 Time: 0.21 min.
runEM iter4: Expectation
runEM iter4: Maximization
Sample1 n=0.5, sp=0.5805, phi=2.011, lambda=49.135,53.315,50.214,53.87,55.056,148.47,149.04,151.36,50.714,48.107, F=2589
runEM iter 4  Log likelihood: 2794.10815314946
runEM iter4 Time: 0.26 min.
runEM iter5: Expectation
runEM iter5: Maximization
Sample1 n=0.4905, sp=0.5871, phi=2.026, lambda=50.642,53.983,50.512,53.496,55.35,148.48,149.05,151.36,51.651,48.067, F=2523
runEM iter 5  Log likelihood: 2817.34966710176
runEM iter5 Time: 0.26 min.
runEM iter6: Expectation
runEM iter6: Maximization
Sample1 n=0.4838, sp=0.5895, phi=2.037, lambda=51.9,54.47,50.521,53.24,55.492,148.49,149.05,151.36,52.331,48.17, F=2458
runEM iter 6  Log likelihood: 2829.94948120542
runEM iter6 Time: 0.15 min.
runEM iter7: Expectation
runEM iter7: Maximization
Sample1 n=0.4801, sp=0.5903, phi=2.044, lambda=52.696,54.747,50.587,53.148,55.567,148.49,149.06,151.35,52.76,48.305, F=2405
runEM iter 7  Log likelihood: 2834.32169668609
runEM iter7 Time: 0.12 min.
runEM iter8: Expectation
runEM iter8: Maximization
Sample1 n=0.4783, sp=0.5906, phi=2.048, lambda=53.166,54.929,50.652,53.15,55.601,148.5,149.06,151.35,52.98,48.419, F=2365
runEM iter 8  Log likelihood: 2834.0385833617
runEM iter8 Time: 0.15 min.
runEM iter7: Re-calculating responsibilties from converged parameters.
runEM: Using optimal parameters from iter7
runEM: Total elapsed time: 2.8min.
runViterbi: Segmenting and classifying
runEM: Initialization
runEM iter1: Expectation
runEM iter1: Maximization
Sample1 n=0.5719, sp=0.4926, phi=2.951, lambda=78.97,47.709,49.415,43.422,49.517,72.117,53.499,149.98,148.01,104.68, F=872.3
runEM iter 1  Log likelihood: -334.020272563556
runEM iter1 Time: 1 min.
runEM iter2: Expectation
runEM iter2: Maximization
Sample1 n=0.5959, sp=0.5044, phi=2.904, lambda=66.199,50.873,50.616,43.847,57.079,52.877,51.827,149.93,78.121,76.859, F=1730
runEM iter 2  Log likelihood: 1830.8134762613
runEM iter2 Time: 0.52 min.
runEM iter3: Expectation
runEM iter3: Maximization
Sample1 n=0.6052, sp=0.5129, phi=2.87, lambda=63.808,51.643,51.12,44.143,65.054,50.511,51.424,125.86,55.792,68.806, F=1864
runEM iter 3  Log likelihood: 2152.01944583833
runEM iter3 Time: 0.74 min.
runEM iter4: Expectation
runEM iter4: Maximization
Sample1 n=0.6134, sp=0.5012, phi=2.847, lambda=62.818,52.337,51.344,44.457,66.017,50.628,51.791,71.574,51.045,63.832, F=1992
runEM iter 4  Log likelihood: 2350.73597283546
runEM iter4 Time: 0.54 min.
runEM iter5: Expectation
runEM iter5: Maximization
Sample1 n=0.626, sp=0.4876, phi=2.831, lambda=59.696,52.706,51.327,44.72,65.933,52.109,40.416,70.527,50.936,62.103, F=2036
runEM iter 5  Log likelihood: 2437.78915954312
runEM iter5 Time: 0.25 min.
runEM iter6: Expectation
runEM iter6: Maximization
Sample1 n=0.6334, sp=0.4814, phi=2.817, lambda=56.038,52.604,51.169,44.722,70.199,52.496,36.094,69.758,69.612,61.835, F=2024
runEM iter 6  Log likelihood: 2455.82119138985
runEM iter6 Time: 0.35 min.
runEM iter7: Expectation
runEM iter7: Maximization
Sample1 n=0.6371, sp=0.4807, phi=2.807, lambda=54.959,52.215,51.007,44.74,75.808,52.403,34.627,68.904,93.702,61.794, F=2019
runEM iter 7  Log likelihood: 2473.4129086434
runEM iter7 Time: 0.46 min.
runEM iter8: Expectation
runEM iter8: Maximization
Sample1 n=0.6388, sp=0.4818, phi=2.8, lambda=54.488,51.812,50.92,44.765,78.478,52.414,34.456,68.218,111.02,61.899, F=2032
runEM iter 8  Log likelihood: 2499.58025364237
runEM iter8 Time: 0.45 min.
runEM iter9: Expectation
runEM iter9: Maximization
Sample1 n=0.6398, sp=0.4824, phi=2.795, lambda=54.131,51.522,50.9,44.805,80.336,52.498,34.525,67.739,114.96,62.036, F=2044
runEM iter 9  Log likelihood: 2524.56889597452
runEM iter9 Time: 0.4 min.
runEM iter10: Expectation
runEM iter10: Maximization
Sample1 n=0.6408, sp=0.4834, phi=2.791, lambda=53.766,51.212,50.881,44.838,82.257,52.631,34.616,67.379,113.56,62.159, F=2050
runEM iter 10  Log likelihood: 2542.26704565907
runEM iter10 Time: 0.44 min.
runEM iter11: Expectation
runEM iter11: Maximization
Sample1 n=0.6418, sp=0.485, phi=2.788, lambda=53.456,50.913,50.854,44.863,84.089,52.754,34.744,66.976,111.64,62.307, F=2051
runEM iter 11  Log likelihood: 2553.45037403289
runEM iter11 Time: 0.49 min.
runEM iter12: Expectation
runEM iter12: Maximization
Sample1 n=0.6426, sp=0.4868, phi=2.786, lambda=53.225,50.66,50.82,44.88,85.191,52.837,34.878,66.42,109.57,62.473, F=2051
runEM iter 12  Log likelihood: 2561.16024474077
runEM iter12 Time: 0.38 min.
runEM iter13: Expectation
runEM iter13: Maximization
Sample1 n=0.6434, sp=0.4888, phi=2.784, lambda=53.038,50.442,50.779,44.893,85.655,52.874,35.136,65.627,106.84,62.645, F=2051
runEM iter 13  Log likelihood: 2566.68039142082
runEM iter13 Time: 0.27 min.
runEM iter14: Expectation
runEM iter14: Maximization
Sample1 n=0.6441, sp=0.491, phi=2.781, lambda=52.864,50.243,50.738,44.908,85.789,52.902,35.611,64.442,103.62,62.823, F=2050
runEM iter 14  Log likelihood: 2570.17419983459
runEM iter14 Time: 0.15 min.
runEM iter15: Expectation
runEM iter15: Maximization
Sample1 n=0.6449, sp=0.4933, phi=2.779, lambda=52.652,50.042,50.697,44.927,85.857,52.933,36.792,62.442,100.39,63.021, F=2047
runEM iter 15  Log likelihood: 2570.27982656295
runEM iter15 Time: 0.14 min.
runEM iter15: Re-calculating responsibilties from converged parameters.
runEM: Using optimal parameters from iter15
runEM: Total elapsed time: 6.6min.
runViterbi: Segmenting and classifying
Warning messages:
1: In match.call(definition, call, expand.dots, envir) :
  partial argument match of 'e.same' to 'e.sameState'
2: In getDefaultParameters(logR[valid & chrInd, , drop = F], maxCN = maxCN,  :
  partial argument match of 'e.same' to 'e.sameState'
3: partial match of 'ct.sc' to 'ct.sc.status' 
4: In viterbiResults$state : partial match of 'state' to 'states'
5: In viterbiResults$state : partial match of 'state' to 'states'
6: In getDefaultParameters(logR[valid & chrInd, , drop = F], maxCN = maxCN,  :
  partial argument match of 'e.same' to 'e.sameState'
7: partial match of 'ct.sc' to 'ct.sc.status' 
8: In viterbiResults$state : partial match of 'state' to 'states'
9: In viterbiResults$state : partial match of 'state' to 'states'
Total ULP-WGS HMM Runtime: 9.5 min.
Writing segments to results/ichorCNA/T_46//T_46.seg
Outputting to bin-level results to results/ichorCNA/T_46//T_46.cna.seg
Warning message:
partial match of 'copy.num' to 'copy.number' 
Warning messages:
1: In seq.default(a[1L], b[1L], length = M[1L]) :
  partial argument match of 'length' to 'length.out'
2: In seq.default(a[2L], b[2L], length = M[2L]) :
  partial argument match of 'length' to 'length.out'
3: In quantile.default(correctOutput$cor.gc[correctOutput$ideal], prob = c(0,  :
  partial argument match of 'prob' to 'probs'
4: In seq.default(a[1L], b[1L], length = M[1L]) :
  partial argument match of 'length' to 'length.out'
5: In seq.default(a[2L], b[2L], length = M[2L]) :
  partial argument match of 'length' to 'length.out'
6: In seq.default(a[1L], b[1L], length = M[1L]) :
  partial argument match of 'length' to 'length.out'
7: In seq.default(a[2L], b[2L], length = M[2L]) :
  partial argument match of 'length' to 'length.out'
8: In quantile.default(correctOutput$cor.map, prob = c(0, 1 - coutlier),  :
  partial argument match of 'prob' to 'probs'
9: In seq.default(a[1L], b[1L], length = M[1L]) :
  partial argument match of 'length' to 'length.out'
10: In seq.default(a[2L], b[2L], length = M[2L]) :
  partial argument match of 'length' to 'length.out'
