$WIG
[1] "results/readDepth/T_48.bin50000.wig"

$NORMWIG
[1] "results/readDepth/N_48.bin50000.wig"

$gcLoading required package: data.table
Loading required package: stats4
Loading required package: BiocGenerics
Loading required package: parallel

Attaching package: 'BiocGenerics'

The following objects are masked from 'package:parallel':

    clusterApply, clusterApplyLB, clusterCall, clusterEvalQ,
    clusterExport, clusterMap, parApply, parCapply, parLapply,
    parLapplyLB, parRapply, parSapply, parSapplyLB

The following objects are masked from 'package:stats':

    IQR, mad, sd, var, xtabs

The following objects are masked from 'package:base':

    anyDuplicated, append, as.data.frame, basename, cbind, colnames,
    dirname, do.call, duplicated, eval, evalq, Filter, Find, get, grep,
    grepl, intersect, is.unsorted, lapply, Map, mapply, match, mget,
    order, paste, pmax, pmax.int, pmin, pmin.int, Position, rank,
    rbind, Reduce, rownames, sapply, setdiff, sort, table, tapply,
    union, unique, unsplit, which.max, which.min

Loading required package: S4Vectors

Attaching package: 'S4Vectors'

The following objects are masked from 'package:data.table':

    first, second

The following object is masked from 'package:base':

    expand.grid

Loading required package: IRanges

Attaching package: 'IRanges'

The following object is masked from 'package:data.table':

    shift

Loading required package: GenomeInfoDb

Attaching package: 'Biostrings'

The following object is masked from 'package:base':

    strsplit

Warning message:
In rep(as.integer(len), length = length(str)) :
  partial argument match of 'length' to 'length.out'
Loading tumour file:T_48
Slurping: results/readDepth/T_48.bin50000.wig
Parsing: fixedStep chrom=chr1 start=1 step=50000 span=50000
Parsing: fixedStep chrom=chr2 start=1 step=50000 span=50000
Parsing: fixedStep chrom=chr3 start=1 step=50000 span=50000
Parsing: fixedStep chrom=chr4 start=1 step=50000 span=50000
Parsing: fixedStep chrom=chr5 start=1 step=50000 span=50000
Parsing: fixedStep chrom=chr6 start=1 step=50000 span=50000
Parsing: fixedStep chrom=chr7 start=1 step=50000 span=50000
Parsing: fixedStep chrom=chr8 start=1 step=50000 span=50000
Parsing: fixedStep chrom=chr9 start=1 step=50000 span=50000
Parsing: fixedStep chrom=chr10 start=1 step=50000 span=50000
Parsing: fixedStep chrom=chr11 start=1 step=50000 span=50000
Parsing: fixedStep chrom=chr12 start=1 step=50000 span=50000
Parsing: fixedStep chrom=chr13 start=1 step=50000 span=50000
Parsing: fixedStep chrom=chr14 start=1 step=50000 span=50000
Parsing: fixedStep chrom=chr15 start=1 step=50000 span=50000
Parsing: fixedStep chrom=chr16 start=1 step=50000 span=50000
Parsing: fixedStep chrom=chr17 start=1 step=50000 span=50000
Parsing: fixedStep chrom=chr18 start=1 step=50000 span=50000
Parsing: fixedStep chrom=chr19 start=1 step=50000 span=50000
Parsing: fixedStep chrom=chr20 start=1 step=50000 span=50000
Parsing: fixedStep chrom=chr21 start=1 step=50000 span=50000
Parsing: fixedStep chrom=chr22 start=1 step=50000 span=50000
Parsing: fixedStep chrom=chrX start=1 step=50000 span=50000
Parsing: fixedStep chrom=chrY start=1 step=50000 span=50000
Sorting by decreasing chromosome size
Reading GC and mappability files
Slurping: /dataVolume/storage/rpkgs/ichorCNA/inst/extdata/gc_hg19_50kb.wig
Parsing: fixedStep chrom=1 start=1 step=50000 span=50000
Parsing: fixedStep chrom=2 start=1 step=50000 span=50000
Parsing: fixedStep chrom=3 start=1 step=50000 span=50000
Parsing: fixedStep chrom=4 start=1 step=50000 span=50000
Parsing: fixedStep chrom=5 start=1 step=50000 span=50000
Parsing: fixedStep chrom=6 start=1 step=50000 span=50000
Parsing: fixedStep chrom=7 start=1 step=50000 span=50000
Parsing: fixedStep chrom=8 start=1 step=50000 span=50000
Parsing: fixedStep chrom=9 start=1 step=50000 span=50000
Parsing: fixedStep chrom=10 start=1 step=50000 span=50000
Parsing: fixedStep chrom=11 start=1 step=50000 span=50000
Parsing: fixedStep chrom=12 start=1 step=50000 span=50000
Parsing: fixedStep chrom=13 start=1 step=50000 span=50000
Parsing: fixedStep chrom=14 start=1 step=50000 span=50000
Parsing: fixedStep chrom=15 start=1 step=50000 span=50000
Parsing: fixedStep chrom=16 start=1 step=50000 span=50000
Parsing: fixedStep chrom=17 start=1 step=50000 span=50000
Parsing: fixedStep chrom=18 start=1 step=50000 span=50000
Parsing: fixedStep chrom=19 start=1 step=50000 span=50000
Parsing: fixedStep chrom=20 start=1 step=50000 span=50000
Parsing: fixedStep chrom=21 start=1 step=50000 span=50000
Parsing: fixedStep chrom=22 start=1 step=50000 span=50000
Parsing: fixedStep chrom=X start=1 step=50000 span=50000
Parsing: fixedStep chrom=Y start=1 step=50000 span=50000
Sorting by decreasing chromosome size
Slurping: /dataVolume/storage/rpkgs/ichorCNA/inst/extdata/map_hg19_50kb.wig
Parsing: fixedStep chrom=1 start=1 step=50000 span=50000
Parsing: fixedStep chrom=2 start=1 step=50000 span=50000
Parsing: fixedStep chrom=3 start=1 step=50000 span=50000
Parsing: fixedStep chrom=4 start=1 step=50000 span=50000
Parsing: fixedStep chrom=5 start=1 step=50000 span=50000
Parsing: fixedStep chrom=6 start=1 step=50000 span=50000
Parsing: fixedStep chrom=7 start=1 step=50000 span=50000
Parsing: fixedStep chrom=8 start=1 step=50000 span=50000
Parsing: fixedStep chrom=9 start=1 step=50000 span=50000
Parsing: fixedStep chrom=10 start=1 step=50000 span=50000
Parsing: fixedStep chrom=11 start=1 step=50000 span=50000
Parsing: fixedStep chrom=12 start=1 step=50000 span=50000
Parsing: fixedStep chrom=13 start=1 step=50000 span=50000
Parsing: fixedStep chrom=14 start=1 step=50000 span=50000
Parsing: fixedStep chrom=15 start=1 step=50000 span=50000
Parsing: fixedStep chrom=16 start=1 step=50000 span=50000
Parsing: fixedStep chrom=17 start=1 step=50000 span=50000
Parsing: fixedStep chrom=18 start=1 step=50000 span=50000
Parsing: fixedStep chrom=19 start=1 step=50000 span=50000
Parsing: fixedStep chrom=20 start=1 step=50000 span=50000
Parsing: fixedStep chrom=21 start=1 step=50000 span=50000
Parsing: fixedStep chrom=22 start=1 step=50000 span=50000
Parsing: fixedStep chrom=X start=1 step=50000 span=50000
Parsing: fixedStep chrom=Y start=1 step=50000 span=50000
Sorting by decreasing chromosome size
Correcting Tumour
Removed 1495 bins near centromeres.
Applying filter on data...
Correcting for GC bias...
Correcting for mappability bias...
Filtering low uniqueness regions with mappability score < 0.9
Removed 65 bins near centromeres.
Loading normal file:results/readDepth/N_48.bin50000.wig
Slurping: results/readDepth/N_48.bin50000.wig
Parsing: fixedStep chrom=chr1 start=1 step=50000 span=50000
Parsing: fixedStep chrom=chr2 start=1 step=50000 span=50000
Parsing: fixedStep chrom=chr3 start=1 step=50000 span=50000
Parsing: fixedStep chrom=chr4 start=1 step=50000 span=50000
Parsing: fixedStep chrom=chr5 start=1 step=50000 span=50000
Parsing: fixedStep chrom=chr6 start=1 step=50000 span=50000
Parsing: fixedStep chrom=chr7 start=1 step=50000 span=50000
Parsing: fixedStep chrom=chr8 start=1 step=50000 span=50000
Parsing: fixedStep chrom=chr9 start=1 step=50000 span=50000
Parsing: fixedStep chrom=chr10 start=1 step=50000 span=50000
Parsing: fixedStep chrom=chr11 start=1 step=50000 span=50000
Parsing: fixedStep chrom=chr12 start=1 step=50000 span=50000
Parsing: fixedStep chrom=chr13 start=1 step=50000 span=50000
Parsing: fixedStep chrom=chr14 start=1 step=50000 span=50000
Parsing: fixedStep chrom=chr15 start=1 step=50000 span=50000
Parsing: fixedStep chrom=chr16 start=1 step=50000 span=50000
Parsing: fixedStep chrom=chr17 start=1 step=50000 span=50000
Parsing: fixedStep chrom=chr18 start=1 step=50000 span=50000
Parsing: fixedStep chrom=chr19 start=1 step=50000 span=50000
Parsing: fixedStep chrom=chr20 start=1 step=50000 span=50000
Parsing: fixedStep chrom=chr21 start=1 step=50000 span=50000
Parsing: fixedStep chrom=chr22 start=1 step=50000 span=50000
Parsing: fixedStep chrom=chrX start=1 step=50000 span=50000
Parsing: fixedStep chrom=chrY start=1 step=50000 span=50000
Sorting by decreasing chromosome size
Correcting Normal
Removed 1495 bins near centromeres.
Applying filter on data...
Correcting for GC bias...
Correcting for mappability bias...
Filtering low uniqueness regions with mappability score < 0.9
Removed 65 bins near centromeres.
Determining gender...Gender male
Normalizing Tumour by Normal
Outputting to: results/ichorCNA/T_48//T_48.correctedDepth.txt
Warning messages:
1: In quantile.default(x$reads[x$valid & chrInd], prob = c(0, 1 - routlier),  :
  partial argument match of 'prob' to 'probs'
2: In quantile.default(x$gc[x$valid & chrInd], prob = c(doutlier, 1 -  :
  partial argument match of 'prob' to 'probs'
3: In quantile.default(x$cor.gc[which(x$valid & chrInd)], prob = c(0,  :
  partial argument match of 'prob' to 'probs'
4: In regularize.values(x, y, ties, missing(ties), na.rm = na.rm) :
  collapsing to unique 'x' values
5: In quantile.default(x$reads[x$valid & chrInd], prob = c(0, 1 - routlier),  :
  partial argument match of 'prob' to 'probs'
6: In quantile.default(x$gc[x$valid & chrInd], prob = c(doutlier, 1 -  :
  partial argument match of 'prob' to 'probs'
7: In quantile.default(x$cor.gc[which(x$valid & chrInd)], prob = c(0,  :
  partial argument match of 'prob' to 'probs'
8: In regularize.values(x, y, ties, missing(ties), na.rm = na.rm) :
  collapsing to unique 'x' values
9: In match.call(definition, call, expand.dots, envir) :
  partial argument match of 'chr' to 'chrs'
runEM: Initialization
runEM iter1: Expectation
runEM iter1: Maximization
Sample1 n=0.539, sp=0.001232, phi=2.138, lambda=49.605,55.525,65.765,41.342,53.427,52.583,44.826,136.97,7.8379,133.28, F=7088
runEM iter 1  Log likelihood: 4271.73056603312
runEM iter1 Time: 2.4 min.
runEM iter2: Expectation
runEM iter2: Maximization
Sample1 n=0.5178, sp=0.001165, phi=2.261, lambda=51.724,77.756,73.436,68.421,88.6,60.329,58.164,82.462,10.855,108.43, F=9773
runEM iter 2  Log likelihood: 9684.05356097303
runEM iter2 Time: 1.8 min.
runEM iter3: Expectation
runEM iter3: Maximization
Sample1 n=0.4568, sp=0.001148, phi=2.346, lambda=56.361,109.77,75.275,77.286,113.81,61.051,67.036,78.584,15.868,124.79, F=11120
runEM iter 3  Log likelihood: 12148.1897586318
runEM iter3 Time: 0.98 min.
runEM iter4: Expectation
runEM iter4: Maximization
Sample1 n=0.4019, sp=0.001101, phi=2.388, lambda=70.839,152.01,76.481,77.483,122.41,69.89,64.455,66.092,22.747,137.32, F=11980
runEM iter 4  Log likelihood: 14091.073761825
runEM iter4 Time: 0.98 min.
runEM iter5: Expectation
runEM iter5: Maximization
Sample1 n=0.3622, sp=0.001079, phi=2.407, lambda=76.28,194.81,77.563,74.378,112.1,73.802,77.322,87.191,29.488,137.04, F=12380
runEM iter 5  Log likelihood: 15319.1378664058
runEM iter5 Time: 1 min.
runEM iter6: Expectation
runEM iter6: Maximization
Sample1 n=0.3444, sp=0.001058, phi=2.416, lambda=72.645,227.68,78.342,75.513,104.3,78.328,80.329,126.13,33.018,132.73, F=12400
runEM iter 6  Log likelihood: 15945.6497423617
runEM iter6 Time: 1.2 min.
runEM iter7: Expectation
runEM iter7: Maximization
Sample1 n=0.3356, sp=0.001058, phi=2.421, lambda=69.081,249.35,78.764,77.516,99.724,79.477,81.353,137.85,35.758,127.25, F=12250
runEM iter 7  Log likelihood: 16165.1508464646
runEM iter7 Time: 1.2 min.
runEM iter8: Expectation
runEM iter8: Maximization
Sample1 n=0.3315, sp=0.001058, phi=2.424, lambda=72.096,262.64,79.041,78.511,97.57,79.52,81.955,138,36.779,119.1, F=12130
runEM iter 8  Log likelihood: 16269.3053913563
runEM iter8 Time: 0.61 min.
runEM iter9: Expectation
runEM iter9: Maximization
Sample1 n=0.3295, sp=0.001058, phi=2.426, lambda=88.704,270.73,79.336,79.001,96.539,78.121,82.344,138.21,37.224,98.602, F=12090
runEM iter 9  Log likelihood: 16356.1613678999
runEM iter9 Time: 0.43 min.
runEM iter10: Expectation
runEM iter10: Maximization
Sample1 n=0.3284, sp=0.001058, phi=2.427, lambda=127.31,275.63,79.656,79.265,96.103,76.424,82.637,138.6,37.483,88.01, F=12050
runEM iter 10  Log likelihood: 16400.4735645425
runEM iter10 Time: 0.44 min.
runEM iter11: Expectation
runEM iter11: Maximization
Sample1 n=0.3276, sp=0.001058, phi=2.428, lambda=127.54,278.71,80.153,79.612,95.866,75.119,83.063,138.6,37.652,75.135, F=12050
runEM iter 11  Log likelihood: 16431.4695228468
runEM iter11 Time: 0.37 min.
runEM iter12: Expectation
runEM iter12: Maximization
Sample1 n=0.3267, sp=0.001058, phi=2.428, lambda=127.73,281.4,80.957,80.03,95.67,74.079,83.352,138.61,37.839,63.479, F=12120
runEM iter 12  Log likelihood: 16498.7441913855
runEM iter12 Time: 0.3 min.
runEM iter13: Expectation
runEM iter13: Maximization
Sample1 n=0.3261, sp=0.001058, phi=2.429, lambda=127.89,283.2,81.341,80.027,95.493,73.431,83.525,138.61,37.924,60.993, F=12150
runEM iter 13  Log likelihood: 16532.0771068658
runEM iter13 Time: 0.27 min.
runEM iter14: Expectation
runEM iter14: Maximization
Sample1 n=0.3258, sp=0.001058, phi=2.429, lambda=138.45,284.12,81.474,79.8,95.364,72.998,83.654,138.86,37.98,60.65, F=12140
runEM iter 14  Log likelihood: 16542.7602000932
runEM iter14 Time: 0.37 min.
runEM iter14: Re-calculating responsibilties from converged parameters.
runEM: Using optimal parameters from iter14
runEM: Total elapsed time: 12min.
runViterbi: Segmenting and classifying
runEM: Initialization
runEM iter1: Expectation
runEM iter1: Maximization
Sample1 n=0.4584, sp=0.4997, phi=3.06, lambda=41.309,82.944,51.647,53.433,63.504,49.248,42.673,143.38,134.28,135.15, F=6006
runEM iter 1  Log likelihood: 2840.84819479921
runEM iter1 Time: 0.57 min.
runEM iter2: Expectation
runEM iter2: Maximization
Sample1 n=0.4576, sp=0.4406, phi=3.09, lambda=42.257,140.56,55.875,71.495,77.369,77.266,56.3,47.071,134.49,222.91, F=10580
runEM iter 2  Log likelihood: 10252.7515991642
runEM iter2 Time: 0.57 min.
runEM iter3: Expectation
runEM iter3: Maximization
Sample1 n=0.4332, sp=0.4501, phi=3.103, lambda=45.926,191.76,62.206,79.396,81.71,108.38,67.736,45.644,134.87,251.03, F=11350
runEM iter 3  Log likelihood: 13258.1400183229
runEM iter3 Time: 0.65 min.
runEM iter4: Expectation
runEM iter4: Maximization
Sample1 n=0.4189, sp=0.4578, phi=3.111, lambda=47.802,217.87,74.383,83.367,83.158,174.07,71.483,47.525,108.03,277.66, F=11370
runEM iter 4  Log likelihood: 14732.6929330526
runEM iter4 Time: 0.86 min.
runEM iter5: Expectation
runEM iter5: Maximization
Sample1 n=0.409, sp=0.4602, phi=3.121, lambda=51.492,206.48,90.005,85.244,82.012,216.86,81.845,48.903,70.818,302.87, F=11450
runEM iter 5  Log likelihood: 15705.5330011705
runEM iter5 Time: 0.76 min.
runEM iter6: Expectation
runEM iter6: Maximization
Sample1 n=0.405, sp=0.461, phi=3.13, lambda=52.984,182.04,104.74,86.117,81.146,223.7,89.985,49.648,72.113,324.85, F=11410
runEM iter 6  Log likelihood: 16179.7922634164
runEM iter6 Time: 0.58 min.
runEM iter7: Expectation
runEM iter7: Maximization
Sample1 n=0.4035, sp=0.4598, phi=3.139, lambda=54.047,141.67,116.41,86.345,80.833,227.62,91.592,49.809,74.735,341.94, F=11340
runEM iter 7  Log likelihood: 16390.6122675062
runEM iter7 Time: 0.54 min.
runEM iter8: Expectation
runEM iter8: Maximization
Sample1 n=0.4032, sp=0.4568, phi=3.148, lambda=54.744,105.72,125.3,86.284,80.792,234.15,91.851,49.462,77.612,354.81, F=11290
runEM iter 8  Log likelihood: 16500.6483246362
runEM iter8 Time: 0.45 min.
runEM iter9: Expectation
runEM iter9: Maximization
Sample1 n=0.4031, sp=0.4525, phi=3.157, lambda=55.301,90.542,132.27,86.071,80.814,243.23,91.978,48.953,79.603,364.33, F=11270
runEM iter 9  Log likelihood: 16567.2589137003
runEM iter9 Time: 0.34 min.
runEM iter10: Expectation
runEM iter10: Maximization
Sample1 n=0.4029, sp=0.4474, phi=3.165, lambda=55.863,85.689,137.94,85.811,80.88,253.5,92.217,48.478,81.168,371.07, F=11260
runEM iter 10  Log likelihood: 16609.8305473928
runEM iter10 Time: 0.41 min.
runEM iter11: Expectation
runEM iter11: Maximization
Sample1 n=0.4023, sp=0.4416, phi=3.173, lambda=56.469,83.291,142.66,85.533,81.106,263.43,92.501,48.1,82.341,375.73, F=11260
runEM iter 11  Log likelihood: 16639.7138171321
runEM iter11 Time: 0.31 min.
runEM iter12: Expectation
runEM iter12: Maximization
Sample1 n=0.4013, sp=0.4355, phi=3.18, lambda=57.181,81.129,146.72,85.283,81.484,271.18,92.711,47.822,83.263,378.77, F=11270
runEM iter 12  Log likelihood: 16662.6310572042
runEM iter12 Time: 0.28 min.
runEM iter13: Expectation
runEM iter13: Maximization
Sample1 n=0.3999, sp=0.4291, phi=3.186, lambda=58.036,79.308,150.3,85.06,81.882,276.83,92.855,47.64,83.987,380.56, F=11290
runEM iter 13  Log likelihood: 16681.2731016409
runEM iter13 Time: 0.27 min.
runEM iter14: Expectation
runEM iter14: Maximization
Sample1 n=0.398, sp=0.4226, phi=3.192, lambda=59.083,77.909,153.52,84.865,82.189,280.57,92.95,47.557,84.479,381.44, F=11310
runEM iter 14  Log likelihood: 16697.3698253534
runEM iter14 Time: 0.36 min.
runEM iter14: Re-calculating responsibilties from converged parameters.
runEM: Using optimal parameters from iter14
runEM: Total elapsed time: 6.9min.
runViterbi: Segmenting and classifying
Warning messages:
1: In match.call(definition, call, expand.dots, envir) :
  partial argument match of 'e.same' to 'e.sameState'
2: In getDefaultParameters(logR[valid & chrInd, , drop = F], maxCN = maxCN,  :
  partial argument match of 'e.same' to 'e.sameState'
3: partial match of 'ct.sc' to 'ct.sc.status' 
4: In viterbiResults$state : partial match of 'state' to 'states'
5: In viterbiResults$state : partial match of 'state' to 'states'
6: In getDefaultParameters(logR[valid & chrInd, , drop = F], maxCN = maxCN,  :
  partial argument match of 'e.same' to 'e.sameState'
7: partial match of 'ct.sc' to 'ct.sc.status' 
8: In viterbiResults$state : partial match of 'state' to 'states'
9: In viterbiResults$state : partial match of 'state' to 'states'
Total ULP-WGS HMM Runtime: 19 min.
Writing segments to results/ichorCNA/T_48//T_48.seg
Outputting to bin-level results to results/ichorCNA/T_48//T_48.cna.seg
Warning message:
partial match of 'copy.num' to 'copy.number' 
Warning messages:
1: In seq.default(a[1L], b[1L], length = M[1L]) :
  partial argument match of 'length' to 'length.out'
2: In seq.default(a[2L], b[2L], length = M[2L]) :
  partial argument match of 'length' to 'length.out'
3: In quantile.default(correctOutput$cor.gc[correctOutput$ideal], prob = c(0,  :
  partial argument match of 'prob' to 'probs'
4: In seq.default(a[1L], b[1L], length = M[1L]) :
  partial argument match of 'length' to 'length.out'
5: In seq.default(a[2L], b[2L], length = M[2L]) :
  partial argument match of 'length' to 'length.out'
6: In seq.default(a[1L], b[1L], length = M[1L]) :
  partial argument match of 'length' to 'length.out'
7: In seq.default(a[2L], b[2L], length = M[2L]) :
  partial argument match of 'length' to 'length.out'
8: In quantile.default(correctOutput$cor.map, prob = c(0, 1 - coutlier),  :
  partial argument match of 'prob' to 'probs'
9: In seq.default(a[1L], b[1L], length = M[1L]) :
  partial argument match of 'length' to 'length.out'
10: In seq.default(a[2L], b[2L], length = M[2L]) :
  partial argument match of 'length' to 'length.out'
