Building DAG of jobs...
Using shell: /bin/bash
Provided cores: 6
Rules claiming more threads will be scaled down.
Job counts:
	count	jobs
	1	all
	12	catAlleleCountFiles
	48	combineTitanAndIchorCNA
	1	copyOptSolution
	274	getAlleleCountsByChr
	253	getHETsites
	12	ichorCNA
	21	read_counter
	48	runTitanCNA
	1	selectSolution
	671
Select jobs to execute...

[Tue Dec 15 16:36:54 2020]
rule getHETsites:
    input: /home/skevin/rb_pipeline/output/gatk/28-N_1_recalibrated.bam
    output: results/titan/hetPosns/T_28/T_28.chrchr20.vcf
    log: logs/titan/hetPosns/T_28/T_28.chrchr20.log
    jobid: 204
    wildcards: tumor=T_28, chr=chr20


[Tue Dec 15 16:36:54 2020]
rule getHETsites:
    input: /home/skevin/rb_pipeline/output/gatk/43-N_1_recalibrated.bam
    output: results/titan/hetPosns/T_43/T_43.chrchr9.vcf
    log: logs/titan/hetPosns/T_43/T_43.chrchr9.log
    jobid: 452
    wildcards: tumor=T_43, chr=chr9


[Tue Dec 15 16:36:54 2020]
rule getHETsites:
    input: /home/skevin/rb_pipeline/output/gatk/28-N_1_recalibrated.bam
    output: results/titan/hetPosns/T_28/T_28.chrchr7.vcf
    log: logs/titan/hetPosns/T_28/T_28.chrchr7.log
    jobid: 178
    wildcards: tumor=T_28, chr=chr7


[Tue Dec 15 16:36:54 2020]
rule getHETsites:
    input: /home/skevin/rb_pipeline/output/gatk/24-N_1_recalibrated.bam
    output: results/titan/hetPosns/T_24/T_24.chrchr12.vcf
    log: logs/titan/hetPosns/T_24/T_24.chrchr12.log
    jobid: 134
    wildcards: tumor=T_24, chr=chr12


[Tue Dec 15 16:36:54 2020]
rule getHETsites:
    input: /home/skevin/rb_pipeline/output/gatk/29-N_1_recalibrated.bam
    output: results/titan/hetPosns/T_29/T_29.chrchr13.vcf
    log: logs/titan/hetPosns/T_29/T_29.chrchr13.log
    jobid: 244
    wildcards: tumor=T_29, chr=chr13


[Tue Dec 15 16:36:54 2020]
rule getHETsites:
    input: /home/skevin/rb_pipeline/output/gatk/31-N_1_recalibrated.bam
    output: results/titan/hetPosns/T_31/T_31.chrchr12.vcf
    log: logs/titan/hetPosns/T_31/T_31.chrchr12.log
    jobid: 296
    wildcards: tumor=T_31, chr=chr12

[Tue Dec 15 16:37:50 2020]
Finished job 244.
1 of 671 steps (0.15%) done
Select jobs to execute...

[Tue Dec 15 16:37:50 2020]
rule getAlleleCountsByChr:
    input: results/titan/hetPosns/T_29/T_29.chrchr5.vcf, /home/skevin/rb_pipeline/output/gatk/29-T_1_recalibrated.bam
    output: results/titan/tumCounts/T_29/T_29.tumCounts.chrchr5.txt
    log: logs/titan/tumCounts/T_29/T_29.chrchr5.log
    jobid: 227
    wildcards: tumor=T_29, chr=chr5

[Tue Dec 15 16:38:06 2020]
Finished job 204.
2 of 671 steps (0.30%) done
Select jobs to execute...

[Tue Dec 15 16:38:06 2020]
rule getHETsites:
    input: /home/skevin/rb_pipeline/output/gatk/48-N_1_recalibrated.bam
    output: results/titan/hetPosns/T_48/T_48.chrchr3.vcf
    log: logs/titan/hetPosns/T_48/T_48.chrchr3.log
    jobid: 548
    wildcards: tumor=T_48, chr=chr3

Terminating processes on user request, this might take some time.
[Tue Dec 15 16:38:15 2020]
Error in rule getHETsites:
    jobid: 548
    output: results/titan/hetPosns/T_48/T_48.chrchr3.vcf
    log: logs/titan/hetPosns/T_48/T_48.chrchr3.log (check log file(s) for error message)
    shell:
        samtools mpileup -uv -I -f /dataVolume/storage/Homo_sapiens/UCSC/hg19/Sequence/BWAIndex/genome.fa -r chr3 -l /dataVolume/storage/Homo_sapiens/DBSNP/dbsnp_138.hg19.excluding_sites_after_129.vcf.gz /home/skevin/rb_pipeline/output/gatk/48-N_1_recalibrated.bam | bcftools call -v -c - | grep -e '0/1' -e '#' > results/titan/hetPosns/T_48/T_48.chrchr3.vcf 2> logs/titan/hetPosns/T_48/T_48.chrchr3.log
        (one of the commands exited with non-zero exit code; note that snakemake uses bash strict mode!)

Removing output files of failed job getHETsites since they might be corrupted:
results/titan/hetPosns/T_48/T_48.chrchr3.vcf
[Tue Dec 15 16:38:16 2020]
Error in rule getHETsites:
    jobid: 296
    output: results/titan/hetPosns/T_31/T_31.chrchr12.vcf
    log: logs/titan/hetPosns/T_31/T_31.chrchr12.log (check log file(s) for error message)
    shell:
        samtools mpileup -uv -I -f /dataVolume/storage/Homo_sapiens/UCSC/hg19/Sequence/BWAIndex/genome.fa -r chr12 -l /dataVolume/storage/Homo_sapiens/DBSNP/dbsnp_138.hg19.excluding_sites_after_129.vcf.gz /home/skevin/rb_pipeline/output/gatk/31-N_1_recalibrated.bam | bcftools call -v -c - | grep -e '0/1' -e '#' > results/titan/hetPosns/T_31/T_31.chrchr12.vcf 2> logs/titan/hetPosns/T_31/T_31.chrchr12.log
        (one of the commands exited with non-zero exit code; note that snakemake uses bash strict mode!)

Removing output files of failed job getHETsites since they might be corrupted:
results/titan/hetPosns/T_31/T_31.chrchr12.vcf
[Tue Dec 15 16:38:16 2020]
Error in rule getHETsites:
    jobid: 178
    output: results/titan/hetPosns/T_28/T_28.chrchr7.vcf
    log: logs/titan/hetPosns/T_28/T_28.chrchr7.log (check log file(s) for error message)
    shell:
        samtools mpileup -uv -I -f /dataVolume/storage/Homo_sapiens/UCSC/hg19/Sequence/BWAIndex/genome.fa -r chr7 -l /dataVolume/storage/Homo_sapiens/DBSNP/dbsnp_138.hg19.excluding_sites_after_129.vcf.gz /home/skevin/rb_pipeline/output/gatk/28-N_1_recalibrated.bam | bcftools call -v -c - | grep -e '0/1' -e '#' > results/titan/hetPosns/T_28/T_28.chrchr7.vcf 2> logs/titan/hetPosns/T_28/T_28.chrchr7.log
        (one of the commands exited with non-zero exit code; note that snakemake uses bash strict mode!)

Removing output files of failed job getHETsites since they might be corrupted:
results/titan/hetPosns/T_28/T_28.chrchr7.vcf
[Tue Dec 15 16:38:16 2020]
Error in rule getHETsites:
    jobid: 134
    output: results/titan/hetPosns/T_24/T_24.chrchr12.vcf
    log: logs/titan/hetPosns/T_24/T_24.chrchr12.log (check log file(s) for error message)
    shell:
        samtools mpileup -uv -I -f /dataVolume/storage/Homo_sapiens/UCSC/hg19/Sequence/BWAIndex/genome.fa -r chr12 -l /dataVolume/storage/Homo_sapiens/DBSNP/dbsnp_138.hg19.excluding_sites_after_129.vcf.gz /home/skevin/rb_pipeline/output/gatk/24-N_1_recalibrated.bam | bcftools call -v -c - | grep -e '0/1' -e '#' > results/titan/hetPosns/T_24/T_24.chrchr12.vcf 2> logs/titan/hetPosns/T_24/T_24.chrchr12.log
        (one of the commands exited with non-zero exit code; note that snakemake uses bash strict mode!)

Removing output files of failed job getHETsites since they might be corrupted:
results/titan/hetPosns/T_24/T_24.chrchr12.vcf
[Tue Dec 15 16:38:16 2020]
Error in rule getAlleleCountsByChr:
    jobid: 227
    output: results/titan/tumCounts/T_29/T_29.tumCounts.chrchr5.txt
    log: logs/titan/tumCounts/T_29/T_29.chrchr5.log (check log file(s) for error message)
    shell:
        python code/countPysam.py chr5 results/titan/hetPosns/T_29/T_29.chrchr5.vcf /home/skevin/rb_pipeline/output/gatk/29-T_1_recalibrated.bam 10 10 100 > results/titan/tumCounts/T_29/T_29.tumCounts.chrchr5.txt 2> logs/titan/tumCounts/T_29/T_29.chrchr5.log
        (one of the commands exited with non-zero exit code; note that snakemake uses bash strict mode!)

Removing output files of failed job getAlleleCountsByChr since they might be corrupted:
results/titan/tumCounts/T_29/T_29.tumCounts.chrchr5.txt
[Tue Dec 15 16:38:16 2020]
Error in rule getHETsites:
    jobid: 452
    output: results/titan/hetPosns/T_43/T_43.chrchr9.vcf
    log: logs/titan/hetPosns/T_43/T_43.chrchr9.log (check log file(s) for error message)
    shell:
        samtools mpileup -uv -I -f /dataVolume/storage/Homo_sapiens/UCSC/hg19/Sequence/BWAIndex/genome.fa -r chr9 -l /dataVolume/storage/Homo_sapiens/DBSNP/dbsnp_138.hg19.excluding_sites_after_129.vcf.gz /home/skevin/rb_pipeline/output/gatk/43-N_1_recalibrated.bam | bcftools call -v -c - | grep -e '0/1' -e '#' > results/titan/hetPosns/T_43/T_43.chrchr9.vcf 2> logs/titan/hetPosns/T_43/T_43.chrchr9.log
        (one of the commands exited with non-zero exit code; note that snakemake uses bash strict mode!)

Removing output files of failed job getHETsites since they might be corrupted:
results/titan/hetPosns/T_43/T_43.chrchr9.vcf
Complete log: /dataVolume/storage/rb_pipeline/titancna/.snakemake/log/2020-12-15T163654.119931.snakemake.log
