Building DAG of jobs...
Using shell: /bin/bash
Provided cores: 6
Rules claiming more threads will be scaled down.
Job counts:
	count	jobs
	1	all
	12	catAlleleCountFiles
	48	combineTitanAndIchorCNA
	1	copyOptSolution
	274	getAlleleCountsByChr
	251	getHETsites
	12	ichorCNA
	21	read_counter
	48	runTitanCNA
	1	selectSolution
	669
Select jobs to execute...

[Tue Dec 15 16:41:34 2020]
rule getAlleleCountsByChr:
    input: results/titan/hetPosns/T_31/T_31.chrchr8.vcf, /home/skevin/rb_pipeline/output/gatk/31-T_1_recalibrated.bam
    output: results/titan/tumCounts/T_31/T_31.tumCounts.chrchr8.txt
    log: logs/titan/tumCounts/T_31/T_31.chrchr8.log
    jobid: 287
    wildcards: tumor=T_31, chr=chr8


[Tue Dec 15 16:41:34 2020]
rule getAlleleCountsByChr:
    input: results/titan/hetPosns/T_48/T_48.chrchr9.vcf, /home/skevin/rb_pipeline/output/gatk/48-T_1_recalibrated.bam
    output: results/titan/tumCounts/T_48/T_48.tumCounts.chrchr9.txt
    log: logs/titan/tumCounts/T_48/T_48.chrchr9.log
    jobid: 559
    wildcards: tumor=T_48, chr=chr9


[Tue Dec 15 16:41:34 2020]
rule getHETsites:
    input: /home/skevin/rb_pipeline/output/gatk/48-N_1_recalibrated.bam
    output: results/titan/hetPosns/T_48/T_48.chrchr11.vcf
    log: logs/titan/hetPosns/T_48/T_48.chrchr11.log
    jobid: 564
    wildcards: tumor=T_48, chr=chr11


[Tue Dec 15 16:41:34 2020]
rule getAlleleCountsByChr:
    input: results/titan/hetPosns/T_48/T_48.chrchr18.vcf, /home/skevin/rb_pipeline/output/gatk/48-T_1_recalibrated.bam
    output: results/titan/tumCounts/T_48/T_48.tumCounts.chrchr18.txt
    log: logs/titan/tumCounts/T_48/T_48.chrchr18.log
    jobid: 577
    wildcards: tumor=T_48, chr=chr18


[Tue Dec 15 16:41:34 2020]
rule getHETsites:
    input: /home/skevin/rb_pipeline/output/gatk/41-N_1_recalibrated.bam
    output: results/titan/hetPosns/T_41/T_41.chrchr22.vcf
    log: logs/titan/hetPosns/T_41/T_41.chrchr22.log
    jobid: 424
    wildcards: tumor=T_41, chr=chr22


[Tue Dec 15 16:41:34 2020]
rule getHETsites:
    input: /home/skevin/rb_pipeline/output/gatk/20-N_1_recalibrated.bam
    output: results/titan/hetPosns/T_20/T_20.chrchr10.vcf
    log: logs/titan/hetPosns/T_20/T_20.chrchr10.log
    jobid: 76
    wildcards: tumor=T_20, chr=chr10

Terminating processes on user request, this might take some time.
[Tue Dec 15 16:41:48 2020]
Error in rule getHETsites:
    jobid: 424
    output: results/titan/hetPosns/T_41/T_41.chrchr22.vcf
    log: logs/titan/hetPosns/T_41/T_41.chrchr22.log (check log file(s) for error message)
    shell:
        samtools mpileup -uv -I -f /dataVolume/storage/Homo_sapiens/UCSC/hg19/Sequence/BWAIndex/genome.fa -r chr22 -l /dataVolume/storage/Homo_sapiens/DBSNP/dbsnp_138.hg19.excluding_sites_after_129.vcf.gz /home/skevin/rb_pipeline/output/gatk/41-N_1_recalibrated.bam | bcftools call -v -c - | grep -e '0/1' -e '#' > results/titan/hetPosns/T_41/T_41.chrchr22.vcf 2> logs/titan/hetPosns/T_41/T_41.chrchr22.log
        (one of the commands exited with non-zero exit code; note that snakemake uses bash strict mode!)

Removing output files of failed job getHETsites since they might be corrupted:
results/titan/hetPosns/T_41/T_41.chrchr22.vcf
[Tue Dec 15 16:41:48 2020]
Error in rule getHETsites:
    jobid: 564
    output: results/titan/hetPosns/T_48/T_48.chrchr11.vcf
    log: logs/titan/hetPosns/T_48/T_48.chrchr11.log (check log file(s) for error message)
    shell:
        samtools mpileup -uv -I -f /dataVolume/storage/Homo_sapiens/UCSC/hg19/Sequence/BWAIndex/genome.fa -r chr11 -l /dataVolume/storage/Homo_sapiens/DBSNP/dbsnp_138.hg19.excluding_sites_after_129.vcf.gz /home/skevin/rb_pipeline/output/gatk/48-N_1_recalibrated.bam | bcftools call -v -c - | grep -e '0/1' -e '#' > results/titan/hetPosns/T_48/T_48.chrchr11.vcf 2> logs/titan/hetPosns/T_48/T_48.chrchr11.log
        (one of the commands exited with non-zero exit code; note that snakemake uses bash strict mode!)

Removing output files of failed job getHETsites since they might be corrupted:
results/titan/hetPosns/T_48/T_48.chrchr11.vcf
[Tue Dec 15 16:41:48 2020]
Error in rule getHETsites:
    jobid: 76
    output: results/titan/hetPosns/T_20/T_20.chrchr10.vcf
    log: logs/titan/hetPosns/T_20/T_20.chrchr10.log (check log file(s) for error message)
    shell:
        samtools mpileup -uv -I -f /dataVolume/storage/Homo_sapiens/UCSC/hg19/Sequence/BWAIndex/genome.fa -r chr10 -l /dataVolume/storage/Homo_sapiens/DBSNP/dbsnp_138.hg19.excluding_sites_after_129.vcf.gz /home/skevin/rb_pipeline/output/gatk/20-N_1_recalibrated.bam | bcftools call -v -c - | grep -e '0/1' -e '#' > results/titan/hetPosns/T_20/T_20.chrchr10.vcf 2> logs/titan/hetPosns/T_20/T_20.chrchr10.log
        (one of the commands exited with non-zero exit code; note that snakemake uses bash strict mode!)

Removing output files of failed job getHETsites since they might be corrupted:
results/titan/hetPosns/T_20/T_20.chrchr10.vcf
[Tue Dec 15 16:41:48 2020]
Error in rule getAlleleCountsByChr:
    jobid: 577
    output: results/titan/tumCounts/T_48/T_48.tumCounts.chrchr18.txt
    log: logs/titan/tumCounts/T_48/T_48.chrchr18.log (check log file(s) for error message)
    shell:
        python code/countPysam.py chr18 results/titan/hetPosns/T_48/T_48.chrchr18.vcf /home/skevin/rb_pipeline/output/gatk/48-T_1_recalibrated.bam 10 10 100 > results/titan/tumCounts/T_48/T_48.tumCounts.chrchr18.txt 2> logs/titan/tumCounts/T_48/T_48.chrchr18.log
        (one of the commands exited with non-zero exit code; note that snakemake uses bash strict mode!)

Removing output files of failed job getAlleleCountsByChr since they might be corrupted:
results/titan/tumCounts/T_48/T_48.tumCounts.chrchr18.txt
[Tue Dec 15 16:41:48 2020]
Error in rule getAlleleCountsByChr:
    jobid: 287
    output: results/titan/tumCounts/T_31/T_31.tumCounts.chrchr8.txt
    log: logs/titan/tumCounts/T_31/T_31.chrchr8.log (check log file(s) for error message)
    shell:
        python code/countPysam.py chr8 results/titan/hetPosns/T_31/T_31.chrchr8.vcf /home/skevin/rb_pipeline/output/gatk/31-T_1_recalibrated.bam 10 10 100 > results/titan/tumCounts/T_31/T_31.tumCounts.chrchr8.txt 2> logs/titan/tumCounts/T_31/T_31.chrchr8.log
        (one of the commands exited with non-zero exit code; note that snakemake uses bash strict mode!)

Removing output files of failed job getAlleleCountsByChr since they might be corrupted:
results/titan/tumCounts/T_31/T_31.tumCounts.chrchr8.txt
[Tue Dec 15 16:41:48 2020]
Error in rule getAlleleCountsByChr:
    jobid: 559
    output: results/titan/tumCounts/T_48/T_48.tumCounts.chrchr9.txt
    log: logs/titan/tumCounts/T_48/T_48.chrchr9.log (check log file(s) for error message)
    shell:
        python code/countPysam.py chr9 results/titan/hetPosns/T_48/T_48.chrchr9.vcf /home/skevin/rb_pipeline/output/gatk/48-T_1_recalibrated.bam 10 10 100 > results/titan/tumCounts/T_48/T_48.tumCounts.chrchr9.txt 2> logs/titan/tumCounts/T_48/T_48.chrchr9.log
        (one of the commands exited with non-zero exit code; note that snakemake uses bash strict mode!)

Removing output files of failed job getAlleleCountsByChr since they might be corrupted:
results/titan/tumCounts/T_48/T_48.tumCounts.chrchr9.txt
Complete log: /dataVolume/storage/rb_pipeline/titancna/.snakemake/log/2020-12-15T164133.612888.snakemake.log
