Building DAG of jobs...
Using shell: /bin/bash
Provided cores: 6
Rules claiming more threads will be scaled down.
Job counts:
	count	jobs
	1	all
	12	catAlleleCountFiles
	48	combineTitanAndIchorCNA
	1	copyOptSolution
	276	getAlleleCountsByChr
	262	getHETsites
	12	ichorCNA
	21	read_counter
	48	runTitanCNA
	1	selectSolution
	682
Select jobs to execute...

[Tue Dec 15 16:30:33 2020]
rule getHETsites:
    input: /home/skevin/rb_pipeline/output/gatk/33-N_1_recalibrated.bam
    output: results/titan/hetPosns/T_33/T_33.chrchr15.vcf
    log: logs/titan/hetPosns/T_33/T_33.chrchr15.log
    jobid: 356
    wildcards: tumor=T_33, chr=chr15


[Tue Dec 15 16:30:33 2020]
rule getHETsites:
    input: /home/skevin/rb_pipeline/output/gatk/24-N_1_recalibrated.bam
    output: results/titan/hetPosns/T_24/T_24.chrchr19.vcf
    log: logs/titan/hetPosns/T_24/T_24.chrchr19.log
    jobid: 148
    wildcards: tumor=T_24, chr=chr19


[Tue Dec 15 16:30:33 2020]
rule getHETsites:
    input: /home/skevin/rb_pipeline/output/gatk/41-N_1_recalibrated.bam
    output: results/titan/hetPosns/T_41/T_41.chrchr2.vcf
    log: logs/titan/hetPosns/T_41/T_41.chrchr2.log
    jobid: 384
    wildcards: tumor=T_41, chr=chr2


[Tue Dec 15 16:30:33 2020]
rule getHETsites:
    input: /home/skevin/rb_pipeline/output/gatk/14-N_1_recalibrated.bam
    output: results/titan/hetPosns/T_14/T_14.chrchr17.vcf
    log: logs/titan/hetPosns/T_14/T_14.chrchr17.log
    jobid: 36
    wildcards: tumor=T_14, chr=chr17


[Tue Dec 15 16:30:33 2020]
rule read_counter:
    input: /home/skevin/rb_pipeline/output/gatk/20-T_1_recalibrated.bam
    output: results/readDepth/T_20.bin50000.wig
    log: logs/readDepth/T_20.bin50000.log
    jobid: 104
    wildcards: samples=T_20, binSize=50000
    resources: mem=4


[Tue Dec 15 16:30:33 2020]
rule getHETsites:
    input: /home/skevin/rb_pipeline/output/gatk/48-N_1_recalibrated.bam
    output: results/titan/hetPosns/T_48/T_48.chrchr9.vcf
    log: logs/titan/hetPosns/T_48/T_48.chrchr9.log
    jobid: 560
    wildcards: tumor=T_48, chr=chr9

[Tue Dec 15 16:32:07 2020]
Finished job 560.
1 of 682 steps (0.15%) done
Select jobs to execute...

[Tue Dec 15 16:32:07 2020]
rule getAlleleCountsByChr:
    input: results/titan/hetPosns/T_24/T_24.chrchr14.vcf, /home/skevin/rb_pipeline/output/gatk/24-T_1_recalibrated.bam
    output: results/titan/tumCounts/T_24/T_24.tumCounts.chrchr14.txt
    log: logs/titan/tumCounts/T_24/T_24.chrchr14.log
    jobid: 137
    wildcards: tumor=T_24, chr=chr14

[Tue Dec 15 16:32:13 2020]
Finished job 36.
2 of 682 steps (0.29%) done
Select jobs to execute...

[Tue Dec 15 16:32:13 2020]
rule getHETsites:
    input: /home/skevin/rb_pipeline/output/gatk/48-N_1_recalibrated.bam
    output: results/titan/hetPosns/T_48/T_48.chrchr18.vcf
    log: logs/titan/hetPosns/T_48/T_48.chrchr18.log
    jobid: 578
    wildcards: tumor=T_48, chr=chr18

[Tue Dec 15 16:32:19 2020]
Finished job 356.
3 of 682 steps (0.44%) done
Select jobs to execute...

[Tue Dec 15 16:32:19 2020]
rule read_counter:
    input: /home/skevin/rb_pipeline/output/gatk/28-T_1_recalibrated.bam
    output: results/readDepth/T_28.bin50000.wig
    log: logs/readDepth/T_28.bin50000.log
    jobid: 212
    wildcards: samples=T_28, binSize=50000
    resources: mem=4

[Tue Dec 15 16:32:33 2020]
Finished job 148.
4 of 682 steps (0.59%) done
Select jobs to execute...

[Tue Dec 15 16:32:33 2020]
rule getHETsites:
    input: /home/skevin/rb_pipeline/output/gatk/24-N_1_recalibrated.bam
    output: results/titan/hetPosns/T_24/T_24.chrchr21.vcf
    log: logs/titan/hetPosns/T_24/T_24.chrchr21.log
    jobid: 152
    wildcards: tumor=T_24, chr=chr21

[Tue Dec 15 16:33:03 2020]
Finished job 578.
5 of 682 steps (0.73%) done
Select jobs to execute...

[Tue Dec 15 16:33:03 2020]
rule getAlleleCountsByChr:
    input: results/titan/hetPosns/T_28/T_28.chrchr2.vcf, /home/skevin/rb_pipeline/output/gatk/28-T_1_recalibrated.bam
    output: results/titan/tumCounts/T_28/T_28.tumCounts.chrchr2.txt
    log: logs/titan/tumCounts/T_28/T_28.chrchr2.log
    jobid: 167
    wildcards: tumor=T_28, chr=chr2

[Tue Dec 15 16:33:08 2020]
Finished job 384.
6 of 682 steps (0.88%) done
Select jobs to execute...

[Tue Dec 15 16:33:08 2020]
rule getHETsites:
    input: /home/skevin/rb_pipeline/output/gatk/29-N_1_recalibrated.bam
    output: results/titan/hetPosns/T_29/T_29.chrchr5.vcf
    log: logs/titan/hetPosns/T_29/T_29.chrchr5.log
    jobid: 228
    wildcards: tumor=T_29, chr=chr5

[Tue Dec 15 16:33:12 2020]
Finished job 152.
7 of 682 steps (1%) done
Select jobs to execute...

[Tue Dec 15 16:33:12 2020]
rule getHETsites:
    input: /home/skevin/rb_pipeline/output/gatk/46-N_1_recalibrated.bam
    output: results/titan/hetPosns/T_46/T_46.chrchr14.vcf
    log: logs/titan/hetPosns/T_46/T_46.chrchr14.log
    jobid: 516
    wildcards: tumor=T_46, chr=chr14

[Tue Dec 15 16:33:15 2020]
Finished job 137.
8 of 682 steps (1%) done
[Tue Dec 15 16:34:36 2020]
Finished job 228.
9 of 682 steps (1%) done
Select jobs to execute...

[Tue Dec 15 16:34:36 2020]
rule read_counter:
    input: /home/skevin/rb_pipeline/output/gatk/20-N_1_recalibrated.bam
    output: results/readDepth/N_20.bin50000.wig
    log: logs/readDepth/N_20.bin50000.log
    jobid: 105
    wildcards: samples=N_20, binSize=50000
    resources: mem=4


[Tue Dec 15 16:34:36 2020]
rule getHETsites:
    input: /home/skevin/rb_pipeline/output/gatk/43-N_1_recalibrated.bam
    output: results/titan/hetPosns/T_43/T_43.chrchr10.vcf
    log: logs/titan/hetPosns/T_43/T_43.chrchr10.log
    jobid: 454
    wildcards: tumor=T_43, chr=chr10

[Tue Dec 15 16:34:42 2020]
Finished job 516.
10 of 682 steps (1%) done
Select jobs to execute...

[Tue Dec 15 16:34:42 2020]
rule getHETsites:
    input: /home/skevin/rb_pipeline/output/gatk/49-N_1_recalibrated.bam
    output: results/titan/hetPosns/T_49/T_49.chrchr6.vcf
    log: logs/titan/hetPosns/T_49/T_49.chrchr6.log
    jobid: 608
    wildcards: tumor=T_49, chr=chr6

[Tue Dec 15 16:34:48 2020]
Finished job 167.
11 of 682 steps (2%) done
Terminating processes on user request, this might take some time.
[Tue Dec 15 16:35:37 2020]
[Tue Dec 15 16:35:37 2020]
Error in rule read_counter:
Error in rule read_counter:
    jobid: 105
    jobid: 104
    output: results/readDepth/N_20.bin50000.wig
[Tue Dec 15 16:35:37 2020]
Error in rule read_counter:
    log: logs/readDepth/N_20.bin50000.log (check log file(s) for error message)
    output: results/readDepth/T_20.bin50000.wig
    log: logs/readDepth/T_20.bin50000.log (check log file(s) for error message)
    shell:
        /usr/local/bin/TOOLS/hmmcopy_utils/bin/readCounter /home/skevin/rb_pipeline/output/gatk/20-N_1_recalibrated.bam -c chr1,chr2,chr3,chr4,chr5,chr6,chr7,chr8,chr9,chr10,chr11,chr12,chr13,chr14,chr15,chr16,chr17,chr18,chr19,chr20,chr21,chr22,chrX,chrY -w 50000 -q 20 > results/readDepth/N_20.bin50000.wig 2> logs/readDepth/N_20.bin50000.log
        (one of the commands exited with non-zero exit code; note that snakemake uses bash strict mode!)
    jobid: 212
    output: results/readDepth/T_28.bin50000.wig

    shell:
        /usr/local/bin/TOOLS/hmmcopy_utils/bin/readCounter /home/skevin/rb_pipeline/output/gatk/20-T_1_recalibrated.bam -c chr1,chr2,chr3,chr4,chr5,chr6,chr7,chr8,chr9,chr10,chr11,chr12,chr13,chr14,chr15,chr16,chr17,chr18,chr19,chr20,chr21,chr22,chrX,chrY -w 50000 -q 20 > results/readDepth/T_20.bin50000.wig 2> logs/readDepth/T_20.bin50000.log
        (one of the commands exited with non-zero exit code; note that snakemake uses bash strict mode!)
    log: logs/readDepth/T_28.bin50000.log (check log file(s) for error message)
Removing output files of failed job read_counter since they might be corrupted:
results/readDepth/N_20.bin50000.wig

    shell:
        /usr/local/bin/TOOLS/hmmcopy_utils/bin/readCounter /home/skevin/rb_pipeline/output/gatk/28-T_1_recalibrated.bam -c chr1,chr2,chr3,chr4,chr5,chr6,chr7,chr8,chr9,chr10,chr11,chr12,chr13,chr14,chr15,chr16,chr17,chr18,chr19,chr20,chr21,chr22,chrX,chrY -w 50000 -q 20 > results/readDepth/T_28.bin50000.wig 2> logs/readDepth/T_28.bin50000.log
        (one of the commands exited with non-zero exit code; note that snakemake uses bash strict mode!)

Removing output files of failed job read_counter since they might be corrupted:
results/readDepth/T_20.bin50000.wig
Removing output files of failed job read_counter since they might be corrupted:
results/readDepth/T_28.bin50000.wig
[Tue Dec 15 16:35:37 2020]
Error in rule getHETsites:
    jobid: 608
    output: results/titan/hetPosns/T_49/T_49.chrchr6.vcf
    log: logs/titan/hetPosns/T_49/T_49.chrchr6.log (check log file(s) for error message)
    shell:
        samtools mpileup -uv -I -f /dataVolume/storage/Homo_sapiens/UCSC/hg19/Sequence/BWAIndex/genome.fa -r chr6 -l /dataVolume/storage/Homo_sapiens/DBSNP/dbsnp_138.hg19.excluding_sites_after_129.vcf.gz /home/skevin/rb_pipeline/output/gatk/49-N_1_recalibrated.bam | bcftools call -v -c - | grep -e '0/1' -e '#' > results/titan/hetPosns/T_49/T_49.chrchr6.vcf 2> logs/titan/hetPosns/T_49/T_49.chrchr6.log
        (one of the commands exited with non-zero exit code; note that snakemake uses bash strict mode!)

Removing output files of failed job getHETsites since they might be corrupted:
results/titan/hetPosns/T_49/T_49.chrchr6.vcf
[Tue Dec 15 16:35:37 2020]
Error in rule getHETsites:
    jobid: 454
    output: results/titan/hetPosns/T_43/T_43.chrchr10.vcf
    log: logs/titan/hetPosns/T_43/T_43.chrchr10.log (check log file(s) for error message)
    shell:
        samtools mpileup -uv -I -f /dataVolume/storage/Homo_sapiens/UCSC/hg19/Sequence/BWAIndex/genome.fa -r chr10 -l /dataVolume/storage/Homo_sapiens/DBSNP/dbsnp_138.hg19.excluding_sites_after_129.vcf.gz /home/skevin/rb_pipeline/output/gatk/43-N_1_recalibrated.bam | bcftools call -v -c - | grep -e '0/1' -e '#' > results/titan/hetPosns/T_43/T_43.chrchr10.vcf 2> logs/titan/hetPosns/T_43/T_43.chrchr10.log
        (one of the commands exited with non-zero exit code; note that snakemake uses bash strict mode!)

Removing output files of failed job getHETsites since they might be corrupted:
results/titan/hetPosns/T_43/T_43.chrchr10.vcf
Complete log: /dataVolume/storage/rb_pipeline/titancna/.snakemake/log/2020-12-15T163032.998695.snakemake.log
