Building DAG of jobs...
Using shell: /bin/bash
Provided cores: 6
Rules claiming more threads will be scaled down.
Job counts:
	count	jobs
	1	all
	12	catAlleleCountFiles
	48	combineTitanAndIchorCNA
	1	copyOptSolution
	48	getAlleleCountsByChr
	9	getHETsites
	5	ichorCNA
	1	read_counter
	48	runTitanCNA
	1	selectSolution
	174
Select jobs to execute...

[Tue Dec 15 21:11:44 2020]
rule getAlleleCountsByChr:
    input: results/titan/hetPosns/T_46/T_46.chrchr20.vcf, /home/skevin/rb_pipeline/output/gatk/46-T_1_recalibrated.bam
    output: results/titan/tumCounts/T_46/T_46.tumCounts.chrchr20.txt
    log: logs/titan/tumCounts/T_46/T_46.chrchr20.log
    jobid: 527
    wildcards: tumor=T_46, chr=chr20


[Tue Dec 15 21:11:44 2020]
rule getAlleleCountsByChr:
    input: results/titan/hetPosns/T_43/T_43.chrchr2.vcf, /home/skevin/rb_pipeline/output/gatk/43-T_1_recalibrated.bam
    output: results/titan/tumCounts/T_43/T_43.tumCounts.chrchr2.txt
    log: logs/titan/tumCounts/T_43/T_43.chrchr2.log
    jobid: 437
    wildcards: tumor=T_43, chr=chr2


[Tue Dec 15 21:11:44 2020]
rule getAlleleCountsByChr:
    input: results/titan/hetPosns/T_29/T_29.chrchr17.vcf, /home/skevin/rb_pipeline/output/gatk/29-T_1_recalibrated.bam
    output: results/titan/tumCounts/T_29/T_29.tumCounts.chrchr17.txt
    log: logs/titan/tumCounts/T_29/T_29.chrchr17.log
    jobid: 251
    wildcards: tumor=T_29, chr=chr17


[Tue Dec 15 21:11:44 2020]
rule getAlleleCountsByChr:
    input: results/titan/hetPosns/T_49/T_49.chrchr9.vcf, /home/skevin/rb_pipeline/output/gatk/49-T_1_recalibrated.bam
    output: results/titan/tumCounts/T_49/T_49.tumCounts.chrchr9.txt
    log: logs/titan/tumCounts/T_49/T_49.chrchr9.log
    jobid: 613
    wildcards: tumor=T_49, chr=chr9


[Tue Dec 15 21:11:44 2020]
rule getHETsites:
    input: /home/skevin/rb_pipeline/output/gatk/46-N_1_recalibrated.bam
    output: results/titan/hetPosns/T_46/T_46.chrchr16.vcf
    log: logs/titan/hetPosns/T_46/T_46.chrchr16.log
    jobid: 520
    wildcards: tumor=T_46, chr=chr16


[Tue Dec 15 21:11:44 2020]
rule ichorCNA:
    input: results/readDepth/T_46.bin50000.wig, results/readDepth/N_46.bin50000.wig
    output: results/ichorCNA/T_46/T_46.correctedDepth.txt, results/ichorCNA/T_46/T_46.params.txt, results/ichorCNA/T_46/T_46.cna.seg, results/ichorCNA/T_46/T_46.seg.txt
    log: logs/ichorCNA/T_46.log
    jobid: 535
    wildcards: tumor=T_46
    resources: mem=4

[Tue Dec 15 21:12:23 2020]
Finished job 527.
1 of 174 steps (0.57%) done
[Tue Dec 15 21:12:35 2020]
Finished job 613.
2 of 174 steps (1%) done
[Tue Dec 15 21:12:47 2020]
Finished job 251.
3 of 174 steps (2%) done
[Tue Dec 15 21:12:55 2020]
Finished job 437.
4 of 174 steps (2%) done
[Tue Dec 15 21:12:57 2020]
Finished job 520.
5 of 174 steps (3%) done
Select jobs to execute...

[Tue Dec 15 21:12:57 2020]
rule getHETsites:
    input: /home/skevin/rb_pipeline/output/gatk/33-N_1_recalibrated.bam
    output: results/titan/hetPosns/T_33/T_33.chrchr1.vcf
    log: logs/titan/hetPosns/T_33/T_33.chrchr1.log
    jobid: 328
    wildcards: tumor=T_33, chr=chr1


[Tue Dec 15 21:12:57 2020]
rule getHETsites:
    input: /home/skevin/rb_pipeline/output/gatk/14-N_1_recalibrated.bam
    output: results/titan/hetPosns/T_14/T_14.chrchr20.vcf
    log: logs/titan/hetPosns/T_14/T_14.chrchr20.log
    jobid: 42
    wildcards: tumor=T_14, chr=chr20


[Tue Dec 15 21:12:57 2020]
rule getHETsites:
    input: /home/skevin/rb_pipeline/output/gatk/49-N_1_recalibrated.bam
    output: results/titan/hetPosns/T_49/T_49.chrchr3.vcf
    log: logs/titan/hetPosns/T_49/T_49.chrchr3.log
    jobid: 602
    wildcards: tumor=T_49, chr=chr3


[Tue Dec 15 21:12:57 2020]
rule ichorCNA:
    input: results/readDepth/T_14.bin50000.wig, results/readDepth/N_14.bin50000.wig
    output: results/ichorCNA/T_14/T_14.correctedDepth.txt, results/ichorCNA/T_14/T_14.params.txt, results/ichorCNA/T_14/T_14.cna.seg, results/ichorCNA/T_14/T_14.seg.txt
    log: logs/ichorCNA/T_14.log
    jobid: 49
    wildcards: tumor=T_14
    resources: mem=4


[Tue Dec 15 21:12:57 2020]
rule getAlleleCountsByChr:
    input: results/titan/hetPosns/T_46/T_46.chrchr16.vcf, /home/skevin/rb_pipeline/output/gatk/46-T_1_recalibrated.bam
    output: results/titan/tumCounts/T_46/T_46.tumCounts.chrchr16.txt
    log: logs/titan/tumCounts/T_46/T_46.chrchr16.log
    jobid: 519
    wildcards: tumor=T_46, chr=chr16

[Tue Dec 15 21:13:40 2020]
Finished job 42.
6 of 174 steps (3%) done
Select jobs to execute...

[Tue Dec 15 21:13:40 2020]
rule getAlleleCountsByChr:
    input: results/titan/hetPosns/T_48/T_48.chrchr8.vcf, /home/skevin/rb_pipeline/output/gatk/48-T_1_recalibrated.bam
    output: results/titan/tumCounts/T_48/T_48.tumCounts.chrchr8.txt
    log: logs/titan/tumCounts/T_48/T_48.chrchr8.log
    jobid: 557
    wildcards: tumor=T_48, chr=chr8

[Tue Dec 15 21:14:05 2020]
Finished job 519.
7 of 174 steps (4%) done
[Tue Dec 15 21:14:25 2020]
Finished job 602.
8 of 174 steps (5%) done
Select jobs to execute...

[Tue Dec 15 21:14:25 2020]
rule getAlleleCountsByChr:
    input: results/titan/hetPosns/T_31/T_31.chrchr13.vcf, /home/skevin/rb_pipeline/output/gatk/31-T_1_recalibrated.bam
    output: results/titan/tumCounts/T_31/T_31.tumCounts.chrchr13.txt
    log: logs/titan/tumCounts/T_31/T_31.chrchr13.log
    jobid: 297
    wildcards: tumor=T_31, chr=chr13


[Tue Dec 15 21:14:25 2020]
rule getAlleleCountsByChr:
    input: results/titan/hetPosns/T_41/T_41.chrchr9.vcf, /home/skevin/rb_pipeline/output/gatk/41-T_1_recalibrated.bam
    output: results/titan/tumCounts/T_41/T_41.tumCounts.chrchr9.txt
    log: logs/titan/tumCounts/T_41/T_41.chrchr9.log
    jobid: 397
    wildcards: tumor=T_41, chr=chr9

[Tue Dec 15 21:14:32 2020]
Finished job 557.
9 of 174 steps (5%) done
[Tue Dec 15 21:14:48 2020]
Finished job 297.
10 of 174 steps (6%) done
[Tue Dec 15 21:15:24 2020]
Finished job 397.
11 of 174 steps (6%) done
[Tue Dec 15 21:15:53 2020]
Finished job 328.
12 of 174 steps (7%) done
Select jobs to execute...

[Tue Dec 15 21:15:53 2020]
rule getAlleleCountsByChr:
    input: results/titan/hetPosns/T_49/T_49.chrchr3.vcf, /home/skevin/rb_pipeline/output/gatk/49-T_1_recalibrated.bam
    output: results/titan/tumCounts/T_49/T_49.tumCounts.chrchr3.txt
    log: logs/titan/tumCounts/T_49/T_49.chrchr3.log
    jobid: 601
    wildcards: tumor=T_49, chr=chr3


[Tue Dec 15 21:15:53 2020]
rule getAlleleCountsByChr:
    input: results/titan/hetPosns/T_41/T_41.chrchr7.vcf, /home/skevin/rb_pipeline/output/gatk/41-T_1_recalibrated.bam
    output: results/titan/tumCounts/T_41/T_41.tumCounts.chrchr7.txt
    log: logs/titan/tumCounts/T_41/T_41.chrchr7.log
    jobid: 393
    wildcards: tumor=T_41, chr=chr7


[Tue Dec 15 21:15:53 2020]
rule getAlleleCountsByChr:
    input: results/titan/hetPosns/T_48/T_48.chrchr3.vcf, /home/skevin/rb_pipeline/output/gatk/48-T_1_recalibrated.bam
    output: results/titan/tumCounts/T_48/T_48.tumCounts.chrchr3.txt
    log: logs/titan/tumCounts/T_48/T_48.chrchr3.log
    jobid: 547
    wildcards: tumor=T_48, chr=chr3


[Tue Dec 15 21:15:53 2020]
rule getAlleleCountsByChr:
    input: results/titan/hetPosns/T_33/T_33.chrchr22.vcf, /home/skevin/rb_pipeline/output/gatk/33-T_1_recalibrated.bam
    output: results/titan/tumCounts/T_33/T_33.tumCounts.chrchr22.txt
    log: logs/titan/tumCounts/T_33/T_33.chrchr22.log
    jobid: 369
    wildcards: tumor=T_33, chr=chr22

[Tue Dec 15 21:16:30 2020]
Finished job 369.
13 of 174 steps (7%) done
[Tue Dec 15 21:16:51 2020]
Finished job 547.
14 of 174 steps (8%) done
[Tue Dec 15 21:16:57 2020]
Finished job 393.
15 of 174 steps (9%) done
[Tue Dec 15 21:16:58 2020]
Finished job 601.
16 of 174 steps (9%) done
Terminating processes on user request, this might take some time.
[Tue Dec 15 21:16:59 2020]
Error in rule ichorCNA:
    jobid: 49
    output: results/ichorCNA/T_14/T_14.correctedDepth.txt, results/ichorCNA/T_14/T_14.params.txt, results/ichorCNA/T_14/T_14.cna.seg, results/ichorCNA/T_14/T_14.seg.txt
    log: logs/ichorCNA/T_14.log (check log file(s) for error message)
    shell:
        Rscript /home/skevin/rpkgs/ichorCNA/scripts/runIchorCNA.R --libdir /home/skevin/rpkgs/ichorCNA --id T_14 --WIG results/readDepth/T_14.bin50000.wig --gcWig /dataVolume/storage/rpkgs/ichorCNA/inst/extdata/gc_hg19_50kb.wig --mapWig /dataVolume/storage/rpkgs/ichorCNA/inst/extdata/map_hg19_50kb.wig --NORMWIG results/readDepth/N_14.bin50000.wig --ploidy "c(2,3)" --normal "c(0.5)" --maxCN 8 --includeHOMD False --genomeStyle NCBI --chrs "c(1:22, \"X\")" --estimateNormal True --estimatePloidy True --estimateScPrevalence True --scStates "c(1,3)" --centromere /dataVolume/storage/rpkgs/ichorCNA/inst/extdata/GRCh37.p13_centromere_UCSC-gapTable.txt --exons.bed None --txnE 0.9999 --txnStrength 10000 --fracReadsInChrYForMale 0.001 --plotFileType png --plotYLim "c(-2,4)" --outDir results/ichorCNA/T_14/ > logs/ichorCNA/T_14.log 2> logs/ichorCNA/T_14.log
        (one of the commands exited with non-zero exit code; note that snakemake uses bash strict mode!)

[Tue Dec 15 21:16:59 2020]
Removing output files of failed job ichorCNA since they might be corrupted:
results/ichorCNA/T_14/T_14.correctedDepth.txt
Error in rule ichorCNA:
    jobid: 535
    output: results/ichorCNA/T_46/T_46.correctedDepth.txt, results/ichorCNA/T_46/T_46.params.txt, results/ichorCNA/T_46/T_46.cna.seg, results/ichorCNA/T_46/T_46.seg.txt
    log: logs/ichorCNA/T_46.log (check log file(s) for error message)
    shell:
        Rscript /home/skevin/rpkgs/ichorCNA/scripts/runIchorCNA.R --libdir /home/skevin/rpkgs/ichorCNA --id T_46 --WIG results/readDepth/T_46.bin50000.wig --gcWig /dataVolume/storage/rpkgs/ichorCNA/inst/extdata/gc_hg19_50kb.wig --mapWig /dataVolume/storage/rpkgs/ichorCNA/inst/extdata/map_hg19_50kb.wig --NORMWIG results/readDepth/N_46.bin50000.wig --ploidy "c(2,3)" --normal "c(0.5)" --maxCN 8 --includeHOMD False --genomeStyle NCBI --chrs "c(1:22, \"X\")" --estimateNormal True --estimatePloidy True --estimateScPrevalence True --scStates "c(1,3)" --centromere /dataVolume/storage/rpkgs/ichorCNA/inst/extdata/GRCh37.p13_centromere_UCSC-gapTable.txt --exons.bed None --txnE 0.9999 --txnStrength 10000 --fracReadsInChrYForMale 0.001 --plotFileType png --plotYLim "c(-2,4)" --outDir results/ichorCNA/T_46/ > logs/ichorCNA/T_46.log 2> logs/ichorCNA/T_46.log
        (one of the commands exited with non-zero exit code; note that snakemake uses bash strict mode!)

Removing output files of failed job ichorCNA since they might be corrupted:
results/ichorCNA/T_46/T_46.correctedDepth.txt
Complete log: /dataVolume/storage/rb_pipeline/titancna/.snakemake/log/2020-12-15T211144.568285.snakemake.log
