Building DAG of jobs...
Using shell: /bin/bash
Provided cores: 6
Rules claiming more threads will be scaled down.
Job counts:
	count	jobs
	1	all
	12	catAlleleCountFiles
	48	combineTitanAndIchorCNA
	1	copyOptSolution
	276	getAlleleCountsByChr
	276	getHETsites
	12	ichorCNA
	24	read_counter
	48	runTitanCNA
	1	selectSolution
	699
Select jobs to execute...

[Tue Dec 15 15:37:25 2020]
rule getHETsites:
    input: /home/skevin/rb_pipeline/output/gatk/31-N_1_recalibrated.bam
    output: results/titan/hetPosns/T_31/T_31.chrchr6.vcf
    log: logs/titan/hetPosns/T_31/T_31.chrchr6.log
    jobid: 284
    wildcards: tumor=T_31, chr=chr6


[Tue Dec 15 15:37:25 2020]
rule getHETsites:
    input: /home/skevin/rb_pipeline/output/gatk/46-N_1_recalibrated.bam
    output: results/titan/hetPosns/T_46/T_46.chrchr21.vcf
    log: logs/titan/hetPosns/T_46/T_46.chrchr21.log
    jobid: 530
    wildcards: tumor=T_46, chr=chr21


[Tue Dec 15 15:37:25 2020]
rule getHETsites:
    input: /home/skevin/rb_pipeline/output/gatk/33-N_1_recalibrated.bam
    output: results/titan/hetPosns/T_33/T_33.chrchr12.vcf
    log: logs/titan/hetPosns/T_33/T_33.chrchr12.log
    jobid: 350
    wildcards: tumor=T_33, chr=chr12


[Tue Dec 15 15:37:25 2020]
rule getHETsites:
    input: /home/skevin/rb_pipeline/output/gatk/48-N_1_recalibrated.bam
    output: results/titan/hetPosns/T_48/T_48.chrchr4.vcf
    log: logs/titan/hetPosns/T_48/T_48.chrchr4.log
    jobid: 550
    wildcards: tumor=T_48, chr=chr4


[Tue Dec 15 15:37:25 2020]
rule getHETsites:
    input: /home/skevin/rb_pipeline/output/gatk/20-N_1_recalibrated.bam
    output: results/titan/hetPosns/T_20/T_20.chrchr9.vcf
    log: logs/titan/hetPosns/T_20/T_20.chrchr9.log
    jobid: 74
    wildcards: tumor=T_20, chr=chr9


[Tue Dec 15 15:37:25 2020]
rule getHETsites:
    input: /home/skevin/rb_pipeline/output/gatk/28-N_1_recalibrated.bam
    output: results/titan/hetPosns/T_28/T_28.chrchr15.vcf
    log: logs/titan/hetPosns/T_28/T_28.chrchr15.log
    jobid: 194
    wildcards: tumor=T_28, chr=chr15

[Tue Dec 15 15:37:41 2020]
Error in rule getHETsites:
    jobid: 350
    output: results/titan/hetPosns/T_33/T_33.chrchr12.vcf
    log: logs/titan/hetPosns/T_33/T_33.chrchr12.log (check log file(s) for error message)
    shell:
        samtools mpileup -uv -I -f /dataVolume/storage/Homo_sapiens/UCSC/hg19/Sequence/BWAIndex/genome.fa -r chr12 -l /dataVolume/storage/Homo_sapiens/UCSC/hg19/Annotation/hapmap_3.3.b37.vcf.gz /home/skevin/rb_pipeline/output/gatk/33-N_1_recalibrated.bam | bcftools call -v -c - | grep -e '0/1' -e '#' > results/titan/hetPosns/T_33/T_33.chrchr12.vcf 2> logs/titan/hetPosns/T_33/T_33.chrchr12.log
        (one of the commands exited with non-zero exit code; note that snakemake uses bash strict mode!)

Removing output files of failed job getHETsites since they might be corrupted:
results/titan/hetPosns/T_33/T_33.chrchr12.vcf
[Tue Dec 15 15:37:41 2020]
Error in rule getHETsites:
    jobid: 74
    output: results/titan/hetPosns/T_20/T_20.chrchr9.vcf
    log: logs/titan/hetPosns/T_20/T_20.chrchr9.log (check log file(s) for error message)
    shell:
        samtools mpileup -uv -I -f /dataVolume/storage/Homo_sapiens/UCSC/hg19/Sequence/BWAIndex/genome.fa -r chr9 -l /dataVolume/storage/Homo_sapiens/UCSC/hg19/Annotation/hapmap_3.3.b37.vcf.gz /home/skevin/rb_pipeline/output/gatk/20-N_1_recalibrated.bam | bcftools call -v -c - | grep -e '0/1' -e '#' > results/titan/hetPosns/T_20/T_20.chrchr9.vcf 2> logs/titan/hetPosns/T_20/T_20.chrchr9.log
        (one of the commands exited with non-zero exit code; note that snakemake uses bash strict mode!)

Removing output files of failed job getHETsites since they might be corrupted:
results/titan/hetPosns/T_20/T_20.chrchr9.vcf
[Tue Dec 15 15:37:41 2020]
Error in rule getHETsites:
    jobid: 550
    output: results/titan/hetPosns/T_48/T_48.chrchr4.vcf
    log: logs/titan/hetPosns/T_48/T_48.chrchr4.log (check log file(s) for error message)
    shell:
        samtools mpileup -uv -I -f /dataVolume/storage/Homo_sapiens/UCSC/hg19/Sequence/BWAIndex/genome.fa -r chr4 -l /dataVolume/storage/Homo_sapiens/UCSC/hg19/Annotation/hapmap_3.3.b37.vcf.gz /home/skevin/rb_pipeline/output/gatk/48-N_1_recalibrated.bam | bcftools call -v -c - | grep -e '0/1' -e '#' > results/titan/hetPosns/T_48/T_48.chrchr4.vcf 2> logs/titan/hetPosns/T_48/T_48.chrchr4.log
        (one of the commands exited with non-zero exit code; note that snakemake uses bash strict mode!)

Removing output files of failed job getHETsites since they might be corrupted:
results/titan/hetPosns/T_48/T_48.chrchr4.vcf
[Tue Dec 15 15:37:42 2020]
Error in rule getHETsites:
    jobid: 194
    output: results/titan/hetPosns/T_28/T_28.chrchr15.vcf
    log: logs/titan/hetPosns/T_28/T_28.chrchr15.log (check log file(s) for error message)
    shell:
        samtools mpileup -uv -I -f /dataVolume/storage/Homo_sapiens/UCSC/hg19/Sequence/BWAIndex/genome.fa -r chr15 -l /dataVolume/storage/Homo_sapiens/UCSC/hg19/Annotation/hapmap_3.3.b37.vcf.gz /home/skevin/rb_pipeline/output/gatk/28-N_1_recalibrated.bam | bcftools call -v -c - | grep -e '0/1' -e '#' > results/titan/hetPosns/T_28/T_28.chrchr15.vcf 2> logs/titan/hetPosns/T_28/T_28.chrchr15.log
        (one of the commands exited with non-zero exit code; note that snakemake uses bash strict mode!)

Removing output files of failed job getHETsites since they might be corrupted:
results/titan/hetPosns/T_28/T_28.chrchr15.vcf
[Tue Dec 15 15:37:42 2020]
Error in rule getHETsites:
    jobid: 530
    output: results/titan/hetPosns/T_46/T_46.chrchr21.vcf
    log: logs/titan/hetPosns/T_46/T_46.chrchr21.log (check log file(s) for error message)
    shell:
        samtools mpileup -uv -I -f /dataVolume/storage/Homo_sapiens/UCSC/hg19/Sequence/BWAIndex/genome.fa -r chr21 -l /dataVolume/storage/Homo_sapiens/UCSC/hg19/Annotation/hapmap_3.3.b37.vcf.gz /home/skevin/rb_pipeline/output/gatk/46-N_1_recalibrated.bam | bcftools call -v -c - | grep -e '0/1' -e '#' > results/titan/hetPosns/T_46/T_46.chrchr21.vcf 2> logs/titan/hetPosns/T_46/T_46.chrchr21.log
        (one of the commands exited with non-zero exit code; note that snakemake uses bash strict mode!)

Removing output files of failed job getHETsites since they might be corrupted:
results/titan/hetPosns/T_46/T_46.chrchr21.vcf
[Tue Dec 15 15:37:42 2020]
Error in rule getHETsites:
    jobid: 284
    output: results/titan/hetPosns/T_31/T_31.chrchr6.vcf
    log: logs/titan/hetPosns/T_31/T_31.chrchr6.log (check log file(s) for error message)
    shell:
        samtools mpileup -uv -I -f /dataVolume/storage/Homo_sapiens/UCSC/hg19/Sequence/BWAIndex/genome.fa -r chr6 -l /dataVolume/storage/Homo_sapiens/UCSC/hg19/Annotation/hapmap_3.3.b37.vcf.gz /home/skevin/rb_pipeline/output/gatk/31-N_1_recalibrated.bam | bcftools call -v -c - | grep -e '0/1' -e '#' > results/titan/hetPosns/T_31/T_31.chrchr6.vcf 2> logs/titan/hetPosns/T_31/T_31.chrchr6.log
        (one of the commands exited with non-zero exit code; note that snakemake uses bash strict mode!)

Removing output files of failed job getHETsites since they might be corrupted:
results/titan/hetPosns/T_31/T_31.chrchr6.vcf
Shutting down, this might take some time.
Exiting because a job execution failed. Look above for error message
Complete log: /dataVolume/storage/rb_pipeline/titancna/.snakemake/log/2020-12-15T153725.476417.snakemake.log
