Building DAG of jobs...
Using shell: /bin/bash
Provided cores: 6
Rules claiming more threads will be scaled down.
Job counts:
	count	jobs
	1	all
	24	catAlleleCountFiles
	96	combineTitanAndIchorCNA
	1	copyOptSolution
	306	getAlleleCountsByChr
	271	getHETsites
	17	ichorCNA
	11	read_counter
	96	runTitanCNA
	1	selectSolution
	824
Select jobs to execute...

[Tue Dec 15 21:20:22 2020]
rule getHETsites:
    input: /home/skevin/rb_pipeline/output/gatk/43-N_1_recalibrated.bam
    output: results/titan/hetPosns/C_43/C_43.chrchr16.vcf
    log: logs/titan/hetPosns/C_43/C_43.chrchr16.log
    jobid: 1106
    wildcards: tumor=C_43, chr=chr16


[Tue Dec 15 21:20:22 2020]
rule getHETsites:
    input: /home/skevin/rb_pipeline/output/gatk/14-N_1_recalibrated.bam
    output: results/titan/hetPosns/C_14/C_14.chrchr3.vcf
    log: logs/titan/hetPosns/C_14/C_14.chrchr3.log
    jobid: 656
    wildcards: tumor=C_14, chr=chr3


[Tue Dec 15 21:20:22 2020]
rule getAlleleCountsByChr:
    input: results/titan/hetPosns/T_33/T_33.chrchr1.vcf, /home/skevin/rb_pipeline/output/gatk/33-T_1_recalibrated.bam
    output: results/titan/tumCounts/T_33/T_33.tumCounts.chrchr1.txt
    log: logs/titan/tumCounts/T_33/T_33.chrchr1.log
    jobid: 327
    wildcards: tumor=T_33, chr=chr1


[Tue Dec 15 21:20:22 2020]
rule getHETsites:
    input: /home/skevin/rb_pipeline/output/gatk/46-N_1_recalibrated.bam
    output: results/titan/hetPosns/C_46/C_46.chrchr3.vcf
    log: logs/titan/hetPosns/C_46/C_46.chrchr3.log
    jobid: 1133
    wildcards: tumor=C_46, chr=chr3


[Tue Dec 15 21:20:22 2020]
rule getHETsites:
    input: /home/skevin/rb_pipeline/output/gatk/43-N_1_recalibrated.bam
    output: results/titan/hetPosns/C_43/C_43.chrchr8.vcf
    log: logs/titan/hetPosns/C_43/C_43.chrchr8.log
    jobid: 1090
    wildcards: tumor=C_43, chr=chr8


[Tue Dec 15 21:20:22 2020]
rule getHETsites:
    input: /home/skevin/rb_pipeline/output/gatk/43-N_1_recalibrated.bam
    output: results/titan/hetPosns/C_43/C_43.chrchr9.vcf
    log: logs/titan/hetPosns/C_43/C_43.chrchr9.log
    jobid: 1092
    wildcards: tumor=C_43, chr=chr9

[Tue Dec 15 21:21:30 2020]
Finished job 1090.
1 of 824 steps (0.12%) done
Select jobs to execute...

[Tue Dec 15 21:21:30 2020]
rule getHETsites:
    input: /home/skevin/rb_pipeline/output/gatk/49-N_1_recalibrated.bam
    output: results/titan/hetPosns/C_49/C_49.chrchr17.vcf
    log: logs/titan/hetPosns/C_49/C_49.chrchr17.log
    jobid: 1267
    wildcards: tumor=C_49, chr=chr17

[Tue Dec 15 21:21:46 2020]
Finished job 656.
2 of 824 steps (0.24%) done
Select jobs to execute...

[Tue Dec 15 21:21:46 2020]
rule read_counter:
    input: /home/skevin/rb_pipeline/output/gatk/14-CL_1_recalibrated.bam
    output: results/readDepth/C_14.bin50000.wig
    log: logs/readDepth/C_14.bin50000.log
    jobid: 698
    wildcards: samples=C_14, binSize=50000
    resources: mem=4

[Tue Dec 15 21:21:47 2020]
Finished job 1092.
3 of 824 steps (0.36%) done
Select jobs to execute...

[Tue Dec 15 21:21:47 2020]
rule getHETsites:
    input: /home/skevin/rb_pipeline/output/gatk/33-N_1_recalibrated.bam
    output: results/titan/hetPosns/C_33/C_33.chrchr15.vcf
    log: logs/titan/hetPosns/C_33/C_33.chrchr15.log
    jobid: 998
    wildcards: tumor=C_33, chr=chr15

[Tue Dec 15 21:21:51 2020]
Finished job 1106.
4 of 824 steps (0.49%) done
Select jobs to execute...

[Tue Dec 15 21:21:51 2020]
rule getHETsites:
    input: /home/skevin/rb_pipeline/output/gatk/28-N_1_recalibrated.bam
    output: results/titan/hetPosns/C_28/C_28.chrchr5.vcf
    log: logs/titan/hetPosns/C_28/C_28.chrchr5.log
    jobid: 819
    wildcards: tumor=C_28, chr=chr5

[Tue Dec 15 21:22:18 2020]
Finished job 1133.
5 of 824 steps (0.61%) done
Select jobs to execute...

[Tue Dec 15 21:22:18 2020]
rule getHETsites:
    input: /home/skevin/rb_pipeline/output/gatk/33-N_1_recalibrated.bam
    output: results/titan/hetPosns/C_33/C_33.chrchr8.vcf
    log: logs/titan/hetPosns/C_33/C_33.chrchr8.log
    jobid: 984
    wildcards: tumor=C_33, chr=chr8

[Tue Dec 15 21:22:55 2020]
Finished job 1267.
6 of 824 steps (0.73%) done
Select jobs to execute...

[Tue Dec 15 21:22:55 2020]
rule getHETsites:
    input: /home/skevin/rb_pipeline/output/gatk/46-N_1_recalibrated.bam
    output: results/titan/hetPosns/C_46/C_46.chrchr10.vcf
    log: logs/titan/hetPosns/C_46/C_46.chrchr10.log
    jobid: 1147
    wildcards: tumor=C_46, chr=chr10

[Tue Dec 15 21:23:04 2020]
Finished job 998.
7 of 824 steps (0.85%) done
Select jobs to execute...

[Tue Dec 15 21:23:04 2020]
rule getAlleleCountsByChr:
    input: results/titan/hetPosns/C_33/C_33.chrchr15.vcf, /home/skevin/rb_pipeline/output/gatk/33-CL_1_recalibrated.bam
    output: results/titan/tumCounts/C_33/C_33.tumCounts.chrchr15.txt
    log: logs/titan/tumCounts/C_33/C_33.chrchr15.log
    jobid: 997
    wildcards: tumor=C_33, chr=chr15

[Tue Dec 15 21:23:10 2020]
Finished job 819.
8 of 824 steps (0.97%) done
Select jobs to execute...

[Tue Dec 15 21:23:10 2020]
rule getAlleleCountsByChr:
    input: results/titan/hetPosns/C_28/C_28.chrchr5.vcf, /home/skevin/rb_pipeline/output/gatk/28-CL_1_recalibrated.bam
    output: results/titan/tumCounts/C_28/C_28.tumCounts.chrchr5.txt
    log: logs/titan/tumCounts/C_28/C_28.chrchr5.log
    jobid: 818
    wildcards: tumor=C_28, chr=chr5

[Tue Dec 15 21:23:42 2020]
Finished job 327.
9 of 824 steps (1%) done
[Tue Dec 15 21:23:47 2020]
Finished job 984.
10 of 824 steps (1%) done
Select jobs to execute...

[Tue Dec 15 21:23:47 2020]
rule getHETsites:
    input: /home/skevin/rb_pipeline/output/gatk/43-N_1_recalibrated.bam
    output: results/titan/hetPosns/C_43/C_43.chrchr15.vcf
    log: logs/titan/hetPosns/C_43/C_43.chrchr15.log
    jobid: 1104
    wildcards: tumor=C_43, chr=chr15


[Tue Dec 15 21:23:47 2020]
rule getHETsites:
    input: /home/skevin/rb_pipeline/output/gatk/20-N_1_recalibrated.bam
    output: results/titan/hetPosns/C_20/C_20.chrchr22.vcf
    log: logs/titan/hetPosns/C_20/C_20.chrchr22.log
    jobid: 747
    wildcards: tumor=C_20, chr=chr22

[Tue Dec 15 21:23:59 2020]
Finished job 997.
11 of 824 steps (1%) done
[Tue Dec 15 21:24:09 2020]
Finished job 818.
12 of 824 steps (1%) done
[Tue Dec 15 21:24:26 2020]
Finished job 1147.
13 of 824 steps (2%) done
Select jobs to execute...

[Tue Dec 15 21:24:26 2020]
rule getHETsites:
    input: /home/skevin/rb_pipeline/output/gatk/14-N_1_recalibrated.bam
    output: results/titan/hetPosns/C_14/C_14.chrchr4.vcf
    log: logs/titan/hetPosns/C_14/C_14.chrchr4.log
    jobid: 658
    wildcards: tumor=C_14, chr=chr4


[Tue Dec 15 21:24:26 2020]
rule getHETsites:
    input: /home/skevin/rb_pipeline/output/gatk/14-N_1_recalibrated.bam
    output: results/titan/hetPosns/C_14/C_14.chrchr2.vcf
    log: logs/titan/hetPosns/C_14/C_14.chrchr2.log
    jobid: 654
    wildcards: tumor=C_14, chr=chr2


[Tue Dec 15 21:24:26 2020]
rule getHETsites:
    input: /home/skevin/rb_pipeline/output/gatk/46-N_1_recalibrated.bam
    output: results/titan/hetPosns/C_46/C_46.chrchr5.vcf
    log: logs/titan/hetPosns/C_46/C_46.chrchr5.log
    jobid: 1137
    wildcards: tumor=C_46, chr=chr5

[Tue Dec 15 21:24:36 2020]
Finished job 747.
14 of 824 steps (2%) done
Select jobs to execute...

[Tue Dec 15 21:24:36 2020]
rule getHETsites:
    input: /home/skevin/rb_pipeline/output/gatk/41-N_1_recalibrated.bam
    output: results/titan/hetPosns/C_41/C_41.chrchr12.vcf
    log: logs/titan/hetPosns/C_41/C_41.chrchr12.log
    jobid: 1045
    wildcards: tumor=C_41, chr=chr12

[Tue Dec 15 21:24:51 2020]
Finished job 698.
15 of 824 steps (2%) done
Select jobs to execute...

[Tue Dec 15 21:24:51 2020]
rule getHETsites:
    input: /home/skevin/rb_pipeline/output/gatk/29-N_1_recalibrated.bam
    output: results/titan/hetPosns/C_29/C_29.chrchr9.vcf
    log: logs/titan/hetPosns/C_29/C_29.chrchr9.log
    jobid: 880
    wildcards: tumor=C_29, chr=chr9

[Tue Dec 15 21:24:52 2020]
Finished job 1104.
16 of 824 steps (2%) done
Select jobs to execute...

[Tue Dec 15 21:24:53 2020]
rule getHETsites:
    input: /home/skevin/rb_pipeline/output/gatk/48-N_1_recalibrated.bam
    output: results/titan/hetPosns/C_48/C_48.chrchr15.vcf
    log: logs/titan/hetPosns/C_48/C_48.chrchr15.log
    jobid: 1210
    wildcards: tumor=C_48, chr=chr15

[Tue Dec 15 21:25:32 2020]
Finished job 658.
17 of 824 steps (2%) done
Select jobs to execute...

[Tue Dec 15 21:25:32 2020]
rule getAlleleCountsByChr:
    input: results/titan/hetPosns/T_49/T_49.chrchr8.vcf, /home/skevin/rb_pipeline/output/gatk/49-T_1_recalibrated.bam
    output: results/titan/tumCounts/T_49/T_49.tumCounts.chrchr8.txt
    log: logs/titan/tumCounts/T_49/T_49.chrchr8.log
    jobid: 611
    wildcards: tumor=T_49, chr=chr8

[Tue Dec 15 21:25:53 2020]
Finished job 1210.
18 of 824 steps (2%) done
Select jobs to execute...

[Tue Dec 15 21:25:53 2020]
rule read_counter:
    input: /home/skevin/rb_pipeline/output/gatk/29-CL_1_recalibrated.bam
    output: results/readDepth/C_29.bin50000.wig
    log: logs/readDepth/C_29.bin50000.log
    jobid: 910
    wildcards: samples=C_29, binSize=50000
    resources: mem=4

[Tue Dec 15 21:26:00 2020]
Finished job 1137.
19 of 824 steps (2%) done
Select jobs to execute...

[Tue Dec 15 21:26:00 2020]
rule read_counter:
    input: /home/skevin/rb_pipeline/output/gatk/33-CL_1_recalibrated.bam
    output: results/readDepth/C_33.bin50000.wig
    log: logs/readDepth/C_33.bin50000.log
    jobid: 1016
    wildcards: samples=C_33, binSize=50000
    resources: mem=4

[Tue Dec 15 21:26:01 2020]
Finished job 880.
20 of 824 steps (2%) done
Select jobs to execute...

[Tue Dec 15 21:26:01 2020]
rule getAlleleCountsByChr:
    input: results/titan/hetPosns/C_29/C_29.chrchr9.vcf, /home/skevin/rb_pipeline/output/gatk/29-CL_1_recalibrated.bam
    output: results/titan/tumCounts/C_29/C_29.tumCounts.chrchr9.txt
    log: logs/titan/tumCounts/C_29/C_29.chrchr9.log
    jobid: 879
    wildcards: tumor=C_29, chr=chr9

[Tue Dec 15 21:26:03 2020]
Finished job 1045.
21 of 824 steps (3%) done
Select jobs to execute...

[Tue Dec 15 21:26:03 2020]
rule getAlleleCountsByChr:
    input: results/titan/hetPosns/C_41/C_41.chrchr12.vcf, /home/skevin/rb_pipeline/output/gatk/41-CL_1_recalibrated.bam
    output: results/titan/tumCounts/C_41/C_41.tumCounts.chrchr12.txt
    log: logs/titan/tumCounts/C_41/C_41.chrchr12.log
    jobid: 1044
    wildcards: tumor=C_41, chr=chr12

[Tue Dec 15 21:26:11 2020]
Finished job 611.
22 of 824 steps (3%) done
[Tue Dec 15 21:26:12 2020]
Finished job 654.
23 of 824 steps (3%) done
Select jobs to execute...

[Tue Dec 15 21:26:12 2020]
rule getAlleleCountsByChr:
    input: results/titan/hetPosns/C_43/C_43.chrchr8.vcf, /home/skevin/rb_pipeline/output/gatk/43-CL_1_recalibrated.bam
    output: results/titan/tumCounts/C_43/C_43.tumCounts.chrchr8.txt
    log: logs/titan/tumCounts/C_43/C_43.chrchr8.log
    jobid: 1089
    wildcards: tumor=C_43, chr=chr8


[Tue Dec 15 21:26:12 2020]
rule getAlleleCountsByChr:
    input: results/titan/hetPosns/C_14/C_14.chrchr4.vcf, /home/skevin/rb_pipeline/output/gatk/14-CL_1_recalibrated.bam
    output: results/titan/tumCounts/C_14/C_14.tumCounts.chrchr4.txt
    log: logs/titan/tumCounts/C_14/C_14.chrchr4.log
    jobid: 657
    wildcards: tumor=C_14, chr=chr4

[Tue Dec 15 21:26:53 2020]
Finished job 879.
24 of 824 steps (3%) done
[Tue Dec 15 21:26:59 2020]
Finished job 657.
25 of 824 steps (3%) done
[Tue Dec 15 21:27:03 2020]
Finished job 1089.
26 of 824 steps (3%) done
[Tue Dec 15 21:27:04 2020]
Finished job 1044.
27 of 824 steps (3%) done
[Tue Dec 15 21:28:19 2020]
Finished job 1016.
28 of 824 steps (3%) done
Select jobs to execute...

[Tue Dec 15 21:28:19 2020]
rule getHETsites:
    input: /home/skevin/rb_pipeline/output/gatk/43-N_1_recalibrated.bam
    output: results/titan/hetPosns/C_43/C_43.chrchr17.vcf
    log: logs/titan/hetPosns/C_43/C_43.chrchr17.log
    jobid: 1108
    wildcards: tumor=C_43, chr=chr17


[Tue Dec 15 21:28:19 2020]
rule getAlleleCountsByChr:
    input: results/titan/hetPosns/C_20/C_20.chrchr22.vcf, /home/skevin/rb_pipeline/output/gatk/20-CL_1_recalibrated.bam
    output: results/titan/tumCounts/C_20/C_20.tumCounts.chrchr22.txt
    log: logs/titan/tumCounts/C_20/C_20.chrchr22.log
    jobid: 746
    wildcards: tumor=C_20, chr=chr22


[Tue Dec 15 21:28:19 2020]
rule getAlleleCountsByChr:
    input: results/titan/hetPosns/C_43/C_43.chrchr9.vcf, /home/skevin/rb_pipeline/output/gatk/43-CL_1_recalibrated.bam
    output: results/titan/tumCounts/C_43/C_43.tumCounts.chrchr9.txt
    log: logs/titan/tumCounts/C_43/C_43.chrchr9.log
    jobid: 1091
    wildcards: tumor=C_43, chr=chr9


[Tue Dec 15 21:28:19 2020]
rule getHETsites:
    input: /home/skevin/rb_pipeline/output/gatk/48-N_1_recalibrated.bam
    output: results/titan/hetPosns/C_48/C_48.chrchr1.vcf
    log: logs/titan/hetPosns/C_48/C_48.chrchr1.log
    jobid: 1182
    wildcards: tumor=C_48, chr=chr1


[Tue Dec 15 21:28:19 2020]
rule getAlleleCountsByChr:
    input: results/titan/hetPosns/C_43/C_43.chrchr15.vcf, /home/skevin/rb_pipeline/output/gatk/43-CL_1_recalibrated.bam
    output: results/titan/tumCounts/C_43/C_43.tumCounts.chrchr15.txt
    log: logs/titan/tumCounts/C_43/C_43.chrchr15.log
    jobid: 1103
    wildcards: tumor=C_43, chr=chr15

[Tue Dec 15 21:28:34 2020]
Finished job 910.
29 of 824 steps (4%) done
Select jobs to execute...

[Tue Dec 15 21:28:34 2020]
rule getAlleleCountsByChr:
    input: results/titan/hetPosns/C_48/C_48.chrchr15.vcf, /home/skevin/rb_pipeline/output/gatk/48-CL_1_recalibrated.bam
    output: results/titan/tumCounts/C_48/C_48.tumCounts.chrchr15.txt
    log: logs/titan/tumCounts/C_48/C_48.chrchr15.log
    jobid: 1209
    wildcards: tumor=C_48, chr=chr15

[Tue Dec 15 21:28:48 2020]
Finished job 746.
30 of 824 steps (4%) done
[Tue Dec 15 21:29:00 2020]
Finished job 1103.
31 of 824 steps (4%) done
[Tue Dec 15 21:29:06 2020]
Finished job 1091.
32 of 824 steps (4%) done
[Tue Dec 15 21:29:12 2020]
Finished job 1209.
33 of 824 steps (4%) done
Terminating processes on user request, this might take some time.
[Tue Dec 15 21:29:15 2020]
Error in rule getHETsites:
    jobid: 1108
    output: results/titan/hetPosns/C_43/C_43.chrchr17.vcf
    log: logs/titan/hetPosns/C_43/C_43.chrchr17.log (check log file(s) for error message)
    shell:
        samtools mpileup -uv -I -f /dataVolume/storage/Homo_sapiens/UCSC/hg19/Sequence/BWAIndex/genome.fa -r chr17 -l /dataVolume/storage/Homo_sapiens/DBSNP/dbsnp_138.hg19.excluding_sites_after_129.vcf.gz /home/skevin/rb_pipeline/output/gatk/43-N_1_recalibrated.bam | bcftools call -v -c - | grep -e '0/1' -e '#' > results/titan/hetPosns/C_43/C_43.chrchr17.vcf 2> logs/titan/hetPosns/C_43/C_43.chrchr17.log
        (one of the commands exited with non-zero exit code; note that snakemake uses bash strict mode!)

Removing output files of failed job getHETsites since they might be corrupted:
results/titan/hetPosns/C_43/C_43.chrchr17.vcf
[Tue Dec 15 21:29:15 2020]
Error in rule getHETsites:
    jobid: 1182
    output: results/titan/hetPosns/C_48/C_48.chrchr1.vcf
    log: logs/titan/hetPosns/C_48/C_48.chrchr1.log (check log file(s) for error message)
    shell:
        samtools mpileup -uv -I -f /dataVolume/storage/Homo_sapiens/UCSC/hg19/Sequence/BWAIndex/genome.fa -r chr1 -l /dataVolume/storage/Homo_sapiens/DBSNP/dbsnp_138.hg19.excluding_sites_after_129.vcf.gz /home/skevin/rb_pipeline/output/gatk/48-N_1_recalibrated.bam | bcftools call -v -c - | grep -e '0/1' -e '#' > results/titan/hetPosns/C_48/C_48.chrchr1.vcf 2> logs/titan/hetPosns/C_48/C_48.chrchr1.log
        (one of the commands exited with non-zero exit code; note that snakemake uses bash strict mode!)

Removing output files of failed job getHETsites since they might be corrupted:
results/titan/hetPosns/C_48/C_48.chrchr1.vcf
Complete log: /dataVolume/storage/rb_pipeline/titancna/.snakemake/log/2020-12-15T212021.832618.snakemake.log
