Building DAG of jobs...
Using shell: /bin/bash
Provided cores: 6
Rules claiming more threads will be scaled down.
Job counts:
	count	jobs
	1	all
	12	catAlleleCountFiles
	48	combineTitanAndIchorCNA
	1	copyOptSolution
	276	getAlleleCountsByChr
	276	getHETsites
	12	ichorCNA
	24	read_counter
	48	runTitanCNA
	1	selectSolution
	699
Select jobs to execute...

[Tue Dec 15 15:53:22 2020]
rule getHETsites:
    input: /home/skevin/rb_pipeline/output/gatk/14-N_1_recalibrated.bam
    output: results/titan/hetPosns/T_14/T_14.chrchr21.vcf
    log: logs/titan/hetPosns/T_14/T_14.chrchr21.log
    jobid: 44
    wildcards: tumor=T_14, chr=chr21


[Tue Dec 15 15:53:22 2020]
rule getHETsites:
    input: /home/skevin/rb_pipeline/output/gatk/33-N_1_recalibrated.bam
    output: results/titan/hetPosns/T_33/T_33.chrchr14.vcf
    log: logs/titan/hetPosns/T_33/T_33.chrchr14.log
    jobid: 354
    wildcards: tumor=T_33, chr=chr14


[Tue Dec 15 15:53:22 2020]
rule getHETsites:
    input: /home/skevin/rb_pipeline/output/gatk/41-N_1_recalibrated.bam
    output: results/titan/hetPosns/T_41/T_41.chrchr15.vcf
    log: logs/titan/hetPosns/T_41/T_41.chrchr15.log
    jobid: 410
    wildcards: tumor=T_41, chr=chr15


[Tue Dec 15 15:53:22 2020]
rule read_counter:
    input: /home/skevin/rb_pipeline/output/gatk/48-T_1_recalibrated.bam
    output: results/readDepth/T_48.bin50000.wig
    log: logs/readDepth/T_48.bin50000.log
    jobid: 590
    wildcards: samples=T_48, binSize=50000
    resources: mem=4


[Tue Dec 15 15:53:22 2020]
rule getHETsites:
    input: /home/skevin/rb_pipeline/output/gatk/49-N_1_recalibrated.bam
    output: results/titan/hetPosns/T_49/T_49.chrchr12.vcf
    log: logs/titan/hetPosns/T_49/T_49.chrchr12.log
    jobid: 620
    wildcards: tumor=T_49, chr=chr12


[Tue Dec 15 15:53:22 2020]
rule getHETsites:
    input: /home/skevin/rb_pipeline/output/gatk/29-N_1_recalibrated.bam
    output: results/titan/hetPosns/T_29/T_29.chrchr3.vcf
    log: logs/titan/hetPosns/T_29/T_29.chrchr3.log
    jobid: 224
    wildcards: tumor=T_29, chr=chr3

[Tue Dec 15 15:53:59 2020]
Finished job 44.
1 of 699 steps (0.14%) done
Select jobs to execute...

[Tue Dec 15 15:53:59 2020]
rule read_counter:
    input: /home/skevin/rb_pipeline/output/gatk/43-T_1_recalibrated.bam
    output: results/readDepth/T_43.bin50000.wig
    log: logs/readDepth/T_43.bin50000.log
    jobid: 482
    wildcards: samples=T_43, binSize=50000
    resources: mem=4

[Tue Dec 15 15:54:41 2020]
Finished job 410.
2 of 699 steps (0.29%) done
Select jobs to execute...

[Tue Dec 15 15:54:41 2020]
rule getHETsites:
    input: /home/skevin/rb_pipeline/output/gatk/28-N_1_recalibrated.bam
    output: results/titan/hetPosns/T_28/T_28.chrchr14.vcf
    log: logs/titan/hetPosns/T_28/T_28.chrchr14.log
    jobid: 192
    wildcards: tumor=T_28, chr=chr14

[Tue Dec 15 15:55:01 2020]
Finished job 620.
3 of 699 steps (0.43%) done
Select jobs to execute...

[Tue Dec 15 15:55:01 2020]
rule read_counter:
    input: /home/skevin/rb_pipeline/output/gatk/28-N_1_recalibrated.bam
    output: results/readDepth/N_28.bin50000.wig
    log: logs/readDepth/N_28.bin50000.log
    jobid: 213
    wildcards: samples=N_28, binSize=50000
    resources: mem=4

[Tue Dec 15 15:55:05 2020]
Finished job 354.
4 of 699 steps (0.57%) done
Select jobs to execute...

[Tue Dec 15 15:55:05 2020]
rule getHETsites:
    input: /home/skevin/rb_pipeline/output/gatk/28-N_1_recalibrated.bam
    output: results/titan/hetPosns/T_28/T_28.chrchr2.vcf
    log: logs/titan/hetPosns/T_28/T_28.chrchr2.log
    jobid: 168
    wildcards: tumor=T_28, chr=chr2

[Tue Dec 15 15:55:11 2020]
Finished job 224.
5 of 699 steps (0.72%) done
Select jobs to execute...

[Tue Dec 15 15:55:11 2020]
rule getHETsites:
    input: /home/skevin/rb_pipeline/output/gatk/14-N_1_recalibrated.bam
    output: results/titan/hetPosns/T_14/T_14.chrchr16.vcf
    log: logs/titan/hetPosns/T_14/T_14.chrchr16.log
    jobid: 34
    wildcards: tumor=T_14, chr=chr16

[Tue Dec 15 15:56:00 2020]
Finished job 192.
6 of 699 steps (0.86%) done
Select jobs to execute...

[Tue Dec 15 15:56:00 2020]
rule getHETsites:
    input: /home/skevin/rb_pipeline/output/gatk/24-N_1_recalibrated.bam
    output: results/titan/hetPosns/T_24/T_24.chrchr14.vcf
    log: logs/titan/hetPosns/T_24/T_24.chrchr14.log
    jobid: 138
    wildcards: tumor=T_24, chr=chr14

[Tue Dec 15 15:56:34 2020]
Finished job 34.
7 of 699 steps (1%) done
Select jobs to execute...

[Tue Dec 15 15:56:34 2020]
rule getHETsites:
    input: /home/skevin/rb_pipeline/output/gatk/46-N_1_recalibrated.bam
    output: results/titan/hetPosns/T_46/T_46.chrchrX.vcf
    log: logs/titan/hetPosns/T_46/T_46.chrchrX.log
    jobid: 534
    wildcards: tumor=T_46, chr=chrX

[Tue Dec 15 15:57:19 2020]
Finished job 138.
8 of 699 steps (1%) done
Select jobs to execute...

[Tue Dec 15 15:57:19 2020]
rule getHETsites:
    input: /home/skevin/rb_pipeline/output/gatk/43-N_1_recalibrated.bam
    output: results/titan/hetPosns/T_43/T_43.chrchr5.vcf
    log: logs/titan/hetPosns/T_43/T_43.chrchr5.log
    jobid: 444
    wildcards: tumor=T_43, chr=chr5

[Tue Dec 15 15:57:23 2020]
Finished job 168.
9 of 699 steps (1%) done
Select jobs to execute...

[Tue Dec 15 15:57:23 2020]
rule getHETsites:
    input: /home/skevin/rb_pipeline/output/gatk/41-N_1_recalibrated.bam
    output: results/titan/hetPosns/T_41/T_41.chrchr17.vcf
    log: logs/titan/hetPosns/T_41/T_41.chrchr17.log
    jobid: 414
    wildcards: tumor=T_41, chr=chr17

[Tue Dec 15 15:57:33 2020]
Finished job 534.
10 of 699 steps (1%) done
Select jobs to execute...

[Tue Dec 15 15:57:33 2020]
rule getHETsites:
    input: /home/skevin/rb_pipeline/output/gatk/31-N_1_recalibrated.bam
    output: results/titan/hetPosns/T_31/T_31.chrchr8.vcf
    log: logs/titan/hetPosns/T_31/T_31.chrchr8.log
    jobid: 288
    wildcards: tumor=T_31, chr=chr8

[Tue Dec 15 15:58:12 2020]
Finished job 482.
11 of 699 steps (2%) done
[Tue Dec 15 15:58:47 2020]
Finished job 288.
12 of 699 steps (2%) done
Select jobs to execute...

[Tue Dec 15 15:58:47 2020]
rule getHETsites:
    input: /home/skevin/rb_pipeline/output/gatk/31-N_1_recalibrated.bam
    output: results/titan/hetPosns/T_31/T_31.chrchr17.vcf
    log: logs/titan/hetPosns/T_31/T_31.chrchr17.log
    jobid: 306
    wildcards: tumor=T_31, chr=chr17


[Tue Dec 15 15:58:47 2020]
rule getAlleleCountsByChr:
    input: results/titan/hetPosns/T_49/T_49.chrchr12.vcf, /home/skevin/rb_pipeline/output/gatk/49-T_1_recalibrated.bam
    output: results/titan/tumCounts/T_49/T_49.tumCounts.chrchr12.txt
    log: logs/titan/tumCounts/T_49/T_49.chrchr12.log
    jobid: 619
    wildcards: tumor=T_49, chr=chr12

[Tue Dec 15 15:58:47 2020]
Error in rule getAlleleCountsByChr:
    jobid: 619
    output: results/titan/tumCounts/T_49/T_49.tumCounts.chrchr12.txt
    log: logs/titan/tumCounts/T_49/T_49.chrchr12.log (check log file(s) for error message)
    shell:
        python code/countPysam.py chr12 results/titan/hetPosns/T_49/T_49.chrchr12.vcf /home/skevin/rb_pipeline/output/gatk/49-T_1_recalibrated.bam 10 10 100 > results/titan/tumCounts/T_49/T_49.tumCounts.chrchr12.txt 2> logs/titan/tumCounts/T_49/T_49.chrchr12.log
        (one of the commands exited with non-zero exit code; note that snakemake uses bash strict mode!)

Removing output files of failed job getAlleleCountsByChr since they might be corrupted:
results/titan/tumCounts/T_49/T_49.tumCounts.chrchr12.txt
[Tue Dec 15 15:59:02 2020]
Finished job 213.
13 of 699 steps (2%) done
[Tue Dec 15 15:59:09 2020]
Finished job 414.
14 of 699 steps (2%) done
[Tue Dec 15 15:59:12 2020]
Finished job 444.
15 of 699 steps (2%) done
[Tue Dec 15 16:00:03 2020]
Finished job 306.
16 of 699 steps (2%) done
[Tue Dec 15 16:00:13 2020]
Finished job 590.
17 of 699 steps (2%) done
Shutting down, this might take some time.
Exiting because a job execution failed. Look above for error message
Complete log: /dataVolume/storage/rb_pipeline/titancna/.snakemake/log/2020-12-15T155321.720844.snakemake.log
